[2021-08-23 20:07:34]--[src_cgi/login_cgi.c:287]--buf = {
    "pwd": "e10adc3949ba59abbe56e057f20f883e",
    "user": "liult"
}

[2021-08-23 20:07:34]--[src_cgi/login_cgi.c:293]--username = liult, pwd = e10adc3949ba59abbe56e057f20f883e
[2021-08-23 20:07:34]--[src_cgi/login_cgi.c:100]--mysql_user = root, mysql_pwd = 123, mysql_db = 0voice_cloud_disk
[2021-08-23 20:07:34]--[src_cgi/login_cgi.c:160]--redis:[ip=127.0.0.1,port=6379]
[2021-08-23 20:07:34]--[src_cgi/login_cgi.c:184]--tmp = liult261433399754
[2021-08-23 20:07:34]--[src_cgi/login_cgi.c:200]--base64 = Yr63TJsvhbijMAlf1m/zBp+HwxKUAZ0k
[2021-08-23 20:07:34]--[src_cgi/login_cgi.c:302]--token = a1938422f12c17bd542687340e75801b
[2021-08-23 21:57:14]--[src_cgi/login_cgi.c:287]--buf = {
    "pwd": "e10adc3949ba59abbe56e057f20f883e",
    "user": "liult"
}

[2021-08-23 21:57:14]--[src_cgi/login_cgi.c:293]--username = liult, pwd = e10adc3949ba59abbe56e057f20f883e
[2021-08-23 21:57:14]--[src_cgi/login_cgi.c:100]--mysql_user = root, mysql_pwd = 123, mysql_db = 0voice_cloud_disk
[2021-08-23 21:57:14]--[src_cgi/login_cgi.c:160]--redis:[ip=127.0.0.1,port=6379]
[2021-08-23 21:57:14]--[src_cgi/login_cgi.c:184]--tmp = liult11548745870
[2021-08-23 21:57:14]--[src_cgi/login_cgi.c:200]--base64 = j3P4Ugv0tNyYVcZGlY8aLi0ZxLNK7pNJ
[2021-08-23 21:57:14]--[src_cgi/login_cgi.c:302]--token = 89c5326ff3e72dc36ffe2ac06293ccea
