[2021-08-24 16:59:45]--[src_cgi/login_cgi.c:287]--buf = {
    "pwd": "e10adc3949ba59abbe56e057f20f883e",
    "user": "liult"
}

[2021-08-24 16:59:45]--[src_cgi/login_cgi.c:293]--username = liult, pwd = e10adc3949ba59abbe56e057f20f883e
[2021-08-24 16:59:45]--[src_cgi/login_cgi.c:100]--mysql_user = root, mysql_pwd = 123, mysql_db = 0voice_cloud_disk
[2021-08-24 16:59:45]--[src_cgi/login_cgi.c:160]--redis:[ip=127.0.0.1,port=6379]
[2021-08-24 16:59:45]--[src_cgi/login_cgi.c:184]--tmp = liult129675505997
[2021-08-24 16:59:45]--[src_cgi/login_cgi.c:200]--base64 = hqJ3Xxjw6sOFhwaVAgcyKfUujTBmz0dF
[2021-08-24 16:59:45]--[src_cgi/login_cgi.c:302]--token = 63c3c6cad6d451ddf0e81f68614f34e3
[2021-08-24 16:59:55]--[src_cgi/login_cgi.c:287]--buf = {
    "pwd": "e10adc3949ba59abbe56e057f20f883e",
    "user": "liult"
}

[2021-08-24 16:59:55]--[src_cgi/login_cgi.c:293]--username = liult, pwd = e10adc3949ba59abbe56e057f20f883e
[2021-08-24 16:59:55]--[src_cgi/login_cgi.c:100]--mysql_user = root, mysql_pwd = 123, mysql_db = 0voice_cloud_disk
[2021-08-24 16:59:55]--[src_cgi/login_cgi.c:160]--redis:[ip=127.0.0.1,port=6379]
[2021-08-24 16:59:55]--[src_cgi/login_cgi.c:184]--tmp = liult809135871339
[2021-08-24 16:59:55]--[src_cgi/login_cgi.c:200]--base64 = 7+u7s5DFlBfg0y7u21X4GlzqyK7PQug1
[2021-08-24 16:59:55]--[src_cgi/login_cgi.c:302]--token = 1a49ab9bfbc03a6c4c40c49329e20591
[2021-08-24 17:08:15]--[src_cgi/login_cgi.c:287]--buf = {
    "pwd": "e10adc3949ba59abbe56e057f20f883e",
    "user": "liult"
}

[2021-08-24 17:08:15]--[src_cgi/login_cgi.c:293]--username = liult, pwd = e10adc3949ba59abbe56e057f20f883e
[2021-08-24 17:08:15]--[src_cgi/login_cgi.c:100]--mysql_user = root, mysql_pwd = 123, mysql_db = 0voice_cloud_disk
[2021-08-24 17:08:15]--[src_cgi/login_cgi.c:160]--redis:[ip=127.0.0.1,port=6379]
[2021-08-24 17:08:15]--[src_cgi/login_cgi.c:184]--tmp = liult62494825841
[2021-08-24 17:08:15]--[src_cgi/login_cgi.c:200]--base64 = uX9G8xIphbq0Xzs7foXLdS0ZxLNK7pNJ
[2021-08-24 17:08:15]--[src_cgi/login_cgi.c:302]--token = 021d7ea49c95a5433f6124b1fb341742
[2021-08-24 17:38:56]--[src_cgi/login_cgi.c:287]--buf = {
    "pwd": "e10adc3949ba59abbe56e057f20f883e",
    "user": "liult"
}

[2021-08-24 17:38:56]--[src_cgi/login_cgi.c:293]--username = liult, pwd = e10adc3949ba59abbe56e057f20f883e
[2021-08-24 17:38:56]--[src_cgi/login_cgi.c:100]--mysql_user = root, mysql_pwd = 123, mysql_db = 0voice_cloud_disk
[2021-08-24 17:38:56]--[src_cgi/login_cgi.c:160]--redis:[ip=127.0.0.1,port=6379]
[2021-08-24 17:38:56]--[src_cgi/login_cgi.c:184]--tmp = liult909803661109
[2021-08-24 17:38:56]--[src_cgi/login_cgi.c:200]--base64 = BXt+rjmfpQe57qt/YicmyVzqyK7PQug1
[2021-08-24 17:38:56]--[src_cgi/login_cgi.c:302]--token = 520094623adbf478c4c915929b18ca4e
