[2021-08-25 09:11:08]--[src_cgi/login_cgi.c:287]--buf = {
    "pwd": "e10adc3949ba59abbe56e057f20f883e",
    "user": "liult"
}

[2021-08-25 09:11:08]--[src_cgi/login_cgi.c:293]--username = liult, pwd = e10adc3949ba59abbe56e057f20f883e
[2021-08-25 09:11:08]--[src_cgi/login_cgi.c:100]--mysql_user = root, mysql_pwd = 123, mysql_db = 0voice_cloud_disk
[2021-08-25 09:11:08]--[src_cgi/login_cgi.c:160]--redis:[ip=127.0.0.1,port=6379]
[2021-08-25 09:11:08]--[src_cgi/login_cgi.c:184]--tmp = liult3894923883
[2021-08-25 09:11:08]--[src_cgi/login_cgi.c:200]--base64 = PWlSb4KEgr/reMLSKt+9VQ==
[2021-08-25 09:11:08]--[src_cgi/login_cgi.c:302]--token = d26efa30b6a01cdaa16758bfd02ad96b
[2021-08-25 10:08:18]--[src_cgi/login_cgi.c:287]--buf = {
    "pwd": "e10adc3949ba59abbe56e057f20f883e",
    "user": "milo"
}

[2021-08-25 10:08:18]--[src_cgi/login_cgi.c:293]--username = milo, pwd = e10adc3949ba59abbe56e057f20f883e
[2021-08-25 10:08:18]--[src_cgi/login_cgi.c:100]--mysql_user = root, mysql_pwd = 123, mysql_db = 0voice_cloud_disk
[2021-08-25 10:08:18]--[src_cgi/login_cgi.c:160]--redis:[ip=127.0.0.1,port=6379]
[2021-08-25 10:08:18]--[src_cgi/login_cgi.c:184]--tmp = milo716780914202
[2021-08-25 10:08:18]--[src_cgi/login_cgi.c:200]--base64 = 4ZAkwDvY57Y9rJN/3wafzC0ZxLNK7pNJ
[2021-08-25 10:08:18]--[src_cgi/login_cgi.c:302]--token = 3a05fd00a155b53039919abee289afb7
