[2021-08-25 09:11:08]--[src_cgi/myfiles_cgi.c:504]--cmd = count
[2021-08-25 09:11:08]--[src_cgi/myfiles_cgi.c:536]--buf = {
    "token": "d26efa30b6a01cdaa16758bfd02ad96b",
    "user": "liult"
}

[2021-08-25 09:11:08]--[src_cgi/myfiles_cgi.c:175]--line = 4
[2021-08-25 09:11:08]--[src_cgi/myfiles_cgi.c:504]--cmd = normal
[2021-08-25 09:11:08]--[src_cgi/myfiles_cgi.c:536]--buf = {
    "count": 4,
    "start": 0,
    "token": "d26efa30b6a01cdaa16758bfd02ad96b",
    "user": "liult"
}

[2021-08-25 09:11:08]--[src_cgi/myfiles_cgi.c:556]--user = liult, token = d26efa30b6a01cdaa16758bfd02ad96b, start = 0, count = 4
[2021-08-25 09:11:08]--[src_cgi/myfiles_cgi.c:305]--select user_file_list.*, file_info.url, file_info.size, file_info.type from file_info, user_file_list where user = 'liult' and file_info.md5 = user_file_list.md5 limit 0, 4 在操作
[2021-08-25 09:11:08]--[src_cgi/myfiles_cgi.c:436]--{
	"files":	[{
			"user":	"liult",
			"md5":	"17669b63cad4793b285b61ccb1df7f46",
			"create_time":	"2021-07-27 18:30:05",
			"file_name":	"bazel1.png",
			"share_status":	0,
			"pv":	1,
			"url":	"http://47.108.75.171:80/group1/M00/00/00/rBT4p2D_4C2ActHRAACPRAVTRKk238.png",
			"size":	36676,
			"type":	"png"
		}, {
			"user":	"liult",
			"md5":	"79ae4d9361d0b859e367006d6bbe6203",
			"create_time":	"2021-07-27 18:43:06",
			"file_name":	"bazel2.png",
			"share_status":	1,
			"pv":	1,
			"url":	"http://47.108.75.171:80/group1/M00/00/00/rBT4p2D_4zqAaPjRAACXKrLG1Nc031.png",
			"size":	38698,
			"type":	"png"
		}, {
			"user":	"liult",
			"md5":	"8b110e6b9b31ab66028406cf26cbfb49",
			"create_time":	"2021-08-23 20:07:56",
			"file_name":	"新建文本文档.txt",
			"share_status":	0,
			"pv":	2,
			"url":	"http://47.108.75.171:80/group1/M00/00/00/rBT4p2Ejj5yAH8EAAAABylT3ewo424.txt",
			"size":	458,
			"type":	"txt"
		}, {
			"user":	"liult",
			"md5":	"d1d91fce03a7c6f84962fe61dbeb4f08",
			"create_time":	"2021-08-24 17:00:38",
			"file_name":	"favicon.ico",
			"share_status":	0,
			"pv":	0,
			"url":	"http://47.108.75.171:80/group1/M00/00/00/rBT4p2EktTaAGrVvAAAQvn20nRo738.ico",
			"size":	4286,
			"type":	"ico"
		}]
}
[2021-08-25 09:11:13]--[src_cgi/myfiles_cgi.c:504]--cmd = count
[2021-08-25 09:11:13]--[src_cgi/myfiles_cgi.c:536]--buf = {
    "token": "d26efa30b6a01cdaa16758bfd02ad96b",
    "user": "liult"
}

[2021-08-25 09:11:13]--[src_cgi/myfiles_cgi.c:175]--line = 4
[2021-08-25 09:11:13]--[src_cgi/myfiles_cgi.c:504]--cmd = normal
[2021-08-25 09:11:13]--[src_cgi/myfiles_cgi.c:536]--buf = {
    "count": 4,
    "start": 0,
    "token": "d26efa30b6a01cdaa16758bfd02ad96b",
    "user": "liult"
}

[2021-08-25 09:11:13]--[src_cgi/myfiles_cgi.c:556]--user = liult, token = d26efa30b6a01cdaa16758bfd02ad96b, start = 0, count = 4
[2021-08-25 09:11:13]--[src_cgi/myfiles_cgi.c:305]--select user_file_list.*, file_info.url, file_info.size, file_info.type from file_info, user_file_list where user = 'liult' and file_info.md5 = user_file_list.md5 limit 0, 4 在操作
[2021-08-25 09:11:13]--[src_cgi/myfiles_cgi.c:436]--{
	"files":	[{
			"user":	"liult",
			"md5":	"17669b63cad4793b285b61ccb1df7f46",
			"create_time":	"2021-07-27 18:30:05",
			"file_name":	"bazel1.png",
			"share_status":	0,
			"pv":	1,
			"url":	"http://47.108.75.171:80/group1/M00/00/00/rBT4p2D_4C2ActHRAACPRAVTRKk238.png",
			"size":	36676,
			"type":	"png"
		}, {
			"user":	"liult",
			"md5":	"79ae4d9361d0b859e367006d6bbe6203",
			"create_time":	"2021-07-27 18:43:06",
			"file_name":	"bazel2.png",
			"share_status":	1,
			"pv":	1,
			"url":	"http://47.108.75.171:80/group1/M00/00/00/rBT4p2D_4zqAaPjRAACXKrLG1Nc031.png",
			"size":	38698,
			"type":	"png"
		}, {
			"user":	"liult",
			"md5":	"8b110e6b9b31ab66028406cf26cbfb49",
			"create_time":	"2021-08-23 20:07:56",
			"file_name":	"新建文本文档.txt",
			"share_status":	0,
			"pv":	2,
			"url":	"http://47.108.75.171:80/group1/M00/00/00/rBT4p2Ejj5yAH8EAAAABylT3ewo424.txt",
			"size":	458,
			"type":	"txt"
		}, {
			"user":	"liult",
			"md5":	"d1d91fce03a7c6f84962fe61dbeb4f08",
			"create_time":	"2021-08-24 17:00:38",
			"file_name":	"favicon.ico",
			"share_status":	0,
			"pv":	0,
			"url":	"http://47.108.75.171:80/group1/M00/00/00/rBT4p2EktTaAGrVvAAAQvn20nRo738.ico",
			"size":	4286,
			"type":	"ico"
		}]
}
[2021-08-25 10:08:18]--[src_cgi/myfiles_cgi.c:504]--cmd = count
[2021-08-25 10:08:18]--[src_cgi/myfiles_cgi.c:536]--buf = {
    "token": "3a05fd00a155b53039919abee289afb7",
    "user": "milo"
}

[2021-08-25 10:08:18]--[src_cgi/myfiles_cgi.c:163]--select count from user_file_count where user='milo' 操作失败
[2021-08-25 10:08:18]--[src_cgi/myfiles_cgi.c:175]--line = 0
[2021-08-25 10:08:31]--[src_cgi/myfiles_cgi.c:504]--cmd = count
[2021-08-25 10:08:31]--[src_cgi/myfiles_cgi.c:536]--buf = {
    "token": "3a05fd00a155b53039919abee289afb7",
    "user": "milo"
}

[2021-08-25 10:08:31]--[src_cgi/myfiles_cgi.c:175]--line = 1
[2021-08-25 10:08:31]--[src_cgi/myfiles_cgi.c:504]--cmd = normal
[2021-08-25 10:08:31]--[src_cgi/myfiles_cgi.c:536]--buf = {
    "count": 1,
    "start": 0,
    "token": "3a05fd00a155b53039919abee289afb7",
    "user": "milo"
}

[2021-08-25 10:08:31]--[src_cgi/myfiles_cgi.c:556]--user = milo, token = 3a05fd00a155b53039919abee289afb7, start = 0, count = 1
[2021-08-25 10:08:31]--[src_cgi/myfiles_cgi.c:305]--select user_file_list.*, file_info.url, file_info.size, file_info.type from file_info, user_file_list where user = 'milo' and file_info.md5 = user_file_list.md5 limit 0, 1 在操作
[2021-08-25 10:08:31]--[src_cgi/myfiles_cgi.c:436]--{
	"files":	[{
			"user":	"milo",
			"md5":	"17669b63cad4793b285b61ccb1df7f46",
			"create_time":	"2021-08-25 10:08:27",
			"file_name":	"bazel1.png",
			"share_status":	0,
			"pv":	0,
			"url":	"http://47.108.75.171:80/group1/M00/00/00/rBT4p2D_4C2ActHRAACPRAVTRKk238.png",
			"size":	36676,
			"type":	"png"
		}]
}
[2021-08-25 10:25:47]--[src_cgi/myfiles_cgi.c:504]--cmd = count
[2021-08-25 10:25:47]--[src_cgi/myfiles_cgi.c:536]--buf = {
    "token": "3a05fd00a155b53039919abee289afb7",
    "user": "milo"
}

[2021-08-25 10:25:47]--[src_cgi/myfiles_cgi.c:175]--line = 2
[2021-08-25 10:25:47]--[src_cgi/myfiles_cgi.c:504]--cmd = normal
[2021-08-25 10:25:47]--[src_cgi/myfiles_cgi.c:536]--buf = {
    "count": 2,
    "start": 0,
    "token": "3a05fd00a155b53039919abee289afb7",
    "user": "milo"
}

[2021-08-25 10:25:47]--[src_cgi/myfiles_cgi.c:556]--user = milo, token = 3a05fd00a155b53039919abee289afb7, start = 0, count = 2
[2021-08-25 10:25:47]--[src_cgi/myfiles_cgi.c:305]--select user_file_list.*, file_info.url, file_info.size, file_info.type from file_info, user_file_list where user = 'milo' and file_info.md5 = user_file_list.md5 limit 0, 2 在操作
[2021-08-25 10:25:47]--[src_cgi/myfiles_cgi.c:436]--{
	"files":	[{
			"user":	"milo",
			"md5":	"17669b63cad4793b285b61ccb1df7f46",
			"create_time":	"2021-08-25 10:08:27",
			"file_name":	"bazel1.png",
			"share_status":	0,
			"pv":	0,
			"url":	"http://47.108.75.171:80/group1/M00/00/00/rBT4p2D_4C2ActHRAACPRAVTRKk238.png",
			"size":	36676,
			"type":	"png"
		}, {
			"user":	"milo",
			"md5":	"dcfe30f02e1e5557f4e327c08eadb3d4",
			"create_time":	"2021-08-25 10:08:57",
			"file_name":	"python2.png",
			"share_status":	0,
			"pv":	0,
			"url":	"http://47.108.75.171:80/group1/M00/00/00/rBT4p2ElpjmARKGBAAAeKmPz98Q863.png",
			"size":	7722,
			"type":	"png"
		}]
}
[2021-08-25 10:25:53]--[src_cgi/myfiles_cgi.c:504]--cmd = count
[2021-08-25 10:25:53]--[src_cgi/myfiles_cgi.c:536]--buf = {
    "token": "3a05fd00a155b53039919abee289afb7",
    "user": "milo"
}

[2021-08-25 10:25:53]--[src_cgi/myfiles_cgi.c:175]--line = 2
[2021-08-25 10:25:53]--[src_cgi/myfiles_cgi.c:504]--cmd = normal
[2021-08-25 10:25:53]--[src_cgi/myfiles_cgi.c:536]--buf = {
    "count": 2,
    "start": 0,
    "token": "3a05fd00a155b53039919abee289afb7",
    "user": "milo"
}

[2021-08-25 10:25:53]--[src_cgi/myfiles_cgi.c:556]--user = milo, token = 3a05fd00a155b53039919abee289afb7, start = 0, count = 2
[2021-08-25 10:25:53]--[src_cgi/myfiles_cgi.c:305]--select user_file_list.*, file_info.url, file_info.size, file_info.type from file_info, user_file_list where user = 'milo' and file_info.md5 = user_file_list.md5 limit 0, 2 在操作
[2021-08-25 10:25:53]--[src_cgi/myfiles_cgi.c:436]--{
	"files":	[{
			"user":	"milo",
			"md5":	"17669b63cad4793b285b61ccb1df7f46",
			"create_time":	"2021-08-25 10:08:27",
			"file_name":	"bazel1.png",
			"share_status":	0,
			"pv":	0,
			"url":	"http://47.108.75.171:80/group1/M00/00/00/rBT4p2D_4C2ActHRAACPRAVTRKk238.png",
			"size":	36676,
			"type":	"png"
		}, {
			"user":	"milo",
			"md5":	"dcfe30f02e1e5557f4e327c08eadb3d4",
			"create_time":	"2021-08-25 10:08:57",
			"file_name":	"python2.png",
			"share_status":	0,
			"pv":	0,
			"url":	"http://47.108.75.171:80/group1/M00/00/00/rBT4p2ElpjmARKGBAAAeKmPz98Q863.png",
			"size":	7722,
			"type":	"png"
		}]
}
[2021-08-25 11:35:35]--[src_cgi/myfiles_cgi.c:504]--cmd = count
[2021-08-25 11:35:35]--[src_cgi/myfiles_cgi.c:536]--buf = {
    "token": "3a05fd00a155b53039919abee289afb7",
    "user": "milo"
}

[2021-08-25 11:35:35]--[src_cgi/myfiles_cgi.c:175]--line = 2
[2021-08-25 11:35:35]--[src_cgi/myfiles_cgi.c:504]--cmd = normal
[2021-08-25 11:35:35]--[src_cgi/myfiles_cgi.c:536]--buf = {
    "count": 2,
    "start": 0,
    "token": "3a05fd00a155b53039919abee289afb7",
    "user": "milo"
}

[2021-08-25 11:35:35]--[src_cgi/myfiles_cgi.c:556]--user = milo, token = 3a05fd00a155b53039919abee289afb7, start = 0, count = 2
[2021-08-25 11:35:35]--[src_cgi/myfiles_cgi.c:305]--select user_file_list.*, file_info.url, file_info.size, file_info.type from file_info, user_file_list where user = 'milo' and file_info.md5 = user_file_list.md5 limit 0, 2 在操作
[2021-08-25 11:35:35]--[src_cgi/myfiles_cgi.c:436]--{
	"files":	[{
			"user":	"milo",
			"md5":	"17669b63cad4793b285b61ccb1df7f46",
			"create_time":	"2021-08-25 10:08:27",
			"file_name":	"bazel1.png",
			"share_status":	0,
			"pv":	0,
			"url":	"http://47.108.75.171:80/group1/M00/00/00/rBT4p2D_4C2ActHRAACPRAVTRKk238.png",
			"size":	36676,
			"type":	"png"
		}, {
			"user":	"milo",
			"md5":	"dcfe30f02e1e5557f4e327c08eadb3d4",
			"create_time":	"2021-08-25 10:08:57",
			"file_name":	"python2.png",
			"share_status":	0,
			"pv":	0,
			"url":	"http://47.108.75.171:80/group1/M00/00/00/rBT4p2ElpjmARKGBAAAeKmPz98Q863.png",
			"size":	7722,
			"type":	"png"
		}]
}
[2021-08-25 11:35:37]--[src_cgi/myfiles_cgi.c:504]--cmd = count
[2021-08-25 11:35:37]--[src_cgi/myfiles_cgi.c:536]--buf = {
    "token": "3a05fd00a155b53039919abee289afb7",
    "user": "milo"
}

[2021-08-25 11:35:37]--[src_cgi/myfiles_cgi.c:175]--line = 2
[2021-08-25 11:35:37]--[src_cgi/myfiles_cgi.c:504]--cmd = normal
[2021-08-25 11:35:37]--[src_cgi/myfiles_cgi.c:536]--buf = {
    "count": 2,
    "start": 0,
    "token": "3a05fd00a155b53039919abee289afb7",
    "user": "milo"
}

[2021-08-25 11:35:37]--[src_cgi/myfiles_cgi.c:556]--user = milo, token = 3a05fd00a155b53039919abee289afb7, start = 0, count = 2
[2021-08-25 11:35:37]--[src_cgi/myfiles_cgi.c:305]--select user_file_list.*, file_info.url, file_info.size, file_info.type from file_info, user_file_list where user = 'milo' and file_info.md5 = user_file_list.md5 limit 0, 2 在操作
[2021-08-25 11:35:37]--[src_cgi/myfiles_cgi.c:436]--{
	"files":	[{
			"user":	"milo",
			"md5":	"17669b63cad4793b285b61ccb1df7f46",
			"create_time":	"2021-08-25 10:08:27",
			"file_name":	"bazel1.png",
			"share_status":	0,
			"pv":	0,
			"url":	"http://47.108.75.171:80/group1/M00/00/00/rBT4p2D_4C2ActHRAACPRAVTRKk238.png",
			"size":	36676,
			"type":	"png"
		}, {
			"user":	"milo",
			"md5":	"dcfe30f02e1e5557f4e327c08eadb3d4",
			"create_time":	"2021-08-25 10:08:57",
			"file_name":	"python2.png",
			"share_status":	0,
			"pv":	0,
			"url":	"http://47.108.75.171:80/group1/M00/00/00/rBT4p2ElpjmARKGBAAAeKmPz98Q863.png",
			"size":	7722,
			"type":	"png"
		}]
}
[2021-08-25 11:35:39]--[src_cgi/myfiles_cgi.c:504]--cmd = count
[2021-08-25 11:35:39]--[src_cgi/myfiles_cgi.c:536]--buf = {
    "token": "3a05fd00a155b53039919abee289afb7",
    "user": "milo"
}

[2021-08-25 11:35:39]--[src_cgi/myfiles_cgi.c:175]--line = 2
[2021-08-25 11:35:39]--[src_cgi/myfiles_cgi.c:504]--cmd = normal
[2021-08-25 11:35:39]--[src_cgi/myfiles_cgi.c:536]--buf = {
    "count": 2,
    "start": 0,
    "token": "3a05fd00a155b53039919abee289afb7",
    "user": "milo"
}

[2021-08-25 11:35:39]--[src_cgi/myfiles_cgi.c:556]--user = milo, token = 3a05fd00a155b53039919abee289afb7, start = 0, count = 2
[2021-08-25 11:35:39]--[src_cgi/myfiles_cgi.c:305]--select user_file_list.*, file_info.url, file_info.size, file_info.type from file_info, user_file_list where user = 'milo' and file_info.md5 = user_file_list.md5 limit 0, 2 在操作
[2021-08-25 11:35:39]--[src_cgi/myfiles_cgi.c:436]--{
	"files":	[{
			"user":	"milo",
			"md5":	"17669b63cad4793b285b61ccb1df7f46",
			"create_time":	"2021-08-25 10:08:27",
			"file_name":	"bazel1.png",
			"share_status":	0,
			"pv":	0,
			"url":	"http://47.108.75.171:80/group1/M00/00/00/rBT4p2D_4C2ActHRAACPRAVTRKk238.png",
			"size":	36676,
			"type":	"png"
		}, {
			"user":	"milo",
			"md5":	"dcfe30f02e1e5557f4e327c08eadb3d4",
			"create_time":	"2021-08-25 10:08:57",
			"file_name":	"python2.png",
			"share_status":	0,
			"pv":	0,
			"url":	"http://47.108.75.171:80/group1/M00/00/00/rBT4p2ElpjmARKGBAAAeKmPz98Q863.png",
			"size":	7722,
			"type":	"png"
		}]
}
[2021-08-25 11:36:03]--[src_cgi/myfiles_cgi.c:504]--cmd = count
[2021-08-25 11:36:03]--[src_cgi/myfiles_cgi.c:536]--buf = {
    "token": "3a05fd00a155b53039919abee289afb7",
    "user": "milo"
}

[2021-08-25 11:36:03]--[src_cgi/myfiles_cgi.c:175]--line = 1
[2021-08-25 11:36:04]--[src_cgi/myfiles_cgi.c:504]--cmd = normal
[2021-08-25 11:36:04]--[src_cgi/myfiles_cgi.c:536]--buf = {
    "count": 1,
    "start": 0,
    "token": "3a05fd00a155b53039919abee289afb7",
    "user": "milo"
}

[2021-08-25 11:36:04]--[src_cgi/myfiles_cgi.c:556]--user = milo, token = 3a05fd00a155b53039919abee289afb7, start = 0, count = 1
[2021-08-25 11:36:04]--[src_cgi/myfiles_cgi.c:305]--select user_file_list.*, file_info.url, file_info.size, file_info.type from file_info, user_file_list where user = 'milo' and file_info.md5 = user_file_list.md5 limit 0, 1 在操作
[2021-08-25 11:36:04]--[src_cgi/myfiles_cgi.c:436]--{
	"files":	[{
			"user":	"milo",
			"md5":	"17669b63cad4793b285b61ccb1df7f46",
			"create_time":	"2021-08-25 10:08:27",
			"file_name":	"bazel1.png",
			"share_status":	0,
			"pv":	0,
			"url":	"http://47.108.75.171:80/group1/M00/00/00/rBT4p2D_4C2ActHRAACPRAVTRKk238.png",
			"size":	36676,
			"type":	"png"
		}]
}
[2021-08-25 11:48:21]--[src_cgi/myfiles_cgi.c:504]--cmd = count
[2021-08-25 11:48:21]--[src_cgi/myfiles_cgi.c:536]--buf = {
    "token": "3a05fd00a155b53039919abee289afb7",
    "user": "milo"
}

[2021-08-25 11:48:21]--[src_cgi/myfiles_cgi.c:175]--line = 1
[2021-08-25 11:48:21]--[src_cgi/myfiles_cgi.c:504]--cmd = normal
[2021-08-25 11:48:21]--[src_cgi/myfiles_cgi.c:536]--buf = {
    "count": 1,
    "start": 0,
    "token": "3a05fd00a155b53039919abee289afb7",
    "user": "milo"
}

[2021-08-25 11:48:21]--[src_cgi/myfiles_cgi.c:556]--user = milo, token = 3a05fd00a155b53039919abee289afb7, start = 0, count = 1
[2021-08-25 11:48:21]--[src_cgi/myfiles_cgi.c:305]--select user_file_list.*, file_info.url, file_info.size, file_info.type from file_info, user_file_list where user = 'milo' and file_info.md5 = user_file_list.md5 limit 0, 1 在操作
[2021-08-25 11:48:21]--[src_cgi/myfiles_cgi.c:436]--{
	"files":	[{
			"user":	"milo",
			"md5":	"17669b63cad4793b285b61ccb1df7f46",
			"create_time":	"2021-08-25 10:08:27",
			"file_name":	"bazel1.png",
			"share_status":	0,
			"pv":	0,
			"url":	"http://47.108.75.171:80/group1/M00/00/00/rBT4p2D_4C2ActHRAACPRAVTRKk238.png",
			"size":	36676,
			"type":	"png"
		}]
}
[2021-08-25 11:48:41]--[src_cgi/myfiles_cgi.c:504]--cmd = count
[2021-08-25 11:48:41]--[src_cgi/myfiles_cgi.c:536]--buf = {
    "token": "3a05fd00a155b53039919abee289afb7",
    "user": "milo"
}

[2021-08-25 11:48:41]--[src_cgi/myfiles_cgi.c:175]--line = 2
[2021-08-25 11:48:41]--[src_cgi/myfiles_cgi.c:504]--cmd = normal
[2021-08-25 11:48:41]--[src_cgi/myfiles_cgi.c:536]--buf = {
    "count": 2,
    "start": 0,
    "token": "3a05fd00a155b53039919abee289afb7",
    "user": "milo"
}

[2021-08-25 11:48:41]--[src_cgi/myfiles_cgi.c:556]--user = milo, token = 3a05fd00a155b53039919abee289afb7, start = 0, count = 2
[2021-08-25 11:48:41]--[src_cgi/myfiles_cgi.c:305]--select user_file_list.*, file_info.url, file_info.size, file_info.type from file_info, user_file_list where user = 'milo' and file_info.md5 = user_file_list.md5 limit 0, 2 在操作
[2021-08-25 11:48:41]--[src_cgi/myfiles_cgi.c:436]--{
	"files":	[{
			"user":	"milo",
			"md5":	"17669b63cad4793b285b61ccb1df7f46",
			"create_time":	"2021-08-25 10:08:27",
			"file_name":	"bazel1.png",
			"share_status":	0,
			"pv":	0,
			"url":	"http://47.108.75.171:80/group1/M00/00/00/rBT4p2D_4C2ActHRAACPRAVTRKk238.png",
			"size":	36676,
			"type":	"png"
		}, {
			"user":	"milo",
			"md5":	"79ae4d9361d0b859e367006d6bbe6203",
			"create_time":	"2021-08-25 11:48:39",
			"file_name":	"bazel2.png",
			"share_status":	0,
			"pv":	0,
			"url":	"http://47.108.75.171:80/group1/M00/00/00/rBT4p2D_4zqAaPjRAACXKrLG1Nc031.png",
			"size":	38698,
			"type":	"png"
		}]
}
