[2021-08-24 16:59:45]--[src_cgi/myfiles_cgi.c:504]--cmd = count
[2021-08-24 16:59:45]--[src_cgi/myfiles_cgi.c:536]--buf = {
    "token": "63c3c6cad6d451ddf0e81f68614f34e3",
    "user": "liult"
}

[2021-08-24 16:59:45]--[src_cgi/myfiles_cgi.c:175]--line = 3
[2021-08-24 16:59:45]--[src_cgi/myfiles_cgi.c:504]--cmd = normal
[2021-08-24 16:59:45]--[src_cgi/myfiles_cgi.c:536]--buf = {
    "count": 3,
    "start": 0,
    "token": "63c3c6cad6d451ddf0e81f68614f34e3",
    "user": "liult"
}

[2021-08-24 16:59:45]--[src_cgi/myfiles_cgi.c:556]--user = liult, token = 63c3c6cad6d451ddf0e81f68614f34e3, start = 0, count = 3
[2021-08-24 16:59:45]--[src_cgi/myfiles_cgi.c:305]--select user_file_list.*, file_info.url, file_info.size, file_info.type from file_info, user_file_list where user = 'liult' and file_info.md5 = user_file_list.md5 limit 0, 3 在操作
[2021-08-24 16:59:45]--[src_cgi/myfiles_cgi.c:436]--{
	"files":	[{
			"user":	"liult",
			"md5":	"17669b63cad4793b285b61ccb1df7f46",
			"create_time":	"2021-07-27 18:30:05",
			"file_name":	"bazel1.png",
			"share_status":	0,
			"pv":	1,
			"url":	"http://47.108.75.171:80/group1/M00/00/00/rBT4p2D_4C2ActHRAACPRAVTRKk238.png",
			"size":	36676,
			"type":	"png"
		}, {
			"user":	"liult",
			"md5":	"79ae4d9361d0b859e367006d6bbe6203",
			"create_time":	"2021-07-27 18:43:06",
			"file_name":	"bazel2.png",
			"share_status":	0,
			"pv":	1,
			"url":	"http://47.108.75.171:80/group1/M00/00/00/rBT4p2D_4zqAaPjRAACXKrLG1Nc031.png",
			"size":	38698,
			"type":	"png"
		}, {
			"user":	"liult",
			"md5":	"8b110e6b9b31ab66028406cf26cbfb49",
			"create_time":	"2021-08-23 20:07:56",
			"file_name":	"新建文本文档.txt",
			"share_status":	0,
			"pv":	1,
			"url":	"http://47.108.75.171:80/group1/M00/00/00/rBT4p2Ejj5yAH8EAAAABylT3ewo424.txt",
			"size":	458,
			"type":	"txt"
		}]
}
[2021-08-24 16:59:55]--[src_cgi/myfiles_cgi.c:504]--cmd = count
[2021-08-24 16:59:55]--[src_cgi/myfiles_cgi.c:536]--buf = {
    "token": "1a49ab9bfbc03a6c4c40c49329e20591",
    "user": "liult"
}

[2021-08-24 16:59:55]--[src_cgi/myfiles_cgi.c:175]--line = 3
[2021-08-24 16:59:55]--[src_cgi/myfiles_cgi.c:504]--cmd = normal
[2021-08-24 16:59:55]--[src_cgi/myfiles_cgi.c:536]--buf = {
    "count": 3,
    "start": 0,
    "token": "1a49ab9bfbc03a6c4c40c49329e20591",
    "user": "liult"
}

[2021-08-24 16:59:55]--[src_cgi/myfiles_cgi.c:556]--user = liult, token = 1a49ab9bfbc03a6c4c40c49329e20591, start = 0, count = 3
[2021-08-24 16:59:55]--[src_cgi/myfiles_cgi.c:305]--select user_file_list.*, file_info.url, file_info.size, file_info.type from file_info, user_file_list where user = 'liult' and file_info.md5 = user_file_list.md5 limit 0, 3 在操作
[2021-08-24 16:59:55]--[src_cgi/myfiles_cgi.c:436]--{
	"files":	[{
			"user":	"liult",
			"md5":	"17669b63cad4793b285b61ccb1df7f46",
			"create_time":	"2021-07-27 18:30:05",
			"file_name":	"bazel1.png",
			"share_status":	0,
			"pv":	1,
			"url":	"http://47.108.75.171:80/group1/M00/00/00/rBT4p2D_4C2ActHRAACPRAVTRKk238.png",
			"size":	36676,
			"type":	"png"
		}, {
			"user":	"liult",
			"md5":	"79ae4d9361d0b859e367006d6bbe6203",
			"create_time":	"2021-07-27 18:43:06",
			"file_name":	"bazel2.png",
			"share_status":	0,
			"pv":	1,
			"url":	"http://47.108.75.171:80/group1/M00/00/00/rBT4p2D_4zqAaPjRAACXKrLG1Nc031.png",
			"size":	38698,
			"type":	"png"
		}, {
			"user":	"liult",
			"md5":	"8b110e6b9b31ab66028406cf26cbfb49",
			"create_time":	"2021-08-23 20:07:56",
			"file_name":	"新建文本文档.txt",
			"share_status":	0,
			"pv":	1,
			"url":	"http://47.108.75.171:80/group1/M00/00/00/rBT4p2Ejj5yAH8EAAAABylT3ewo424.txt",
			"size":	458,
			"type":	"txt"
		}]
}
[2021-08-24 17:00:11]--[src_cgi/myfiles_cgi.c:504]--cmd = count
[2021-08-24 17:00:11]--[src_cgi/myfiles_cgi.c:536]--buf = {
    "token": "1a49ab9bfbc03a6c4c40c49329e20591",
    "user": "liult"
}

[2021-08-24 17:00:11]--[src_cgi/myfiles_cgi.c:175]--line = 3
[2021-08-24 17:00:11]--[src_cgi/myfiles_cgi.c:504]--cmd = normal
[2021-08-24 17:00:11]--[src_cgi/myfiles_cgi.c:536]--buf = {
    "count": 3,
    "start": 0,
    "token": "1a49ab9bfbc03a6c4c40c49329e20591",
    "user": "liult"
}

[2021-08-24 17:00:11]--[src_cgi/myfiles_cgi.c:556]--user = liult, token = 1a49ab9bfbc03a6c4c40c49329e20591, start = 0, count = 3
[2021-08-24 17:00:11]--[src_cgi/myfiles_cgi.c:305]--select user_file_list.*, file_info.url, file_info.size, file_info.type from file_info, user_file_list where user = 'liult' and file_info.md5 = user_file_list.md5 limit 0, 3 在操作
[2021-08-24 17:00:11]--[src_cgi/myfiles_cgi.c:436]--{
	"files":	[{
			"user":	"liult",
			"md5":	"17669b63cad4793b285b61ccb1df7f46",
			"create_time":	"2021-07-27 18:30:05",
			"file_name":	"bazel1.png",
			"share_status":	0,
			"pv":	1,
			"url":	"http://47.108.75.171:80/group1/M00/00/00/rBT4p2D_4C2ActHRAACPRAVTRKk238.png",
			"size":	36676,
			"type":	"png"
		}, {
			"user":	"liult",
			"md5":	"79ae4d9361d0b859e367006d6bbe6203",
			"create_time":	"2021-07-27 18:43:06",
			"file_name":	"bazel2.png",
			"share_status":	0,
			"pv":	1,
			"url":	"http://47.108.75.171:80/group1/M00/00/00/rBT4p2D_4zqAaPjRAACXKrLG1Nc031.png",
			"size":	38698,
			"type":	"png"
		}, {
			"user":	"liult",
			"md5":	"8b110e6b9b31ab66028406cf26cbfb49",
			"create_time":	"2021-08-23 20:07:56",
			"file_name":	"新建文本文档.txt",
			"share_status":	0,
			"pv":	1,
			"url":	"http://47.108.75.171:80/group1/M00/00/00/rBT4p2Ejj5yAH8EAAAABylT3ewo424.txt",
			"size":	458,
			"type":	"txt"
		}]
}
[2021-08-24 17:00:39]--[src_cgi/myfiles_cgi.c:504]--cmd = count
[2021-08-24 17:00:39]--[src_cgi/myfiles_cgi.c:536]--buf = {
    "token": "1a49ab9bfbc03a6c4c40c49329e20591",
    "user": "liult"
}

[2021-08-24 17:00:39]--[src_cgi/myfiles_cgi.c:175]--line = 4
[2021-08-24 17:00:39]--[src_cgi/myfiles_cgi.c:504]--cmd = normal
[2021-08-24 17:00:39]--[src_cgi/myfiles_cgi.c:536]--buf = {
    "count": 4,
    "start": 0,
    "token": "1a49ab9bfbc03a6c4c40c49329e20591",
    "user": "liult"
}

[2021-08-24 17:00:39]--[src_cgi/myfiles_cgi.c:556]--user = liult, token = 1a49ab9bfbc03a6c4c40c49329e20591, start = 0, count = 4
[2021-08-24 17:00:39]--[src_cgi/myfiles_cgi.c:305]--select user_file_list.*, file_info.url, file_info.size, file_info.type from file_info, user_file_list where user = 'liult' and file_info.md5 = user_file_list.md5 limit 0, 4 在操作
[2021-08-24 17:00:39]--[src_cgi/myfiles_cgi.c:436]--{
	"files":	[{
			"user":	"liult",
			"md5":	"17669b63cad4793b285b61ccb1df7f46",
			"create_time":	"2021-07-27 18:30:05",
			"file_name":	"bazel1.png",
			"share_status":	0,
			"pv":	1,
			"url":	"http://47.108.75.171:80/group1/M00/00/00/rBT4p2D_4C2ActHRAACPRAVTRKk238.png",
			"size":	36676,
			"type":	"png"
		}, {
			"user":	"liult",
			"md5":	"79ae4d9361d0b859e367006d6bbe6203",
			"create_time":	"2021-07-27 18:43:06",
			"file_name":	"bazel2.png",
			"share_status":	0,
			"pv":	1,
			"url":	"http://47.108.75.171:80/group1/M00/00/00/rBT4p2D_4zqAaPjRAACXKrLG1Nc031.png",
			"size":	38698,
			"type":	"png"
		}, {
			"user":	"liult",
			"md5":	"8b110e6b9b31ab66028406cf26cbfb49",
			"create_time":	"2021-08-23 20:07:56",
			"file_name":	"新建文本文档.txt",
			"share_status":	0,
			"pv":	1,
			"url":	"http://47.108.75.171:80/group1/M00/00/00/rBT4p2Ejj5yAH8EAAAABylT3ewo424.txt",
			"size":	458,
			"type":	"txt"
		}, {
			"user":	"liult",
			"md5":	"d1d91fce03a7c6f84962fe61dbeb4f08",
			"create_time":	"2021-08-24 17:00:38",
			"file_name":	"favicon.ico",
			"share_status":	0,
			"pv":	0,
			"url":	"http://47.108.75.171:80/group1/M00/00/00/rBT4p2EktTaAGrVvAAAQvn20nRo738.ico",
			"size":	4286,
			"type":	"ico"
		}]
}
[2021-08-24 17:02:00]--[src_cgi/myfiles_cgi.c:504]--cmd = count
[2021-08-24 17:02:00]--[src_cgi/myfiles_cgi.c:536]--buf = {
    "token": "1a49ab9bfbc03a6c4c40c49329e20591",
    "user": "liult"
}

[2021-08-24 17:02:00]--[src_cgi/myfiles_cgi.c:175]--line = 4
[2021-08-24 17:02:00]--[src_cgi/myfiles_cgi.c:504]--cmd = normal
[2021-08-24 17:02:00]--[src_cgi/myfiles_cgi.c:536]--buf = {
    "count": 4,
    "start": 0,
    "token": "1a49ab9bfbc03a6c4c40c49329e20591",
    "user": "liult"
}

[2021-08-24 17:02:00]--[src_cgi/myfiles_cgi.c:556]--user = liult, token = 1a49ab9bfbc03a6c4c40c49329e20591, start = 0, count = 4
[2021-08-24 17:02:00]--[src_cgi/myfiles_cgi.c:305]--select user_file_list.*, file_info.url, file_info.size, file_info.type from file_info, user_file_list where user = 'liult' and file_info.md5 = user_file_list.md5 limit 0, 4 在操作
[2021-08-24 17:02:00]--[src_cgi/myfiles_cgi.c:436]--{
	"files":	[{
			"user":	"liult",
			"md5":	"17669b63cad4793b285b61ccb1df7f46",
			"create_time":	"2021-07-27 18:30:05",
			"file_name":	"bazel1.png",
			"share_status":	0,
			"pv":	1,
			"url":	"http://47.108.75.171:80/group1/M00/00/00/rBT4p2D_4C2ActHRAACPRAVTRKk238.png",
			"size":	36676,
			"type":	"png"
		}, {
			"user":	"liult",
			"md5":	"79ae4d9361d0b859e367006d6bbe6203",
			"create_time":	"2021-07-27 18:43:06",
			"file_name":	"bazel2.png",
			"share_status":	0,
			"pv":	1,
			"url":	"http://47.108.75.171:80/group1/M00/00/00/rBT4p2D_4zqAaPjRAACXKrLG1Nc031.png",
			"size":	38698,
			"type":	"png"
		}, {
			"user":	"liult",
			"md5":	"8b110e6b9b31ab66028406cf26cbfb49",
			"create_time":	"2021-08-23 20:07:56",
			"file_name":	"新建文本文档.txt",
			"share_status":	0,
			"pv":	2,
			"url":	"http://47.108.75.171:80/group1/M00/00/00/rBT4p2Ejj5yAH8EAAAABylT3ewo424.txt",
			"size":	458,
			"type":	"txt"
		}, {
			"user":	"liult",
			"md5":	"d1d91fce03a7c6f84962fe61dbeb4f08",
			"create_time":	"2021-08-24 17:00:38",
			"file_name":	"favicon.ico",
			"share_status":	0,
			"pv":	0,
			"url":	"http://47.108.75.171:80/group1/M00/00/00/rBT4p2EktTaAGrVvAAAQvn20nRo738.ico",
			"size":	4286,
			"type":	"ico"
		}]
}
[2021-08-24 17:02:22]--[src_cgi/myfiles_cgi.c:504]--cmd = count
[2021-08-24 17:02:22]--[src_cgi/myfiles_cgi.c:536]--buf = {
    "token": "1a49ab9bfbc03a6c4c40c49329e20591",
    "user": "liult"
}

[2021-08-24 17:02:22]--[src_cgi/myfiles_cgi.c:175]--line = 4
[2021-08-24 17:02:22]--[src_cgi/myfiles_cgi.c:504]--cmd = normal
[2021-08-24 17:02:22]--[src_cgi/myfiles_cgi.c:536]--buf = {
    "count": 4,
    "start": 0,
    "token": "1a49ab9bfbc03a6c4c40c49329e20591",
    "user": "liult"
}

[2021-08-24 17:02:22]--[src_cgi/myfiles_cgi.c:556]--user = liult, token = 1a49ab9bfbc03a6c4c40c49329e20591, start = 0, count = 4
[2021-08-24 17:02:22]--[src_cgi/myfiles_cgi.c:305]--select user_file_list.*, file_info.url, file_info.size, file_info.type from file_info, user_file_list where user = 'liult' and file_info.md5 = user_file_list.md5 limit 0, 4 在操作
[2021-08-24 17:02:22]--[src_cgi/myfiles_cgi.c:436]--{
	"files":	[{
			"user":	"liult",
			"md5":	"17669b63cad4793b285b61ccb1df7f46",
			"create_time":	"2021-07-27 18:30:05",
			"file_name":	"bazel1.png",
			"share_status":	0,
			"pv":	1,
			"url":	"http://47.108.75.171:80/group1/M00/00/00/rBT4p2D_4C2ActHRAACPRAVTRKk238.png",
			"size":	36676,
			"type":	"png"
		}, {
			"user":	"liult",
			"md5":	"79ae4d9361d0b859e367006d6bbe6203",
			"create_time":	"2021-07-27 18:43:06",
			"file_name":	"bazel2.png",
			"share_status":	0,
			"pv":	1,
			"url":	"http://47.108.75.171:80/group1/M00/00/00/rBT4p2D_4zqAaPjRAACXKrLG1Nc031.png",
			"size":	38698,
			"type":	"png"
		}, {
			"user":	"liult",
			"md5":	"8b110e6b9b31ab66028406cf26cbfb49",
			"create_time":	"2021-08-23 20:07:56",
			"file_name":	"新建文本文档.txt",
			"share_status":	0,
			"pv":	2,
			"url":	"http://47.108.75.171:80/group1/M00/00/00/rBT4p2Ejj5yAH8EAAAABylT3ewo424.txt",
			"size":	458,
			"type":	"txt"
		}, {
			"user":	"liult",
			"md5":	"d1d91fce03a7c6f84962fe61dbeb4f08",
			"create_time":	"2021-08-24 17:00:38",
			"file_name":	"favicon.ico",
			"share_status":	0,
			"pv":	0,
			"url":	"http://47.108.75.171:80/group1/M00/00/00/rBT4p2EktTaAGrVvAAAQvn20nRo738.ico",
			"size":	4286,
			"type":	"ico"
		}]
}
[2021-08-24 17:04:41]--[src_cgi/myfiles_cgi.c:504]--cmd = count
[2021-08-24 17:04:41]--[src_cgi/myfiles_cgi.c:536]--buf = {
    "token": "1a49ab9bfbc03a6c4c40c49329e20591",
    "user": "liult"
}

[2021-08-24 17:04:41]--[src_cgi/myfiles_cgi.c:175]--line = 4
[2021-08-24 17:04:41]--[src_cgi/myfiles_cgi.c:504]--cmd = normal
[2021-08-24 17:04:41]--[src_cgi/myfiles_cgi.c:536]--buf = {
    "count": 4,
    "start": 0,
    "token": "1a49ab9bfbc03a6c4c40c49329e20591",
    "user": "liult"
}

[2021-08-24 17:04:41]--[src_cgi/myfiles_cgi.c:556]--user = liult, token = 1a49ab9bfbc03a6c4c40c49329e20591, start = 0, count = 4
[2021-08-24 17:04:41]--[src_cgi/myfiles_cgi.c:305]--select user_file_list.*, file_info.url, file_info.size, file_info.type from file_info, user_file_list where user = 'liult' and file_info.md5 = user_file_list.md5 limit 0, 4 在操作
[2021-08-24 17:04:41]--[src_cgi/myfiles_cgi.c:436]--{
	"files":	[{
			"user":	"liult",
			"md5":	"17669b63cad4793b285b61ccb1df7f46",
			"create_time":	"2021-07-27 18:30:05",
			"file_name":	"bazel1.png",
			"share_status":	0,
			"pv":	1,
			"url":	"http://47.108.75.171:80/group1/M00/00/00/rBT4p2D_4C2ActHRAACPRAVTRKk238.png",
			"size":	36676,
			"type":	"png"
		}, {
			"user":	"liult",
			"md5":	"79ae4d9361d0b859e367006d6bbe6203",
			"create_time":	"2021-07-27 18:43:06",
			"file_name":	"bazel2.png",
			"share_status":	0,
			"pv":	1,
			"url":	"http://47.108.75.171:80/group1/M00/00/00/rBT4p2D_4zqAaPjRAACXKrLG1Nc031.png",
			"size":	38698,
			"type":	"png"
		}, {
			"user":	"liult",
			"md5":	"8b110e6b9b31ab66028406cf26cbfb49",
			"create_time":	"2021-08-23 20:07:56",
			"file_name":	"新建文本文档.txt",
			"share_status":	0,
			"pv":	2,
			"url":	"http://47.108.75.171:80/group1/M00/00/00/rBT4p2Ejj5yAH8EAAAABylT3ewo424.txt",
			"size":	458,
			"type":	"txt"
		}, {
			"user":	"liult",
			"md5":	"d1d91fce03a7c6f84962fe61dbeb4f08",
			"create_time":	"2021-08-24 17:00:38",
			"file_name":	"favicon.ico",
			"share_status":	0,
			"pv":	0,
			"url":	"http://47.108.75.171:80/group1/M00/00/00/rBT4p2EktTaAGrVvAAAQvn20nRo738.ico",
			"size":	4286,
			"type":	"ico"
		}]
}
[2021-08-24 17:08:15]--[src_cgi/myfiles_cgi.c:504]--cmd = count
[2021-08-24 17:08:15]--[src_cgi/myfiles_cgi.c:536]--buf = {
    "token": "021d7ea49c95a5433f6124b1fb341742",
    "user": "liult"
}

[2021-08-24 17:08:15]--[src_cgi/myfiles_cgi.c:175]--line = 4
[2021-08-24 17:08:15]--[src_cgi/myfiles_cgi.c:504]--cmd = normal
[2021-08-24 17:08:15]--[src_cgi/myfiles_cgi.c:536]--buf = {
    "count": 4,
    "start": 0,
    "token": "021d7ea49c95a5433f6124b1fb341742",
    "user": "liult"
}

[2021-08-24 17:08:15]--[src_cgi/myfiles_cgi.c:556]--user = liult, token = 021d7ea49c95a5433f6124b1fb341742, start = 0, count = 4
[2021-08-24 17:08:15]--[src_cgi/myfiles_cgi.c:305]--select user_file_list.*, file_info.url, file_info.size, file_info.type from file_info, user_file_list where user = 'liult' and file_info.md5 = user_file_list.md5 limit 0, 4 在操作
[2021-08-24 17:08:15]--[src_cgi/myfiles_cgi.c:436]--{
	"files":	[{
			"user":	"liult",
			"md5":	"17669b63cad4793b285b61ccb1df7f46",
			"create_time":	"2021-07-27 18:30:05",
			"file_name":	"bazel1.png",
			"share_status":	0,
			"pv":	1,
			"url":	"http://47.108.75.171:80/group1/M00/00/00/rBT4p2D_4C2ActHRAACPRAVTRKk238.png",
			"size":	36676,
			"type":	"png"
		}, {
			"user":	"liult",
			"md5":	"79ae4d9361d0b859e367006d6bbe6203",
			"create_time":	"2021-07-27 18:43:06",
			"file_name":	"bazel2.png",
			"share_status":	0,
			"pv":	1,
			"url":	"http://47.108.75.171:80/group1/M00/00/00/rBT4p2D_4zqAaPjRAACXKrLG1Nc031.png",
			"size":	38698,
			"type":	"png"
		}, {
			"user":	"liult",
			"md5":	"8b110e6b9b31ab66028406cf26cbfb49",
			"create_time":	"2021-08-23 20:07:56",
			"file_name":	"新建文本文档.txt",
			"share_status":	0,
			"pv":	2,
			"url":	"http://47.108.75.171:80/group1/M00/00/00/rBT4p2Ejj5yAH8EAAAABylT3ewo424.txt",
			"size":	458,
			"type":	"txt"
		}, {
			"user":	"liult",
			"md5":	"d1d91fce03a7c6f84962fe61dbeb4f08",
			"create_time":	"2021-08-24 17:00:38",
			"file_name":	"favicon.ico",
			"share_status":	0,
			"pv":	0,
			"url":	"http://47.108.75.171:80/group1/M00/00/00/rBT4p2EktTaAGrVvAAAQvn20nRo738.ico",
			"size":	4286,
			"type":	"ico"
		}]
}
[2021-08-24 17:38:56]--[src_cgi/myfiles_cgi.c:504]--cmd = count
[2021-08-24 17:38:56]--[src_cgi/myfiles_cgi.c:536]--buf = {
    "token": "520094623adbf478c4c915929b18ca4e",
    "user": "liult"
}

[2021-08-24 17:38:56]--[src_cgi/myfiles_cgi.c:175]--line = 4
[2021-08-24 17:38:56]--[src_cgi/myfiles_cgi.c:504]--cmd = normal
[2021-08-24 17:38:56]--[src_cgi/myfiles_cgi.c:536]--buf = {
    "count": 4,
    "start": 0,
    "token": "520094623adbf478c4c915929b18ca4e",
    "user": "liult"
}

[2021-08-24 17:38:56]--[src_cgi/myfiles_cgi.c:556]--user = liult, token = 520094623adbf478c4c915929b18ca4e, start = 0, count = 4
[2021-08-24 17:38:56]--[src_cgi/myfiles_cgi.c:305]--select user_file_list.*, file_info.url, file_info.size, file_info.type from file_info, user_file_list where user = 'liult' and file_info.md5 = user_file_list.md5 limit 0, 4 在操作
[2021-08-24 17:38:56]--[src_cgi/myfiles_cgi.c:436]--{
	"files":	[{
			"user":	"liult",
			"md5":	"17669b63cad4793b285b61ccb1df7f46",
			"create_time":	"2021-07-27 18:30:05",
			"file_name":	"bazel1.png",
			"share_status":	0,
			"pv":	1,
			"url":	"http://47.108.75.171:80/group1/M00/00/00/rBT4p2D_4C2ActHRAACPRAVTRKk238.png",
			"size":	36676,
			"type":	"png"
		}, {
			"user":	"liult",
			"md5":	"79ae4d9361d0b859e367006d6bbe6203",
			"create_time":	"2021-07-27 18:43:06",
			"file_name":	"bazel2.png",
			"share_status":	0,
			"pv":	1,
			"url":	"http://47.108.75.171:80/group1/M00/00/00/rBT4p2D_4zqAaPjRAACXKrLG1Nc031.png",
			"size":	38698,
			"type":	"png"
		}, {
			"user":	"liult",
			"md5":	"8b110e6b9b31ab66028406cf26cbfb49",
			"create_time":	"2021-08-23 20:07:56",
			"file_name":	"新建文本文档.txt",
			"share_status":	0,
			"pv":	2,
			"url":	"http://47.108.75.171:80/group1/M00/00/00/rBT4p2Ejj5yAH8EAAAABylT3ewo424.txt",
			"size":	458,
			"type":	"txt"
		}, {
			"user":	"liult",
			"md5":	"d1d91fce03a7c6f84962fe61dbeb4f08",
			"create_time":	"2021-08-24 17:00:38",
			"file_name":	"favicon.ico",
			"share_status":	0,
			"pv":	0,
			"url":	"http://47.108.75.171:80/group1/M00/00/00/rBT4p2EktTaAGrVvAAAQvn20nRo738.ico",
			"size":	4286,
			"type":	"ico"
		}]
}
[2021-08-24 17:39:03]--[src_cgi/myfiles_cgi.c:504]--cmd = count
[2021-08-24 17:39:03]--[src_cgi/myfiles_cgi.c:536]--buf = {
    "token": "520094623adbf478c4c915929b18ca4e",
    "user": "liult"
}

[2021-08-24 17:39:03]--[src_cgi/myfiles_cgi.c:175]--line = 4
[2021-08-24 17:39:03]--[src_cgi/myfiles_cgi.c:504]--cmd = normal
[2021-08-24 17:39:03]--[src_cgi/myfiles_cgi.c:536]--buf = {
    "count": 4,
    "start": 0,
    "token": "520094623adbf478c4c915929b18ca4e",
    "user": "liult"
}

[2021-08-24 17:39:03]--[src_cgi/myfiles_cgi.c:556]--user = liult, token = 520094623adbf478c4c915929b18ca4e, start = 0, count = 4
[2021-08-24 17:39:03]--[src_cgi/myfiles_cgi.c:305]--select user_file_list.*, file_info.url, file_info.size, file_info.type from file_info, user_file_list where user = 'liult' and file_info.md5 = user_file_list.md5 limit 0, 4 在操作
[2021-08-24 17:39:03]--[src_cgi/myfiles_cgi.c:436]--{
	"files":	[{
			"user":	"liult",
			"md5":	"17669b63cad4793b285b61ccb1df7f46",
			"create_time":	"2021-07-27 18:30:05",
			"file_name":	"bazel1.png",
			"share_status":	0,
			"pv":	1,
			"url":	"http://47.108.75.171:80/group1/M00/00/00/rBT4p2D_4C2ActHRAACPRAVTRKk238.png",
			"size":	36676,
			"type":	"png"
		}, {
			"user":	"liult",
			"md5":	"79ae4d9361d0b859e367006d6bbe6203",
			"create_time":	"2021-07-27 18:43:06",
			"file_name":	"bazel2.png",
			"share_status":	0,
			"pv":	1,
			"url":	"http://47.108.75.171:80/group1/M00/00/00/rBT4p2D_4zqAaPjRAACXKrLG1Nc031.png",
			"size":	38698,
			"type":	"png"
		}, {
			"user":	"liult",
			"md5":	"8b110e6b9b31ab66028406cf26cbfb49",
			"create_time":	"2021-08-23 20:07:56",
			"file_name":	"新建文本文档.txt",
			"share_status":	0,
			"pv":	2,
			"url":	"http://47.108.75.171:80/group1/M00/00/00/rBT4p2Ejj5yAH8EAAAABylT3ewo424.txt",
			"size":	458,
			"type":	"txt"
		}, {
			"user":	"liult",
			"md5":	"d1d91fce03a7c6f84962fe61dbeb4f08",
			"create_time":	"2021-08-24 17:00:38",
			"file_name":	"favicon.ico",
			"share_status":	0,
			"pv":	0,
			"url":	"http://47.108.75.171:80/group1/M00/00/00/rBT4p2EktTaAGrVvAAAQvn20nRo738.ico",
			"size":	4286,
			"type":	"ico"
		}]
}
[2021-08-24 17:42:02]--[src_cgi/myfiles_cgi.c:504]--cmd = count
[2021-08-24 17:42:02]--[src_cgi/myfiles_cgi.c:536]--buf = {
    "token": "520094623adbf478c4c915929b18ca4e",
    "user": "liult"
}

[2021-08-24 17:42:02]--[src_cgi/myfiles_cgi.c:175]--line = 4
[2021-08-24 17:42:02]--[src_cgi/myfiles_cgi.c:504]--cmd = normal
[2021-08-24 17:42:02]--[src_cgi/myfiles_cgi.c:536]--buf = {
    "count": 4,
    "start": 0,
    "token": "520094623adbf478c4c915929b18ca4e",
    "user": "liult"
}

[2021-08-24 17:42:02]--[src_cgi/myfiles_cgi.c:556]--user = liult, token = 520094623adbf478c4c915929b18ca4e, start = 0, count = 4
[2021-08-24 17:42:02]--[src_cgi/myfiles_cgi.c:305]--select user_file_list.*, file_info.url, file_info.size, file_info.type from file_info, user_file_list where user = 'liult' and file_info.md5 = user_file_list.md5 limit 0, 4 在操作
[2021-08-24 17:42:02]--[src_cgi/myfiles_cgi.c:436]--{
	"files":	[{
			"user":	"liult",
			"md5":	"17669b63cad4793b285b61ccb1df7f46",
			"create_time":	"2021-07-27 18:30:05",
			"file_name":	"bazel1.png",
			"share_status":	0,
			"pv":	1,
			"url":	"http://47.108.75.171:80/group1/M00/00/00/rBT4p2D_4C2ActHRAACPRAVTRKk238.png",
			"size":	36676,
			"type":	"png"
		}, {
			"user":	"liult",
			"md5":	"79ae4d9361d0b859e367006d6bbe6203",
			"create_time":	"2021-07-27 18:43:06",
			"file_name":	"bazel2.png",
			"share_status":	0,
			"pv":	1,
			"url":	"http://47.108.75.171:80/group1/M00/00/00/rBT4p2D_4zqAaPjRAACXKrLG1Nc031.png",
			"size":	38698,
			"type":	"png"
		}, {
			"user":	"liult",
			"md5":	"8b110e6b9b31ab66028406cf26cbfb49",
			"create_time":	"2021-08-23 20:07:56",
			"file_name":	"新建文本文档.txt",
			"share_status":	0,
			"pv":	2,
			"url":	"http://47.108.75.171:80/group1/M00/00/00/rBT4p2Ejj5yAH8EAAAABylT3ewo424.txt",
			"size":	458,
			"type":	"txt"
		}, {
			"user":	"liult",
			"md5":	"d1d91fce03a7c6f84962fe61dbeb4f08",
			"create_time":	"2021-08-24 17:00:38",
			"file_name":	"favicon.ico",
			"share_status":	0,
			"pv":	0,
			"url":	"http://47.108.75.171:80/group1/M00/00/00/rBT4p2EktTaAGrVvAAAQvn20nRo738.ico",
			"size":	4286,
			"type":	"ico"
		}]
}
[2021-08-24 17:46:05]--[src_cgi/myfiles_cgi.c:504]--cmd = count
[2021-08-24 17:46:05]--[src_cgi/myfiles_cgi.c:536]--buf = {
    "token": "520094623adbf478c4c915929b18ca4e",
    "user": "liult"
}

[2021-08-24 17:46:05]--[src_cgi/myfiles_cgi.c:175]--line = 4
[2021-08-24 17:46:05]--[src_cgi/myfiles_cgi.c:504]--cmd = normal
[2021-08-24 17:46:05]--[src_cgi/myfiles_cgi.c:536]--buf = {
    "count": 4,
    "start": 0,
    "token": "520094623adbf478c4c915929b18ca4e",
    "user": "liult"
}

[2021-08-24 17:46:05]--[src_cgi/myfiles_cgi.c:556]--user = liult, token = 520094623adbf478c4c915929b18ca4e, start = 0, count = 4
[2021-08-24 17:46:05]--[src_cgi/myfiles_cgi.c:305]--select user_file_list.*, file_info.url, file_info.size, file_info.type from file_info, user_file_list where user = 'liult' and file_info.md5 = user_file_list.md5 limit 0, 4 在操作
[2021-08-24 17:46:05]--[src_cgi/myfiles_cgi.c:436]--{
	"files":	[{
			"user":	"liult",
			"md5":	"17669b63cad4793b285b61ccb1df7f46",
			"create_time":	"2021-07-27 18:30:05",
			"file_name":	"bazel1.png",
			"share_status":	0,
			"pv":	1,
			"url":	"http://47.108.75.171:80/group1/M00/00/00/rBT4p2D_4C2ActHRAACPRAVTRKk238.png",
			"size":	36676,
			"type":	"png"
		}, {
			"user":	"liult",
			"md5":	"79ae4d9361d0b859e367006d6bbe6203",
			"create_time":	"2021-07-27 18:43:06",
			"file_name":	"bazel2.png",
			"share_status":	0,
			"pv":	1,
			"url":	"http://47.108.75.171:80/group1/M00/00/00/rBT4p2D_4zqAaPjRAACXKrLG1Nc031.png",
			"size":	38698,
			"type":	"png"
		}, {
			"user":	"liult",
			"md5":	"8b110e6b9b31ab66028406cf26cbfb49",
			"create_time":	"2021-08-23 20:07:56",
			"file_name":	"新建文本文档.txt",
			"share_status":	0,
			"pv":	2,
			"url":	"http://47.108.75.171:80/group1/M00/00/00/rBT4p2Ejj5yAH8EAAAABylT3ewo424.txt",
			"size":	458,
			"type":	"txt"
		}, {
			"user":	"liult",
			"md5":	"d1d91fce03a7c6f84962fe61dbeb4f08",
			"create_time":	"2021-08-24 17:00:38",
			"file_name":	"favicon.ico",
			"share_status":	0,
			"pv":	0,
			"url":	"http://47.108.75.171:80/group1/M00/00/00/rBT4p2EktTaAGrVvAAAQvn20nRo738.ico",
			"size":	4286,
			"type":	"ico"
		}]
}
[2021-08-24 17:48:01]--[src_cgi/myfiles_cgi.c:504]--cmd = count
[2021-08-24 17:48:01]--[src_cgi/myfiles_cgi.c:536]--buf = {
    "token": "520094623adbf478c4c915929b18ca4e",
    "user": "liult"
}

[2021-08-24 17:48:01]--[src_cgi/myfiles_cgi.c:175]--line = 4
[2021-08-24 17:48:01]--[src_cgi/myfiles_cgi.c:504]--cmd = normal
[2021-08-24 17:48:01]--[src_cgi/myfiles_cgi.c:536]--buf = {
    "count": 4,
    "start": 0,
    "token": "520094623adbf478c4c915929b18ca4e",
    "user": "liult"
}

[2021-08-24 17:48:01]--[src_cgi/myfiles_cgi.c:556]--user = liult, token = 520094623adbf478c4c915929b18ca4e, start = 0, count = 4
[2021-08-24 17:48:01]--[src_cgi/myfiles_cgi.c:305]--select user_file_list.*, file_info.url, file_info.size, file_info.type from file_info, user_file_list where user = 'liult' and file_info.md5 = user_file_list.md5 limit 0, 4 在操作
[2021-08-24 17:48:01]--[src_cgi/myfiles_cgi.c:436]--{
	"files":	[{
			"user":	"liult",
			"md5":	"17669b63cad4793b285b61ccb1df7f46",
			"create_time":	"2021-07-27 18:30:05",
			"file_name":	"bazel1.png",
			"share_status":	0,
			"pv":	1,
			"url":	"http://47.108.75.171:80/group1/M00/00/00/rBT4p2D_4C2ActHRAACPRAVTRKk238.png",
			"size":	36676,
			"type":	"png"
		}, {
			"user":	"liult",
			"md5":	"79ae4d9361d0b859e367006d6bbe6203",
			"create_time":	"2021-07-27 18:43:06",
			"file_name":	"bazel2.png",
			"share_status":	0,
			"pv":	1,
			"url":	"http://47.108.75.171:80/group1/M00/00/00/rBT4p2D_4zqAaPjRAACXKrLG1Nc031.png",
			"size":	38698,
			"type":	"png"
		}, {
			"user":	"liult",
			"md5":	"8b110e6b9b31ab66028406cf26cbfb49",
			"create_time":	"2021-08-23 20:07:56",
			"file_name":	"新建文本文档.txt",
			"share_status":	0,
			"pv":	2,
			"url":	"http://47.108.75.171:80/group1/M00/00/00/rBT4p2Ejj5yAH8EAAAABylT3ewo424.txt",
			"size":	458,
			"type":	"txt"
		}, {
			"user":	"liult",
			"md5":	"d1d91fce03a7c6f84962fe61dbeb4f08",
			"create_time":	"2021-08-24 17:00:38",
			"file_name":	"favicon.ico",
			"share_status":	0,
			"pv":	0,
			"url":	"http://47.108.75.171:80/group1/M00/00/00/rBT4p2EktTaAGrVvAAAQvn20nRo738.ico",
			"size":	4286,
			"type":	"ico"
		}]
}
[2021-08-24 18:54:22]--[src_cgi/myfiles_cgi.c:504]--cmd = count
[2021-08-24 18:54:22]--[src_cgi/myfiles_cgi.c:536]--buf = {
    "token": "520094623adbf478c4c915929b18ca4e",
    "user": "liult"
}
[2021-08-24 18:54:22]--[src_cgi/myfiles_cgi.c:175]--line = 4
[2021-08-24 18:54:42]--[src_cgi/myfiles_cgi.c:504]--cmd = normal
[2021-08-24 18:54:42]--[src_cgi/myfiles_cgi.c:536]--buf = {
    "token": "520094623adbf478c4c915929b18ca4e",
    "user": "liult"
}
[2021-08-24 18:54:42]--[src_cgi/myfiles_cgi.c:233]--cJSON_GetObjectItem err
[2021-08-24 18:54:42]--[src_cgi/myfiles_cgi.c:556]--user = liult, token = 520094623adbf478c4c915929b18ca4e, start = 0, count = 4
[2021-08-24 18:54:42]--[src_cgi/myfiles_cgi.c:305]--select user_file_list.*, file_info.url, file_info.size, file_info.type from file_info, user_file_list where user = 'liult' and file_info.md5 = user_file_list.md5 limit 0, 4 在操作
[2021-08-24 18:54:42]--[src_cgi/myfiles_cgi.c:436]--{
	"files":	[{
			"user":	"liult",
			"md5":	"17669b63cad4793b285b61ccb1df7f46",
			"create_time":	"2021-07-27 18:30:05",
			"file_name":	"bazel1.png",
			"share_status":	0,
			"pv":	1,
			"url":	"http://47.108.75.171:80/group1/M00/00/00/rBT4p2D_4C2ActHRAACPRAVTRKk238.png",
			"size":	36676,
			"type":	"png"
		}, {
			"user":	"liult",
			"md5":	"79ae4d9361d0b859e367006d6bbe6203",
			"create_time":	"2021-07-27 18:43:06",
			"file_name":	"bazel2.png",
			"share_status":	0,
			"pv":	1,
			"url":	"http://47.108.75.171:80/group1/M00/00/00/rBT4p2D_4zqAaPjRAACXKrLG1Nc031.png",
			"size":	38698,
			"type":	"png"
		}, {
			"user":	"liult",
			"md5":	"8b110e6b9b31ab66028406cf26cbfb49",
			"create_time":	"2021-08-23 20:07:56",
			"file_name":	"新建文本文档.txt",
			"share_status":	0,
			"pv":	2,
			"url":	"http://47.108.75.171:80/group1/M00/00/00/rBT4p2Ejj5yAH8EAAAABylT3ewo424.txt",
			"size":	458,
			"type":	"txt"
		}, {
			"user":	"liult",
			"md5":	"d1d91fce03a7c6f84962fe61dbeb4f08",
			"create_time":	"2021-08-24 17:00:38",
			"file_name":	"favicon.ico",
			"share_status":	0,
			"pv":	0,
			"url":	"http://47.108.75.171:80/group1/M00/00/00/rBT4p2EktTaAGrVvAAAQvn20nRo738.ico",
			"size":	4286,
			"type":	"ico"
		}]
}
[2021-08-24 19:02:28]--[src_cgi/myfiles_cgi.c:504]--cmd = count
[2021-08-24 19:02:28]--[src_cgi/myfiles_cgi.c:536]--buf = {
    "token": "520094623adbf478c4c915929b18ca4e",
    "user": "liult"
}

[2021-08-24 19:02:28]--[src_cgi/myfiles_cgi.c:175]--line = 4
[2021-08-24 19:02:28]--[src_cgi/myfiles_cgi.c:504]--cmd = normal
[2021-08-24 19:02:28]--[src_cgi/myfiles_cgi.c:536]--buf = {
    "count": 4,
    "start": 0,
    "token": "520094623adbf478c4c915929b18ca4e",
    "user": "liult"
}

[2021-08-24 19:02:28]--[src_cgi/myfiles_cgi.c:556]--user = liult, token = 520094623adbf478c4c915929b18ca4e, start = 0, count = 4
[2021-08-24 19:02:28]--[src_cgi/myfiles_cgi.c:305]--select user_file_list.*, file_info.url, file_info.size, file_info.type from file_info, user_file_list where user = 'liult' and file_info.md5 = user_file_list.md5 limit 0, 4 在操作
[2021-08-24 19:02:28]--[src_cgi/myfiles_cgi.c:436]--{
	"files":	[{
			"user":	"liult",
			"md5":	"17669b63cad4793b285b61ccb1df7f46",
			"create_time":	"2021-07-27 18:30:05",
			"file_name":	"bazel1.png",
			"share_status":	0,
			"pv":	1,
			"url":	"http://47.108.75.171:80/group1/M00/00/00/rBT4p2D_4C2ActHRAACPRAVTRKk238.png",
			"size":	36676,
			"type":	"png"
		}, {
			"user":	"liult",
			"md5":	"79ae4d9361d0b859e367006d6bbe6203",
			"create_time":	"2021-07-27 18:43:06",
			"file_name":	"bazel2.png",
			"share_status":	0,
			"pv":	1,
			"url":	"http://47.108.75.171:80/group1/M00/00/00/rBT4p2D_4zqAaPjRAACXKrLG1Nc031.png",
			"size":	38698,
			"type":	"png"
		}, {
			"user":	"liult",
			"md5":	"8b110e6b9b31ab66028406cf26cbfb49",
			"create_time":	"2021-08-23 20:07:56",
			"file_name":	"新建文本文档.txt",
			"share_status":	0,
			"pv":	2,
			"url":	"http://47.108.75.171:80/group1/M00/00/00/rBT4p2Ejj5yAH8EAAAABylT3ewo424.txt",
			"size":	458,
			"type":	"txt"
		}, {
			"user":	"liult",
			"md5":	"d1d91fce03a7c6f84962fe61dbeb4f08",
			"create_time":	"2021-08-24 17:00:38",
			"file_name":	"favicon.ico",
			"share_status":	0,
			"pv":	0,
			"url":	"http://47.108.75.171:80/group1/M00/00/00/rBT4p2EktTaAGrVvAAAQvn20nRo738.ico",
			"size":	4286,
			"type":	"ico"
		}]
}
[2021-08-24 19:07:57]--[src_cgi/myfiles_cgi.c:504]--cmd = count
[2021-08-24 19:07:57]--[src_cgi/myfiles_cgi.c:536]--buf = {
    "token": "520094623adbf478c4c915929b18ca4e",
    "user": "liult"
}

[2021-08-24 19:07:57]--[src_cgi/myfiles_cgi.c:175]--line = 4
[2021-08-24 19:07:57]--[src_cgi/myfiles_cgi.c:504]--cmd = normal
[2021-08-24 19:07:57]--[src_cgi/myfiles_cgi.c:536]--buf = {
    "count": 4,
    "start": 0,
    "token": "520094623adbf478c4c915929b18ca4e",
    "user": "liult"
}

[2021-08-24 19:07:57]--[src_cgi/myfiles_cgi.c:556]--user = liult, token = 520094623adbf478c4c915929b18ca4e, start = 0, count = 4
[2021-08-24 19:07:57]--[src_cgi/myfiles_cgi.c:305]--select user_file_list.*, file_info.url, file_info.size, file_info.type from file_info, user_file_list where user = 'liult' and file_info.md5 = user_file_list.md5 limit 0, 4 在操作
[2021-08-24 19:07:57]--[src_cgi/myfiles_cgi.c:436]--{
	"files":	[{
			"user":	"liult",
			"md5":	"17669b63cad4793b285b61ccb1df7f46",
			"create_time":	"2021-07-27 18:30:05",
			"file_name":	"bazel1.png",
			"share_status":	0,
			"pv":	1,
			"url":	"http://47.108.75.171:80/group1/M00/00/00/rBT4p2D_4C2ActHRAACPRAVTRKk238.png",
			"size":	36676,
			"type":	"png"
		}, {
			"user":	"liult",
			"md5":	"79ae4d9361d0b859e367006d6bbe6203",
			"create_time":	"2021-07-27 18:43:06",
			"file_name":	"bazel2.png",
			"share_status":	0,
			"pv":	1,
			"url":	"http://47.108.75.171:80/group1/M00/00/00/rBT4p2D_4zqAaPjRAACXKrLG1Nc031.png",
			"size":	38698,
			"type":	"png"
		}, {
			"user":	"liult",
			"md5":	"8b110e6b9b31ab66028406cf26cbfb49",
			"create_time":	"2021-08-23 20:07:56",
			"file_name":	"新建文本文档.txt",
			"share_status":	0,
			"pv":	2,
			"url":	"http://47.108.75.171:80/group1/M00/00/00/rBT4p2Ejj5yAH8EAAAABylT3ewo424.txt",
			"size":	458,
			"type":	"txt"
		}, {
			"user":	"liult",
			"md5":	"d1d91fce03a7c6f84962fe61dbeb4f08",
			"create_time":	"2021-08-24 17:00:38",
			"file_name":	"favicon.ico",
			"share_status":	0,
			"pv":	0,
			"url":	"http://47.108.75.171:80/group1/M00/00/00/rBT4p2EktTaAGrVvAAAQvn20nRo738.ico",
			"size":	4286,
			"type":	"ico"
		}]
}
