[2021-08-23 20:07:34]--[src_cgi/myfiles_cgi.c:504]--cmd = count
[2021-08-23 20:07:34]--[src_cgi/myfiles_cgi.c:536]--buf = {
    "token": "a1938422f12c17bd542687340e75801b",
    "user": "liult"
}

[2021-08-23 20:07:34]--[src_cgi/myfiles_cgi.c:175]--line = 2
[2021-08-23 20:07:34]--[src_cgi/myfiles_cgi.c:504]--cmd = normal
[2021-08-23 20:07:34]--[src_cgi/myfiles_cgi.c:536]--buf = {
    "count": 2,
    "start": 0,
    "token": "a1938422f12c17bd542687340e75801b",
    "user": "liult"
}

[2021-08-23 20:07:34]--[src_cgi/myfiles_cgi.c:556]--user = liult, token = a1938422f12c17bd542687340e75801b, start = 0, count = 2
[2021-08-23 20:07:34]--[src_cgi/myfiles_cgi.c:305]--select user_file_list.*, file_info.url, file_info.size, file_info.type from file_info, user_file_list where user = 'liult' and file_info.md5 = user_file_list.md5 limit 0, 2 在操作
[2021-08-23 20:07:34]--[src_cgi/myfiles_cgi.c:436]--{
	"files":	[{
			"user":	"liult",
			"md5":	"17669b63cad4793b285b61ccb1df7f46",
			"create_time":	"2021-07-27 18:30:05",
			"file_name":	"bazel1.png",
			"share_status":	0,
			"pv":	1,
			"url":	"http://47.108.75.171:80/group1/M00/00/00/rBT4p2D_4C2ActHRAACPRAVTRKk238.png",
			"size":	36676,
			"type":	"png"
		}, {
			"user":	"liult",
			"md5":	"79ae4d9361d0b859e367006d6bbe6203",
			"create_time":	"2021-07-27 18:43:06",
			"file_name":	"bazel2.png",
			"share_status":	0,
			"pv":	1,
			"url":	"http://47.108.75.171:80/group1/M00/00/00/rBT4p2D_4zqAaPjRAACXKrLG1Nc031.png",
			"size":	38698,
			"type":	"png"
		}]
}
[2021-08-23 20:08:48]--[src_cgi/myfiles_cgi.c:504]--cmd = count
[2021-08-23 20:08:48]--[src_cgi/myfiles_cgi.c:536]--buf = {
    "token": "a1938422f12c17bd542687340e75801b",
    "user": "liult"
}

[2021-08-23 20:08:48]--[src_cgi/myfiles_cgi.c:175]--line = 3
[2021-08-23 20:08:48]--[src_cgi/myfiles_cgi.c:504]--cmd = normal
[2021-08-23 20:08:48]--[src_cgi/myfiles_cgi.c:536]--buf = {
    "count": 3,
    "start": 0,
    "token": "a1938422f12c17bd542687340e75801b",
    "user": "liult"
}

[2021-08-23 20:08:48]--[src_cgi/myfiles_cgi.c:556]--user = liult, token = a1938422f12c17bd542687340e75801b, start = 0, count = 3
[2021-08-23 20:08:48]--[src_cgi/myfiles_cgi.c:305]--select user_file_list.*, file_info.url, file_info.size, file_info.type from file_info, user_file_list where user = 'liult' and file_info.md5 = user_file_list.md5 limit 0, 3 在操作
[2021-08-23 20:08:48]--[src_cgi/myfiles_cgi.c:436]--{
	"files":	[{
			"user":	"liult",
			"md5":	"17669b63cad4793b285b61ccb1df7f46",
			"create_time":	"2021-07-27 18:30:05",
			"file_name":	"bazel1.png",
			"share_status":	0,
			"pv":	1,
			"url":	"http://47.108.75.171:80/group1/M00/00/00/rBT4p2D_4C2ActHRAACPRAVTRKk238.png",
			"size":	36676,
			"type":	"png"
		}, {
			"user":	"liult",
			"md5":	"79ae4d9361d0b859e367006d6bbe6203",
			"create_time":	"2021-07-27 18:43:06",
			"file_name":	"bazel2.png",
			"share_status":	0,
			"pv":	1,
			"url":	"http://47.108.75.171:80/group1/M00/00/00/rBT4p2D_4zqAaPjRAACXKrLG1Nc031.png",
			"size":	38698,
			"type":	"png"
		}, {
			"user":	"liult",
			"md5":	"8b110e6b9b31ab66028406cf26cbfb49",
			"create_time":	"2021-08-23 20:07:56",
			"file_name":	"新建文本文档.txt",
			"share_status":	0,
			"pv":	0,
			"url":	"http://47.108.75.171:80/group1/M00/00/00/rBT4p2Ejj5yAH8EAAAABylT3ewo424.txt",
			"size":	458,
			"type":	"txt"
		}]
}
[2021-08-23 21:57:14]--[src_cgi/myfiles_cgi.c:504]--cmd = count
[2021-08-23 21:57:14]--[src_cgi/myfiles_cgi.c:536]--buf = {
    "token": "89c5326ff3e72dc36ffe2ac06293ccea",
    "user": "liult"
}

[2021-08-23 21:57:14]--[src_cgi/myfiles_cgi.c:175]--line = 3
[2021-08-23 21:57:14]--[src_cgi/myfiles_cgi.c:504]--cmd = normal
[2021-08-23 21:57:14]--[src_cgi/myfiles_cgi.c:536]--buf = {
    "count": 3,
    "start": 0,
    "token": "89c5326ff3e72dc36ffe2ac06293ccea",
    "user": "liult"
}

[2021-08-23 21:57:14]--[src_cgi/myfiles_cgi.c:556]--user = liult, token = 89c5326ff3e72dc36ffe2ac06293ccea, start = 0, count = 3
[2021-08-23 21:57:14]--[src_cgi/myfiles_cgi.c:305]--select user_file_list.*, file_info.url, file_info.size, file_info.type from file_info, user_file_list where user = 'liult' and file_info.md5 = user_file_list.md5 limit 0, 3 在操作
[2021-08-23 21:57:14]--[src_cgi/myfiles_cgi.c:436]--{
	"files":	[{
			"user":	"liult",
			"md5":	"17669b63cad4793b285b61ccb1df7f46",
			"create_time":	"2021-07-27 18:30:05",
			"file_name":	"bazel1.png",
			"share_status":	0,
			"pv":	1,
			"url":	"http://47.108.75.171:80/group1/M00/00/00/rBT4p2D_4C2ActHRAACPRAVTRKk238.png",
			"size":	36676,
			"type":	"png"
		}, {
			"user":	"liult",
			"md5":	"79ae4d9361d0b859e367006d6bbe6203",
			"create_time":	"2021-07-27 18:43:06",
			"file_name":	"bazel2.png",
			"share_status":	0,
			"pv":	1,
			"url":	"http://47.108.75.171:80/group1/M00/00/00/rBT4p2D_4zqAaPjRAACXKrLG1Nc031.png",
			"size":	38698,
			"type":	"png"
		}, {
			"user":	"liult",
			"md5":	"8b110e6b9b31ab66028406cf26cbfb49",
			"create_time":	"2021-08-23 20:07:56",
			"file_name":	"新建文本文档.txt",
			"share_status":	0,
			"pv":	1,
			"url":	"http://47.108.75.171:80/group1/M00/00/00/rBT4p2Ejj5yAH8EAAAABylT3ewo424.txt",
			"size":	458,
			"type":	"txt"
		}]
}
