[2021-08-25 09:11:12]--[src_cgi/sharefiles_cgi.c:605]--cmd = count
[2021-08-25 09:11:12]--[src_cgi/sharefiles_cgi.c:84]--line = 1
[2021-08-25 09:11:12]--[src_cgi/sharefiles_cgi.c:605]--cmd = normal
[2021-08-25 09:11:12]--[src_cgi/sharefiles_cgi.c:643]--buf = {
    "count": 1,
    "start": 0
}

[2021-08-25 09:11:12]--[src_cgi/sharefiles_cgi.c:652]--start = 0, count = 1
[2021-08-25 09:11:12]--[src_cgi/sharefiles_cgi.c:171]--select share_file_list.*, file_info.url, file_info.size, file_info.type from file_info, share_file_list where file_info.md5 = share_file_list.md5 limit 0, 1 在操作
[2021-08-25 09:11:12]--[src_cgi/sharefiles_cgi.c:299]--{
	"files":	[{
			"user":	"liult",
			"md5":	"79ae4d9361d0b859e367006d6bbe6203",
			"file_name":	"bazel2.png",
			"share_status":	1,
			"pv":	0,
			"create_time":	"2021-08-24 19:08:00",
			"url":	"http://47.108.75.171:80/group1/M00/00/00/rBT4p2D_4zqAaPjRAACXKrLG1Nc031.png",
			"size":	38698,
			"type":	"png"
		}]
}
[2021-08-25 11:35:32]--[src_cgi/sharefiles_cgi.c:605]--cmd = count
[2021-08-25 11:35:32]--[src_cgi/sharefiles_cgi.c:84]--line = 2
[2021-08-25 11:35:32]--[src_cgi/sharefiles_cgi.c:605]--cmd = normal
[2021-08-25 11:35:32]--[src_cgi/sharefiles_cgi.c:643]--buf = {
    "count": 2,
    "start": 0
}

[2021-08-25 11:35:32]--[src_cgi/sharefiles_cgi.c:652]--start = 0, count = 2
[2021-08-25 11:35:32]--[src_cgi/sharefiles_cgi.c:171]--select share_file_list.*, file_info.url, file_info.size, file_info.type from file_info, share_file_list where file_info.md5 = share_file_list.md5 limit 0, 2 在操作
[2021-08-25 11:35:32]--[src_cgi/sharefiles_cgi.c:299]--{
	"files":	[{
			"user":	"liult",
			"md5":	"17669b63cad4793b285b61ccb1df7f46",
			"file_name":	"bazel1.png",
			"share_status":	1,
			"pv":	0,
			"create_time":	"2021-08-25 09:11:16",
			"url":	"http://47.108.75.171:80/group1/M00/00/00/rBT4p2D_4C2ActHRAACPRAVTRKk238.png",
			"size":	36676,
			"type":	"png"
		}, {
			"user":	"liult",
			"md5":	"79ae4d9361d0b859e367006d6bbe6203",
			"file_name":	"bazel2.png",
			"share_status":	1,
			"pv":	0,
			"create_time":	"2021-08-24 19:08:00",
			"url":	"http://47.108.75.171:80/group1/M00/00/00/rBT4p2D_4zqAaPjRAACXKrLG1Nc031.png",
			"size":	38698,
			"type":	"png"
		}]
}
[2021-08-25 11:35:36]--[src_cgi/sharefiles_cgi.c:605]--cmd = count
[2021-08-25 11:35:36]--[src_cgi/sharefiles_cgi.c:84]--line = 2
[2021-08-25 11:35:36]--[src_cgi/sharefiles_cgi.c:605]--cmd = normal
[2021-08-25 11:35:36]--[src_cgi/sharefiles_cgi.c:643]--buf = {
    "count": 2,
    "start": 0
}

[2021-08-25 11:35:36]--[src_cgi/sharefiles_cgi.c:652]--start = 0, count = 2
[2021-08-25 11:35:36]--[src_cgi/sharefiles_cgi.c:171]--select share_file_list.*, file_info.url, file_info.size, file_info.type from file_info, share_file_list where file_info.md5 = share_file_list.md5 limit 0, 2 在操作
[2021-08-25 11:35:36]--[src_cgi/sharefiles_cgi.c:299]--{
	"files":	[{
			"user":	"liult",
			"md5":	"17669b63cad4793b285b61ccb1df7f46",
			"file_name":	"bazel1.png",
			"share_status":	1,
			"pv":	0,
			"create_time":	"2021-08-25 09:11:16",
			"url":	"http://47.108.75.171:80/group1/M00/00/00/rBT4p2D_4C2ActHRAACPRAVTRKk238.png",
			"size":	36676,
			"type":	"png"
		}, {
			"user":	"liult",
			"md5":	"79ae4d9361d0b859e367006d6bbe6203",
			"file_name":	"bazel2.png",
			"share_status":	1,
			"pv":	0,
			"create_time":	"2021-08-24 19:08:00",
			"url":	"http://47.108.75.171:80/group1/M00/00/00/rBT4p2D_4zqAaPjRAACXKrLG1Nc031.png",
			"size":	38698,
			"type":	"png"
		}]
}
[2021-08-25 11:35:38]--[src_cgi/sharefiles_cgi.c:605]--cmd = count
[2021-08-25 11:35:38]--[src_cgi/sharefiles_cgi.c:84]--line = 2
[2021-08-25 11:35:38]--[src_cgi/sharefiles_cgi.c:605]--cmd = normal
[2021-08-25 11:35:38]--[src_cgi/sharefiles_cgi.c:643]--buf = {
    "count": 2,
    "start": 0
}

[2021-08-25 11:35:38]--[src_cgi/sharefiles_cgi.c:652]--start = 0, count = 2
[2021-08-25 11:35:38]--[src_cgi/sharefiles_cgi.c:171]--select share_file_list.*, file_info.url, file_info.size, file_info.type from file_info, share_file_list where file_info.md5 = share_file_list.md5 limit 0, 2 在操作
[2021-08-25 11:35:38]--[src_cgi/sharefiles_cgi.c:299]--{
	"files":	[{
			"user":	"liult",
			"md5":	"17669b63cad4793b285b61ccb1df7f46",
			"file_name":	"bazel1.png",
			"share_status":	1,
			"pv":	0,
			"create_time":	"2021-08-25 09:11:16",
			"url":	"http://47.108.75.171:80/group1/M00/00/00/rBT4p2D_4C2ActHRAACPRAVTRKk238.png",
			"size":	36676,
			"type":	"png"
		}, {
			"user":	"liult",
			"md5":	"79ae4d9361d0b859e367006d6bbe6203",
			"file_name":	"bazel2.png",
			"share_status":	1,
			"pv":	0,
			"create_time":	"2021-08-24 19:08:00",
			"url":	"http://47.108.75.171:80/group1/M00/00/00/rBT4p2D_4zqAaPjRAACXKrLG1Nc031.png",
			"size":	38698,
			"type":	"png"
		}]
}
[2021-08-25 11:36:02]--[src_cgi/sharefiles_cgi.c:605]--cmd = count
[2021-08-25 11:36:02]--[src_cgi/sharefiles_cgi.c:84]--line = 2
[2021-08-25 11:36:02]--[src_cgi/sharefiles_cgi.c:605]--cmd = normal
[2021-08-25 11:36:02]--[src_cgi/sharefiles_cgi.c:643]--buf = {
    "count": 2,
    "start": 0
}

[2021-08-25 11:36:02]--[src_cgi/sharefiles_cgi.c:652]--start = 0, count = 2
[2021-08-25 11:36:02]--[src_cgi/sharefiles_cgi.c:171]--select share_file_list.*, file_info.url, file_info.size, file_info.type from file_info, share_file_list where file_info.md5 = share_file_list.md5 limit 0, 2 在操作
[2021-08-25 11:36:02]--[src_cgi/sharefiles_cgi.c:299]--{
	"files":	[{
			"user":	"liult",
			"md5":	"17669b63cad4793b285b61ccb1df7f46",
			"file_name":	"bazel1.png",
			"share_status":	1,
			"pv":	0,
			"create_time":	"2021-08-25 09:11:16",
			"url":	"http://47.108.75.171:80/group1/M00/00/00/rBT4p2D_4C2ActHRAACPRAVTRKk238.png",
			"size":	36676,
			"type":	"png"
		}, {
			"user":	"liult",
			"md5":	"79ae4d9361d0b859e367006d6bbe6203",
			"file_name":	"bazel2.png",
			"share_status":	1,
			"pv":	0,
			"create_time":	"2021-08-24 19:08:00",
			"url":	"http://47.108.75.171:80/group1/M00/00/00/rBT4p2D_4zqAaPjRAACXKrLG1Nc031.png",
			"size":	38698,
			"type":	"png"
		}]
}
[2021-08-25 11:48:19]--[src_cgi/sharefiles_cgi.c:605]--cmd = count
[2021-08-25 11:48:19]--[src_cgi/sharefiles_cgi.c:84]--line = 2
[2021-08-25 11:48:19]--[src_cgi/sharefiles_cgi.c:605]--cmd = normal
[2021-08-25 11:48:19]--[src_cgi/sharefiles_cgi.c:643]--buf = {
    "count": 2,
    "start": 0
}

[2021-08-25 11:48:19]--[src_cgi/sharefiles_cgi.c:652]--start = 0, count = 2
[2021-08-25 11:48:19]--[src_cgi/sharefiles_cgi.c:171]--select share_file_list.*, file_info.url, file_info.size, file_info.type from file_info, share_file_list where file_info.md5 = share_file_list.md5 limit 0, 2 在操作
[2021-08-25 11:48:19]--[src_cgi/sharefiles_cgi.c:299]--{
	"files":	[{
			"user":	"liult",
			"md5":	"17669b63cad4793b285b61ccb1df7f46",
			"file_name":	"bazel1.png",
			"share_status":	1,
			"pv":	0,
			"create_time":	"2021-08-25 09:11:16",
			"url":	"http://47.108.75.171:80/group1/M00/00/00/rBT4p2D_4C2ActHRAACPRAVTRKk238.png",
			"size":	36676,
			"type":	"png"
		}, {
			"user":	"liult",
			"md5":	"79ae4d9361d0b859e367006d6bbe6203",
			"file_name":	"bazel2.png",
			"share_status":	1,
			"pv":	0,
			"create_time":	"2021-08-24 19:08:00",
			"url":	"http://47.108.75.171:80/group1/M00/00/00/rBT4p2D_4zqAaPjRAACXKrLG1Nc031.png",
			"size":	38698,
			"type":	"png"
		}]
}
[2021-08-25 11:48:22]--[src_cgi/sharefiles_cgi.c:605]--cmd = count
[2021-08-25 11:48:22]--[src_cgi/sharefiles_cgi.c:84]--line = 2
[2021-08-25 11:48:22]--[src_cgi/sharefiles_cgi.c:605]--cmd = normal
[2021-08-25 11:48:22]--[src_cgi/sharefiles_cgi.c:643]--buf = {
    "count": 2,
    "start": 0
}

[2021-08-25 11:48:22]--[src_cgi/sharefiles_cgi.c:652]--start = 0, count = 2
[2021-08-25 11:48:22]--[src_cgi/sharefiles_cgi.c:171]--select share_file_list.*, file_info.url, file_info.size, file_info.type from file_info, share_file_list where file_info.md5 = share_file_list.md5 limit 0, 2 在操作
[2021-08-25 11:48:22]--[src_cgi/sharefiles_cgi.c:299]--{
	"files":	[{
			"user":	"liult",
			"md5":	"17669b63cad4793b285b61ccb1df7f46",
			"file_name":	"bazel1.png",
			"share_status":	1,
			"pv":	0,
			"create_time":	"2021-08-25 09:11:16",
			"url":	"http://47.108.75.171:80/group1/M00/00/00/rBT4p2D_4C2ActHRAACPRAVTRKk238.png",
			"size":	36676,
			"type":	"png"
		}, {
			"user":	"liult",
			"md5":	"79ae4d9361d0b859e367006d6bbe6203",
			"file_name":	"bazel2.png",
			"share_status":	1,
			"pv":	0,
			"create_time":	"2021-08-24 19:08:00",
			"url":	"http://47.108.75.171:80/group1/M00/00/00/rBT4p2D_4zqAaPjRAACXKrLG1Nc031.png",
			"size":	38698,
			"type":	"png"
		}]
}
