[2021-09-03 08:11:53]--[src_cgi/login_cgi.c:287]--buf = {
    "pwd": "e10adc3949ba59abbe56e057f20f883e",
    "user": "123"
}

[2021-09-03 08:11:53]--[src_cgi/login_cgi.c:293]--username = 123, pwd = e10adc3949ba59abbe56e057f20f883e
[2021-09-03 08:11:53]--[src_cgi/login_cgi.c:100]--mysql_user = root, mysql_pwd = 123, mysql_db = 0voice_cloud_disk
[2021-09-03 08:11:53]--[src_cgi/login_cgi.c:160]--redis:[ip=127.0.0.1,port=6379]
[2021-09-03 08:11:53]--[src_cgi/login_cgi.c:184]--tmp = 123896641808558
[2021-09-03 08:11:53]--[src_cgi/login_cgi.c:200]--base64 = bqYG3D8ip/3wS5/6l2dq+Q==
[2021-09-03 08:11:53]--[src_cgi/login_cgi.c:302]--token = 1b407b8838a9d9d95ceabc2cbd7f89c7
[2021-09-03 08:12:04]--[src_cgi/login_cgi.c:287]--buf = {
    "pwd": "e10adc3949ba59abbe56e057f20f883e",
    "user": "123"
}

[2021-09-03 08:12:04]--[src_cgi/login_cgi.c:293]--username = 123, pwd = e10adc3949ba59abbe56e057f20f883e
[2021-09-03 08:12:04]--[src_cgi/login_cgi.c:100]--mysql_user = root, mysql_pwd = 123, mysql_db = 0voice_cloud_disk
[2021-09-03 08:12:04]--[src_cgi/login_cgi.c:160]--redis:[ip=127.0.0.1,port=6379]
[2021-09-03 08:12:04]--[src_cgi/login_cgi.c:184]--tmp = 1236702133162
[2021-09-03 08:12:04]--[src_cgi/login_cgi.c:200]--base64 = V8d10jzwuGLdFnwRDR1Vmw==
[2021-09-03 08:12:04]--[src_cgi/login_cgi.c:302]--token = 538ac3164c49521c7d1965dfb2a190e4
