[2021-07-26 04:22:03]--[src_cgi/login_cgi.c:274]--len = 0, No data from standard input
[2021-07-26 21:29:09]--[src_cgi/login_cgi.c:287]--buf = {
    "pwd": "e10adc3949ba59abbe56e057f20f883e",
    "user": "liult"
}

[2021-07-26 21:29:09]--[src_cgi/login_cgi.c:293]--username = liult, pwd = e10adc3949ba59abbe56e057f20f883e
[2021-07-26 21:29:09]--[src_cgi/login_cgi.c:100]--mysql_user = root, mysql_pwd = 123, mysql_db = 0voice_cloud_disk
[2021-07-26 21:29:09]--[src_cgi/login_cgi.c:160]--redis:[ip=127.0.0.1,port=6379]
[2021-07-26 21:29:09]--[src_cgi/login_cgi.c:184]--tmp = liult9250515301
[2021-07-26 21:29:09]--[src_cgi/login_cgi.c:200]--base64 = m7W3sO+etIjPoFFMLsjiIQ==
[2021-07-26 21:29:09]--[src_cgi/login_cgi.c:302]--token = 2b828d43bb35eca35f212053eea9c49a
[2021-07-26 21:32:03]--[src_cgi/login_cgi.c:287]--buf = {
    "pwd": "e10adc3949ba59abbe56e057f20f883e",
    "user": "liult"
}

[2021-07-26 21:32:03]--[src_cgi/login_cgi.c:293]--username = liult, pwd = e10adc3949ba59abbe56e057f20f883e
[2021-07-26 21:32:03]--[src_cgi/login_cgi.c:100]--mysql_user = root, mysql_pwd = 123, mysql_db = 0voice_cloud_disk
[2021-07-26 21:32:03]--[src_cgi/login_cgi.c:160]--redis:[ip=127.0.0.1,port=6379]
[2021-07-26 21:32:03]--[src_cgi/login_cgi.c:184]--tmp = liult271488208918
[2021-07-26 21:32:03]--[src_cgi/login_cgi.c:200]--base64 = MHlm407diRuUTcBHJvwh91SLR+LwC1FL
[2021-07-26 21:32:03]--[src_cgi/login_cgi.c:302]--token = 67ec61d86f81649a8c17e8a2376e508f
[2021-07-26 21:32:08]--[src_cgi/login_cgi.c:287]--buf = {
    "pwd": "e10adc3949ba59abbe56e057f20f883e",
    "user": "liult"
}

[2021-07-26 21:32:08]--[src_cgi/login_cgi.c:293]--username = liult, pwd = e10adc3949ba59abbe56e057f20f883e
[2021-07-26 21:32:08]--[src_cgi/login_cgi.c:100]--mysql_user = root, mysql_pwd = 123, mysql_db = 0voice_cloud_disk
[2021-07-26 21:32:08]--[src_cgi/login_cgi.c:160]--redis:[ip=127.0.0.1,port=6379]
[2021-07-26 21:32:08]--[src_cgi/login_cgi.c:184]--tmp = liult4486881795
[2021-07-26 21:32:08]--[src_cgi/login_cgi.c:200]--base64 = g6DAPAVAihWpTxqayiJXhw==
[2021-07-26 21:32:08]--[src_cgi/login_cgi.c:302]--token = 671bbc001db3e2e568aa3abbabc5502f
