[2021-07-27 08:28:09]--[src_cgi/login_cgi.c:287]--buf = {
    "pwd": "e10adc3949ba59abbe56e057f20f883e",
    "user": "liult"
}

[2021-07-27 08:28:09]--[src_cgi/login_cgi.c:293]--username = liult, pwd = e10adc3949ba59abbe56e057f20f883e
[2021-07-27 08:28:09]--[src_cgi/login_cgi.c:100]--mysql_user = root, mysql_pwd = 123, mysql_db = 0voice_cloud_disk
[2021-07-27 08:28:09]--[src_cgi/login_cgi.c:160]--redis:[ip=127.0.0.1,port=6379]
[2021-07-27 08:28:09]--[src_cgi/login_cgi.c:184]--tmp = liult886413348565
[2021-07-27 08:28:09]--[src_cgi/login_cgi.c:200]--base64 = GKFw3dJem5rk9fMKEjvlt2+Ut+5trQL2
[2021-07-27 08:28:09]--[src_cgi/login_cgi.c:302]--token = 07ec464ca20b975768f42618763c495a
[2021-07-27 08:54:46]--[src_cgi/login_cgi.c:287]--buf = {
    "pwd": "e10adc3949ba59abbe56e057f20f883e",
    "user": "liult"
}

[2021-07-27 08:54:46]--[src_cgi/login_cgi.c:293]--username = liult, pwd = e10adc3949ba59abbe56e057f20f883e
[2021-07-27 08:54:46]--[src_cgi/login_cgi.c:100]--mysql_user = root, mysql_pwd = 123, mysql_db = 0voice_cloud_disk
[2021-07-27 08:54:46]--[src_cgi/login_cgi.c:160]--redis:[ip=127.0.0.1,port=6379]
[2021-07-27 08:54:46]--[src_cgi/login_cgi.c:184]--tmp = liult97039498512
[2021-07-27 08:54:46]--[src_cgi/login_cgi.c:200]--base64 = xAJ2x2CQSdg5b1sRVQ993C0ZxLNK7pNJ
[2021-07-27 08:54:46]--[src_cgi/login_cgi.c:302]--token = db287c08b41f5dc1681f03c2121a4927
[2021-07-27 09:46:31]--[src_cgi/login_cgi.c:287]--buf = {
    "pwd": "e10adc3949ba59abbe56e057f20f883e",
    "user": "liult"
}

[2021-07-27 09:46:31]--[src_cgi/login_cgi.c:293]--username = liult, pwd = e10adc3949ba59abbe56e057f20f883e
[2021-07-27 09:46:31]--[src_cgi/login_cgi.c:100]--mysql_user = root, mysql_pwd = 123, mysql_db = 0voice_cloud_disk
[2021-07-27 09:46:31]--[src_cgi/login_cgi.c:160]--redis:[ip=127.0.0.1,port=6379]
[2021-07-27 09:46:31]--[src_cgi/login_cgi.c:184]--tmp = liult965741199589
[2021-07-27 09:46:31]--[src_cgi/login_cgi.c:200]--base64 = 77Zhe6fxFP6K+vMTQAbPqlzqyK7PQug1
[2021-07-27 09:46:31]--[src_cgi/login_cgi.c:302]--token = 698947f075f642b6fd69f02d8854f14e
[2021-07-27 09:52:46]--[src_cgi/login_cgi.c:287]--buf = {
    "pwd": "e10adc3949ba59abbe56e057f20f883e",
    "user": "liult"
}

[2021-07-27 09:52:46]--[src_cgi/login_cgi.c:293]--username = liult, pwd = e10adc3949ba59abbe56e057f20f883e
[2021-07-27 09:52:46]--[src_cgi/login_cgi.c:100]--mysql_user = root, mysql_pwd = 123, mysql_db = 0voice_cloud_disk
[2021-07-27 09:52:46]--[src_cgi/login_cgi.c:160]--redis:[ip=127.0.0.1,port=6379]
[2021-07-27 09:52:46]--[src_cgi/login_cgi.c:184]--tmp = liult20262889602
[2021-07-27 09:52:46]--[src_cgi/login_cgi.c:200]--base64 = oJ4r04AbOARpNQsmopv8Vi0ZxLNK7pNJ
[2021-07-27 09:52:46]--[src_cgi/login_cgi.c:302]--token = 4cf72ccb5fe1dd9e5d49e2600fd96045
[2021-07-27 11:05:16]--[src_cgi/login_cgi.c:287]--buf = {
    "pwd": "e10adc3949ba59abbe56e057f20f883e",
    "user": "liult"
}

[2021-07-27 11:05:16]--[src_cgi/login_cgi.c:293]--username = liult, pwd = e10adc3949ba59abbe56e057f20f883e
[2021-07-27 11:05:16]--[src_cgi/login_cgi.c:100]--mysql_user = root, mysql_pwd = 123, mysql_db = 0voice_cloud_disk
[2021-07-27 11:05:16]--[src_cgi/login_cgi.c:160]--redis:[ip=127.0.0.1,port=6379]
[2021-07-27 11:05:16]--[src_cgi/login_cgi.c:184]--tmp = liult620115920298
[2021-07-27 11:05:16]--[src_cgi/login_cgi.c:200]--base64 = HgM6pkmbNM7nd9wUHEwAAVSLR+LwC1FL
[2021-07-27 11:05:16]--[src_cgi/login_cgi.c:302]--token = f64a1290fd44f222505ae526c5d1bca9
[2021-07-27 11:07:15]--[src_cgi/login_cgi.c:287]--buf = {
    "pwd": "e10adc3949ba59abbe56e057f20f883e",
    "user": "liult"
}

[2021-07-27 11:07:15]--[src_cgi/login_cgi.c:293]--username = liult, pwd = e10adc3949ba59abbe56e057f20f883e
[2021-07-27 11:07:15]--[src_cgi/login_cgi.c:100]--mysql_user = root, mysql_pwd = 123, mysql_db = 0voice_cloud_disk
[2021-07-27 11:07:15]--[src_cgi/login_cgi.c:160]--redis:[ip=127.0.0.1,port=6379]
[2021-07-27 11:07:15]--[src_cgi/login_cgi.c:184]--tmp = liult588220985968
[2021-07-27 11:07:15]--[src_cgi/login_cgi.c:200]--base64 = cogqnc+pjXSN81D4PF1FQVSLR+LwC1FL
[2021-07-27 11:07:15]--[src_cgi/login_cgi.c:302]--token = 9cd33a70cf637800462c1baa7a1567af
[2021-07-27 11:11:47]--[src_cgi/login_cgi.c:287]--buf = {
    "pwd": "e10adc3949ba59abbe56e057f20f883e",
    "user": "liult"
}

[2021-07-27 11:11:47]--[src_cgi/login_cgi.c:293]--username = liult, pwd = e10adc3949ba59abbe56e057f20f883e
[2021-07-27 11:11:47]--[src_cgi/login_cgi.c:100]--mysql_user = root, mysql_pwd = 123, mysql_db = 0voice_cloud_disk
[2021-07-27 11:11:47]--[src_cgi/login_cgi.c:160]--redis:[ip=127.0.0.1,port=6379]
[2021-07-27 11:11:47]--[src_cgi/login_cgi.c:184]--tmp = liult49090743187
[2021-07-27 11:11:47]--[src_cgi/login_cgi.c:200]--base64 = IdXWQcx/jsOrOXzuzHIV3i0ZxLNK7pNJ
[2021-07-27 11:11:47]--[src_cgi/login_cgi.c:302]--token = e2bfdfe31a1e191d31e8a24df8203cf7
[2021-07-27 12:08:52]--[src_cgi/login_cgi.c:287]--buf = {
    "pwd": "e10adc3949ba59abbe56e057f20f883e",
    "user": "caokf"
}

[2021-07-27 12:08:52]--[src_cgi/login_cgi.c:293]--username = caokf, pwd = e10adc3949ba59abbe56e057f20f883e
[2021-07-27 12:08:52]--[src_cgi/login_cgi.c:100]--mysql_user = root, mysql_pwd = 123, mysql_db = 0voice_cloud_disk
[2021-07-27 12:08:52]--[src_cgi/login_cgi.c:160]--redis:[ip=127.0.0.1,port=6379]
[2021-07-27 12:08:52]--[src_cgi/login_cgi.c:184]--tmp = caokf857761233843
[2021-07-27 12:08:52]--[src_cgi/login_cgi.c:200]--base64 = cEySn+WdCDr3Ye3sWzMsca7DEUAkWTSv
[2021-07-27 12:08:52]--[src_cgi/login_cgi.c:302]--token = 1303605e9deeb6b23c8a280cf6ff4f2e
[2021-07-27 12:09:14]--[src_cgi/login_cgi.c:287]--buf = {
    "pwd": "e10adc3949ba59abbe56e057f20f883e",
    "user": "caokf"
}

[2021-07-27 12:09:14]--[src_cgi/login_cgi.c:293]--username = caokf, pwd = e10adc3949ba59abbe56e057f20f883e
[2021-07-27 12:09:14]--[src_cgi/login_cgi.c:100]--mysql_user = root, mysql_pwd = 123, mysql_db = 0voice_cloud_disk
[2021-07-27 12:09:14]--[src_cgi/login_cgi.c:160]--redis:[ip=127.0.0.1,port=6379]
[2021-07-27 12:09:14]--[src_cgi/login_cgi.c:184]--tmp = caokf244861643545
[2021-07-27 12:09:14]--[src_cgi/login_cgi.c:200]--base64 = 8HTLCoYWh5A+gSZgvxcFLW+Ut+5trQL2
[2021-07-27 12:09:14]--[src_cgi/login_cgi.c:302]--token = e68801001551d4675e0d0a3347863a5b
[2021-07-27 12:36:15]--[src_cgi/login_cgi.c:287]--buf = {
    "pwd": "e10adc3949ba59abbe56e057f20f883e",
    "user": "liult"
}

[2021-07-27 12:36:15]--[src_cgi/login_cgi.c:293]--username = liult, pwd = e10adc3949ba59abbe56e057f20f883e
[2021-07-27 12:36:15]--[src_cgi/login_cgi.c:100]--mysql_user = root, mysql_pwd = 123, mysql_db = 0voice_cloud_disk
[2021-07-27 12:36:15]--[src_cgi/login_cgi.c:160]--redis:[ip=127.0.0.1,port=6379]
[2021-07-27 12:36:15]--[src_cgi/login_cgi.c:184]--tmp = liult544969855746
[2021-07-27 12:36:15]--[src_cgi/login_cgi.c:200]--base64 = 7++xojd0o+mZLVp9wrz5eewb1egIr+tu
[2021-07-27 12:36:15]--[src_cgi/login_cgi.c:302]--token = 0ca74694fe481c45350f05a0ed7ac7ee
[2021-07-27 14:02:26]--[src_cgi/login_cgi.c:287]--buf = {
    "pwd": "e10adc3949ba59abbe56e057f20f883e",
    "user": "liult"
}

[2021-07-27 14:02:26]--[src_cgi/login_cgi.c:293]--username = liult, pwd = e10adc3949ba59abbe56e057f20f883e
[2021-07-27 14:02:26]--[src_cgi/login_cgi.c:100]--mysql_user = root, mysql_pwd = 123, mysql_db = 0voice_cloud_disk
[2021-07-27 14:02:26]--[src_cgi/login_cgi.c:160]--redis:[ip=127.0.0.1,port=6379]
[2021-07-27 14:02:26]--[src_cgi/login_cgi.c:184]--tmp = liult34438697727
[2021-07-27 14:02:26]--[src_cgi/login_cgi.c:200]--base64 = J5uKMePZ4CZVQWpaIqNY5y0ZxLNK7pNJ
[2021-07-27 14:02:26]--[src_cgi/login_cgi.c:302]--token = 86b564b3f407240e23d317a1c71c25e6
[2021-07-27 14:15:07]--[src_cgi/login_cgi.c:287]--buf = {
    "pwd": "e10adc3949ba59abbe56e057f20f883e",
    "user": "liult"
}

[2021-07-27 14:15:07]--[src_cgi/login_cgi.c:293]--username = liult, pwd = e10adc3949ba59abbe56e057f20f883e
[2021-07-27 14:15:07]--[src_cgi/login_cgi.c:100]--mysql_user = root, mysql_pwd = 123, mysql_db = 0voice_cloud_disk
[2021-07-27 14:15:07]--[src_cgi/login_cgi.c:160]--redis:[ip=127.0.0.1,port=6379]
[2021-07-27 14:15:07]--[src_cgi/login_cgi.c:184]--tmp = liult251652993787
[2021-07-27 14:15:07]--[src_cgi/login_cgi.c:200]--base64 = TpJXOgGONxFp8p8/gok7MfUujTBmz0dF
[2021-07-27 14:15:07]--[src_cgi/login_cgi.c:302]--token = e0069524b339501a60e561055a11f26a
[2021-07-27 18:26:42]--[src_cgi/login_cgi.c:287]--buf = {
    "pwd": "e10adc3949ba59abbe56e057f20f883e",
    "user": "liult"
}

[2021-07-27 18:26:42]--[src_cgi/login_cgi.c:293]--username = liult, pwd = e10adc3949ba59abbe56e057f20f883e
[2021-07-27 18:26:42]--[src_cgi/login_cgi.c:100]--mysql_user = root, mysql_pwd = 123, mysql_db = 0voice_cloud_disk
[2021-07-27 18:26:42]--[src_cgi/login_cgi.c:160]--redis:[ip=127.0.0.1,port=6379]
[2021-07-27 18:26:42]--[src_cgi/login_cgi.c:184]--tmp = liult918168657604
[2021-07-27 18:26:42]--[src_cgi/login_cgi.c:200]--base64 = C+nsR7g4mAWh+k1SNR1vK5+HwxKUAZ0k
[2021-07-27 18:26:42]--[src_cgi/login_cgi.c:302]--token = df63dbd696ccf665e6ff42d3f5bd10de
[2021-07-27 18:29:10]--[src_cgi/login_cgi.c:287]--buf = {
    "pwd": "e10adc3949ba59abbe56e057f20f883e",
    "user": "liult"
}

[2021-07-27 18:29:10]--[src_cgi/login_cgi.c:293]--username = liult, pwd = e10adc3949ba59abbe56e057f20f883e
[2021-07-27 18:29:10]--[src_cgi/login_cgi.c:100]--mysql_user = root, mysql_pwd = 123, mysql_db = 0voice_cloud_disk
[2021-07-27 18:29:10]--[src_cgi/login_cgi.c:160]--redis:[ip=127.0.0.1,port=6379]
[2021-07-27 18:29:10]--[src_cgi/login_cgi.c:184]--tmp = liult271697767543
[2021-07-27 18:29:10]--[src_cgi/login_cgi.c:200]--base64 = MHlm407diRsu7+HtQfWZCa7DEUAkWTSv
[2021-07-27 18:29:10]--[src_cgi/login_cgi.c:302]--token = 010582faad3a1c140f5cdcbfa28ab462
[2021-07-27 18:42:57]--[src_cgi/login_cgi.c:287]--buf = {
    "pwd": "e10adc3949ba59abbe56e057f20f883e",
    "user": "liult"
}

[2021-07-27 18:42:57]--[src_cgi/login_cgi.c:293]--username = liult, pwd = e10adc3949ba59abbe56e057f20f883e
[2021-07-27 18:42:57]--[src_cgi/login_cgi.c:100]--mysql_user = root, mysql_pwd = 123, mysql_db = 0voice_cloud_disk
[2021-07-27 18:42:57]--[src_cgi/login_cgi.c:160]--redis:[ip=127.0.0.1,port=6379]
[2021-07-27 18:42:57]--[src_cgi/login_cgi.c:184]--tmp = liult672819993227
[2021-07-27 18:42:57]--[src_cgi/login_cgi.c:200]--base64 = Yc33oByp778cqpG45Hpd5vUujTBmz0dF
[2021-07-27 18:42:57]--[src_cgi/login_cgi.c:302]--token = 8b0023938632ae3d76311094b335a776
