[2021-07-27 08:17:12]--[src_cgi/md5_cgi.c:39]--mysql:[user=root,pwd=123,database=0voice_cloud_disk][2021-07-27 08:46:10]--[src_cgi/md5_cgi.c:39]--mysql:[user=root,pwd=123,database=0voice_cloud_disk][2021-07-27 08:54:20]--[src_cgi/md5_cgi.c:39]--mysql:[user=root,pwd=123,database=0voice_cloud_disk][2021-07-27 08:55:57]--[src_cgi/md5_cgi.c:337]--buf = {
    "fileName": "test0727-1.txt",
    "md5": "d64216f4a43994876e37f6ce2203501c",
    "token": "db287c08b41f5dc1681f03c2121a4927",
    "user": "liult"
}

[2021-07-27 08:55:57]--[src_cgi/md5_cgi.c:359]--user = liult, token = db287c08b41f5dc1681f03c2121a4927, md5 = d64216f4a43994876e37f6ce2203501c, filename = test0727-1.txt
[2021-07-27 09:05:29]--[src_cgi/md5_cgi.c:39]--mysql:[user=root,pwd=123,database=0voice_cloud_disk][2021-07-27 09:06:35]--[src_cgi/md5_cgi.c:39]--mysql:[user=root,pwd=123,database=0voice_cloud_disk][2021-07-27 09:06:58]--[src_cgi/md5_cgi.c:39]--mysql:[user=root,pwd=123,database=0voice_cloud_disk][2021-07-27 09:07:31]--[src_cgi/md5_cgi.c:39]--mysql:[user=root,pwd=123,database=0voice_cloud_disk][2021-07-27 09:08:50]--[src_cgi/md5_cgi.c:39]--mysql:[user=root,pwd=123,database=0voice_cloud_disk][2021-07-27 09:09:54]--[src_cgi/md5_cgi.c:39]--mysql:[user=root,pwd=123,database=0voice_cloud_disk][2021-07-27 09:10:16]--[src_cgi/md5_cgi.c:39]--mysql:[user=root,pwd=123,database=0voice_cloud_disk][2021-07-27 09:10:56]--[src_cgi/md5_cgi.c:39]--mysql:[user=root,pwd=123,database=0voice_cloud_disk][2021-07-27 09:11:17]--[src_cgi/md5_cgi.c:39]--mysql:[user=root,pwd=123,database=0voice_cloud_disk][2021-07-27 09:52:33]--[src_cgi/md5_cgi.c:39]--mysql:[user=root,pwd=123,database=0voice_cloud_disk][2021-07-27 09:56:43]--[src_cgi/md5_cgi.c:39]--mysql:[user=root,pwd=123,database=0voice_cloud_disk][2021-07-27 09:59:23]--[src_cgi/md5_cgi.c:39]--mysql:[user=root,pwd=123,database=0voice_cloud_disk][2021-07-27 09:59:49]--[src_cgi/md5_cgi.c:39]--mysql:[user=root,pwd=123,database=0voice_cloud_disk][2021-07-27 10:03:54]--[src_cgi/md5_cgi.c:39]--mysql:[user=root,pwd=123,database=0voice_cloud_disk][2021-07-27 10:04:04]--[src_cgi/md5_cgi.c:39]--mysql:[user=root,pwd=123,database=0voice_cloud_disk][2021-07-27 10:04:20]--[src_cgi/md5_cgi.c:39]--mysql:[user=root,pwd=123,database=0voice_cloud_disk][2021-07-27 10:06:15]--[src_cgi/md5_cgi.c:39]--mysql:[user=root,pwd=123,database=0voice_cloud_disk][2021-07-27 10:09:35]--[src_cgi/md5_cgi.c:39]--mysql:[user=root,pwd=123,database=0voice_cloud_disk][2021-07-27 10:19:32]--[src_cgi/md5_cgi.c:39]--mysql:[user=root,pwd=123,database=0voice_cloud_disk][2021-07-27 10:31:22]--[src_cgi/md5_cgi.c:39]--mysql:[user=root,pwd=123,database=0voice_cloud_disk][2021-07-27 11:05:07]--[src_cgi/md5_cgi.c:39]--mysql:[user=root,pwd=123,database=0voice_cloud_disk][2021-07-27 11:06:34]--[src_cgi/md5_cgi.c:39]--mysql:[user=root,pwd=123,database=0voice_cloud_disk][2021-07-27 11:10:21]--[src_cgi/md5_cgi.c:39]--mysql:[user=root,pwd=123,database=0voice_cloud_disk][2021-07-27 12:09:06]--[src_cgi/md5_cgi.c:337]--buf = {
    "fileName": "1-1.bmp",
    "md5": "a0975080cdcffa9d106f0b9e5de48e1e",
    "token": "1303605e9deeb6b23c8a280cf6ff4f2e",
    "user": "caokf"
}

[2021-07-27 12:09:06]--[src_cgi/md5_cgi.c:359]--user = caokf, token = 1303605e9deeb6b23c8a280cf6ff4f2e, md5 = a0975080cdcffa9d106f0b9e5de48e1e, filename = 1-1.bmp
[2021-07-27 12:09:25]--[src_cgi/md5_cgi.c:337]--buf = {
    "fileName": "test0727-1.txt",
    "md5": "d64216f4a43994876e37f6ce2203501c",
    "token": "e68801001551d4675e0d0a3347863a5b",
    "user": "caokf"
}

[2021-07-27 12:09:25]--[src_cgi/md5_cgi.c:359]--user = caokf, token = e68801001551d4675e0d0a3347863a5b, md5 = d64216f4a43994876e37f6ce2203501c, filename = test0727-1.txt
[2021-07-27 18:26:29]--[src_cgi/md5_cgi.c:39]--mysql:[user=root,pwd=123,database=0voice_cloud_disk][2021-07-27 18:28:49]--[src_cgi/md5_cgi.c:39]--mysql:[user=root,pwd=123,database=0voice_cloud_disk][2021-07-27 18:30:05]--[src_cgi/md5_cgi.c:337]--buf = {
    "fileName": "bazel1.png",
    "md5": "17669b63cad4793b285b61ccb1df7f46",
    "token": "010582faad3a1c140f5cdcbfa28ab462",
    "user": "liult"
}

[2021-07-27 18:30:05]--[src_cgi/md5_cgi.c:359]--user = liult, token = 010582faad3a1c140f5cdcbfa28ab462, md5 = 17669b63cad4793b285b61ccb1df7f46, filename = bazel1.png
[2021-07-27 18:33:52]--[src_cgi/md5_cgi.c:39]--mysql:[user=root,pwd=123,database=0voice_cloud_disk][2021-07-27 18:42:46]--[src_cgi/md5_cgi.c:39]--mysql:[user=root,pwd=123,database=0voice_cloud_disk][2021-07-27 18:43:06]--[src_cgi/md5_cgi.c:337]--buf = {
    "fileName": "bazel2.png",
    "md5": "79ae4d9361d0b859e367006d6bbe6203",
    "token": "8b0023938632ae3d76311094b335a776",
    "user": "liult"
}

[2021-07-27 18:43:06]--[src_cgi/md5_cgi.c:359]--user = liult, token = 8b0023938632ae3d76311094b335a776, md5 = 79ae4d9361d0b859e367006d6bbe6203, filename = bazel2.png
