[2021-07-27 08:17:12]--[src_cgi/myfiles_cgi.c:39]--mysql:[user=root,pwd=123,database=0voice_cloud_disk][2021-07-27 08:28:09]--[src_cgi/myfiles_cgi.c:504]--cmd = count
[2021-07-27 08:28:09]--[src_cgi/myfiles_cgi.c:536]--buf = {
    "token": "07ec464ca20b975768f42618763c495a",
    "user": "liult"
}

[2021-07-27 08:28:09]--[src_cgi/myfiles_cgi.c:175]--line = 3
[2021-07-27 08:28:09]--[src_cgi/myfiles_cgi.c:504]--cmd = normal
[2021-07-27 08:28:09]--[src_cgi/myfiles_cgi.c:536]--buf = {
    "count": 3,
    "start": 0,
    "token": "07ec464ca20b975768f42618763c495a",
    "user": "liult"
}

[2021-07-27 08:28:09]--[src_cgi/myfiles_cgi.c:556]--user = liult, token = 07ec464ca20b975768f42618763c495a, start = 0, count = 3
[2021-07-27 08:28:09]--[src_cgi/myfiles_cgi.c:305]--select user_file_list.*, file_info.url, file_info.size, file_info.type from file_info, user_file_list where user = 'liult' and file_info.md5 = user_file_list.md5 limit 0, 3 在操作
[2021-07-27 08:28:09]--[src_cgi/myfiles_cgi.c:436]--{
	"files":	[{
			"user":	"liult",
			"md5":	"d41d8cd98f00b204e9800998ecf8427e",
			"create_time":	"2021-07-26 21:30:02",
			"file_name":	"test0726.txt",
			"share_status":	0,
			"pv":	0,
			"url":	"http://172.20.248.167:80/group1/M00/00/00/rBT4p2D-uNqAc4llAAAAAAAAAAA658.txt",
			"size":	0,
			"type":	"txt"
		}, {
			"user":	"liult",
			"md5":	"432cdd8b15f44128ab9ce0dffa305fbc",
			"create_time":	"2021-07-26 21:30:35",
			"file_name":	"test0726-1.txt",
			"share_status":	0,
			"pv":	3,
			"url":	"http://172.20.248.167:80/group1/M00/00/00/rBT4p2D-uPuAZVWkAAAAM0hFvw4033.txt",
			"size":	51,
			"type":	"txt"
		}, {
			"user":	"liult",
			"md5":	"71dc5528330519165801195652e67d2c",
			"create_time":	"2021-07-26 21:35:59",
			"file_name":	"0.png",
			"share_status":	0,
			"pv":	1,
			"url":	"http://172.20.248.167:80/group1/M00/00/00/rBT4p2D-uj-AHy60AAEIYarYfbA403.png",
			"size":	67681,
			"type":	"png"
		}]
}
[2021-07-27 08:46:10]--[src_cgi/myfiles_cgi.c:39]--mysql:[user=root,pwd=123,database=0voice_cloud_disk][2021-07-27 08:54:20]--[src_cgi/myfiles_cgi.c:39]--mysql:[user=root,pwd=123,database=0voice_cloud_disk][2021-07-27 08:54:46]--[src_cgi/myfiles_cgi.c:504]--cmd = count
[2021-07-27 08:54:46]--[src_cgi/myfiles_cgi.c:536]--buf = {
    "token": "db287c08b41f5dc1681f03c2121a4927",
    "user": "liult"
}

[2021-07-27 08:54:46]--[src_cgi/myfiles_cgi.c:175]--line = 3
[2021-07-27 08:54:46]--[src_cgi/myfiles_cgi.c:504]--cmd = normal
[2021-07-27 08:54:46]--[src_cgi/myfiles_cgi.c:536]--buf = {
    "count": 3,
    "start": 0,
    "token": "db287c08b41f5dc1681f03c2121a4927",
    "user": "liult"
}

[2021-07-27 08:54:46]--[src_cgi/myfiles_cgi.c:556]--user = liult, token = db287c08b41f5dc1681f03c2121a4927, start = 0, count = 3
[2021-07-27 08:54:46]--[src_cgi/myfiles_cgi.c:305]--select user_file_list.*, file_info.url, file_info.size, file_info.type from file_info, user_file_list where user = 'liult' and file_info.md5 = user_file_list.md5 limit 0, 3 在操作
[2021-07-27 08:54:46]--[src_cgi/myfiles_cgi.c:436]--{
	"files":	[{
			"user":	"liult",
			"md5":	"d41d8cd98f00b204e9800998ecf8427e",
			"create_time":	"2021-07-26 21:30:02",
			"file_name":	"test0726.txt",
			"share_status":	0,
			"pv":	0,
			"url":	"http://172.20.248.167:80/group1/M00/00/00/rBT4p2D-uNqAc4llAAAAAAAAAAA658.txt",
			"size":	0,
			"type":	"txt"
		}, {
			"user":	"liult",
			"md5":	"432cdd8b15f44128ab9ce0dffa305fbc",
			"create_time":	"2021-07-26 21:30:35",
			"file_name":	"test0726-1.txt",
			"share_status":	0,
			"pv":	4,
			"url":	"http://172.20.248.167:80/group1/M00/00/00/rBT4p2D-uPuAZVWkAAAAM0hFvw4033.txt",
			"size":	51,
			"type":	"txt"
		}, {
			"user":	"liult",
			"md5":	"71dc5528330519165801195652e67d2c",
			"create_time":	"2021-07-26 21:35:59",
			"file_name":	"0.png",
			"share_status":	0,
			"pv":	1,
			"url":	"http://172.20.248.167:80/group1/M00/00/00/rBT4p2D-uj-AHy60AAEIYarYfbA403.png",
			"size":	67681,
			"type":	"png"
		}]
}
[2021-07-27 08:55:47]--[src_cgi/myfiles_cgi.c:504]--cmd = count
[2021-07-27 08:55:47]--[src_cgi/myfiles_cgi.c:536]--buf = {
    "token": "db287c08b41f5dc1681f03c2121a4927",
    "user": "liult"
}

[2021-07-27 08:55:47]--[src_cgi/myfiles_cgi.c:175]--line = 3
[2021-07-27 08:55:47]--[src_cgi/myfiles_cgi.c:504]--cmd = normal
[2021-07-27 08:55:47]--[src_cgi/myfiles_cgi.c:536]--buf = {
    "count": 3,
    "start": 0,
    "token": "db287c08b41f5dc1681f03c2121a4927",
    "user": "liult"
}

[2021-07-27 08:55:47]--[src_cgi/myfiles_cgi.c:556]--user = liult, token = db287c08b41f5dc1681f03c2121a4927, start = 0, count = 3
[2021-07-27 08:55:47]--[src_cgi/myfiles_cgi.c:305]--select user_file_list.*, file_info.url, file_info.size, file_info.type from file_info, user_file_list where user = 'liult' and file_info.md5 = user_file_list.md5 limit 0, 3 在操作
[2021-07-27 08:55:47]--[src_cgi/myfiles_cgi.c:436]--{
	"files":	[{
			"user":	"liult",
			"md5":	"d41d8cd98f00b204e9800998ecf8427e",
			"create_time":	"2021-07-26 21:30:02",
			"file_name":	"test0726.txt",
			"share_status":	0,
			"pv":	0,
			"url":	"http://172.20.248.167:80/group1/M00/00/00/rBT4p2D-uNqAc4llAAAAAAAAAAA658.txt",
			"size":	0,
			"type":	"txt"
		}, {
			"user":	"liult",
			"md5":	"432cdd8b15f44128ab9ce0dffa305fbc",
			"create_time":	"2021-07-26 21:30:35",
			"file_name":	"test0726-1.txt",
			"share_status":	0,
			"pv":	5,
			"url":	"http://172.20.248.167:80/group1/M00/00/00/rBT4p2D-uPuAZVWkAAAAM0hFvw4033.txt",
			"size":	51,
			"type":	"txt"
		}, {
			"user":	"liult",
			"md5":	"71dc5528330519165801195652e67d2c",
			"create_time":	"2021-07-26 21:35:59",
			"file_name":	"0.png",
			"share_status":	0,
			"pv":	1,
			"url":	"http://172.20.248.167:80/group1/M00/00/00/rBT4p2D-uj-AHy60AAEIYarYfbA403.png",
			"size":	67681,
			"type":	"png"
		}]
}
[2021-07-27 08:55:51]--[src_cgi/myfiles_cgi.c:504]--cmd = count
[2021-07-27 08:55:51]--[src_cgi/myfiles_cgi.c:536]--buf = {
    "token": "db287c08b41f5dc1681f03c2121a4927",
    "user": "liult"
}

[2021-07-27 08:55:51]--[src_cgi/myfiles_cgi.c:175]--line = 3
[2021-07-27 08:55:51]--[src_cgi/myfiles_cgi.c:504]--cmd = normal
[2021-07-27 08:55:51]--[src_cgi/myfiles_cgi.c:536]--buf = {
    "count": 3,
    "start": 0,
    "token": "db287c08b41f5dc1681f03c2121a4927",
    "user": "liult"
}

[2021-07-27 08:55:51]--[src_cgi/myfiles_cgi.c:556]--user = liult, token = db287c08b41f5dc1681f03c2121a4927, start = 0, count = 3
[2021-07-27 08:55:51]--[src_cgi/myfiles_cgi.c:305]--select user_file_list.*, file_info.url, file_info.size, file_info.type from file_info, user_file_list where user = 'liult' and file_info.md5 = user_file_list.md5 limit 0, 3 在操作
[2021-07-27 08:55:51]--[src_cgi/myfiles_cgi.c:436]--{
	"files":	[{
			"user":	"liult",
			"md5":	"d41d8cd98f00b204e9800998ecf8427e",
			"create_time":	"2021-07-26 21:30:02",
			"file_name":	"test0726.txt",
			"share_status":	0,
			"pv":	0,
			"url":	"http://172.20.248.167:80/group1/M00/00/00/rBT4p2D-uNqAc4llAAAAAAAAAAA658.txt",
			"size":	0,
			"type":	"txt"
		}, {
			"user":	"liult",
			"md5":	"432cdd8b15f44128ab9ce0dffa305fbc",
			"create_time":	"2021-07-26 21:30:35",
			"file_name":	"test0726-1.txt",
			"share_status":	0,
			"pv":	5,
			"url":	"http://172.20.248.167:80/group1/M00/00/00/rBT4p2D-uPuAZVWkAAAAM0hFvw4033.txt",
			"size":	51,
			"type":	"txt"
		}, {
			"user":	"liult",
			"md5":	"71dc5528330519165801195652e67d2c",
			"create_time":	"2021-07-26 21:35:59",
			"file_name":	"0.png",
			"share_status":	0,
			"pv":	1,
			"url":	"http://172.20.248.167:80/group1/M00/00/00/rBT4p2D-uj-AHy60AAEIYarYfbA403.png",
			"size":	67681,
			"type":	"png"
		}]
}
[2021-07-27 08:55:59]--[src_cgi/myfiles_cgi.c:504]--cmd = count
[2021-07-27 08:55:59]--[src_cgi/myfiles_cgi.c:536]--buf = {
    "token": "db287c08b41f5dc1681f03c2121a4927",
    "user": "liult"
}

[2021-07-27 08:55:59]--[src_cgi/myfiles_cgi.c:175]--line = 4
[2021-07-27 08:55:59]--[src_cgi/myfiles_cgi.c:504]--cmd = normal
[2021-07-27 08:55:59]--[src_cgi/myfiles_cgi.c:536]--buf = {
    "count": 4,
    "start": 0,
    "token": "db287c08b41f5dc1681f03c2121a4927",
    "user": "liult"
}

[2021-07-27 08:55:59]--[src_cgi/myfiles_cgi.c:556]--user = liult, token = db287c08b41f5dc1681f03c2121a4927, start = 0, count = 4
[2021-07-27 08:55:59]--[src_cgi/myfiles_cgi.c:305]--select user_file_list.*, file_info.url, file_info.size, file_info.type from file_info, user_file_list where user = 'liult' and file_info.md5 = user_file_list.md5 limit 0, 4 在操作
[2021-07-27 08:55:59]--[src_cgi/myfiles_cgi.c:436]--{
	"files":	[{
			"user":	"liult",
			"md5":	"d41d8cd98f00b204e9800998ecf8427e",
			"create_time":	"2021-07-26 21:30:02",
			"file_name":	"test0726.txt",
			"share_status":	0,
			"pv":	0,
			"url":	"http://172.20.248.167:80/group1/M00/00/00/rBT4p2D-uNqAc4llAAAAAAAAAAA658.txt",
			"size":	0,
			"type":	"txt"
		}, {
			"user":	"liult",
			"md5":	"432cdd8b15f44128ab9ce0dffa305fbc",
			"create_time":	"2021-07-26 21:30:35",
			"file_name":	"test0726-1.txt",
			"share_status":	0,
			"pv":	5,
			"url":	"http://172.20.248.167:80/group1/M00/00/00/rBT4p2D-uPuAZVWkAAAAM0hFvw4033.txt",
			"size":	51,
			"type":	"txt"
		}, {
			"user":	"liult",
			"md5":	"71dc5528330519165801195652e67d2c",
			"create_time":	"2021-07-26 21:35:59",
			"file_name":	"0.png",
			"share_status":	0,
			"pv":	1,
			"url":	"http://172.20.248.167:80/group1/M00/00/00/rBT4p2D-uj-AHy60AAEIYarYfbA403.png",
			"size":	67681,
			"type":	"png"
		}, {
			"user":	"liult",
			"md5":	"d64216f4a43994876e37f6ce2203501c",
			"create_time":	"2021-07-27 08:55:58",
			"file_name":	"test0727-1.txt",
			"share_status":	0,
			"pv":	0,
			"url":	"http://172.20.248.167:80/group1/M00/00/00/rBT4p2D_WZ6AKMCoAAAAEsUG-S8344.txt",
			"size":	18,
			"type":	"txt"
		}]
}
[2021-07-27 09:05:29]--[src_cgi/myfiles_cgi.c:39]--mysql:[user=root,pwd=123,database=0voice_cloud_disk][2021-07-27 09:06:35]--[src_cgi/myfiles_cgi.c:39]--mysql:[user=root,pwd=123,database=0voice_cloud_disk][2021-07-27 09:06:58]--[src_cgi/myfiles_cgi.c:39]--mysql:[user=root,pwd=123,database=0voice_cloud_disk][2021-07-27 09:07:31]--[src_cgi/myfiles_cgi.c:39]--mysql:[user=root,pwd=123,database=0voice_cloud_disk][2021-07-27 09:08:50]--[src_cgi/myfiles_cgi.c:39]--mysql:[user=root,pwd=123,database=0voice_cloud_disk][2021-07-27 09:09:54]--[src_cgi/myfiles_cgi.c:39]--mysql:[user=root,pwd=123,database=0voice_cloud_disk][2021-07-27 09:10:16]--[src_cgi/myfiles_cgi.c:39]--mysql:[user=root,pwd=123,database=0voice_cloud_disk][2021-07-27 09:10:56]--[src_cgi/myfiles_cgi.c:39]--mysql:[user=root,pwd=123,database=0voice_cloud_disk][2021-07-27 09:11:18]--[src_cgi/myfiles_cgi.c:39]--mysql:[user=root,pwd=123,database=0voice_cloud_disk][2021-07-27 09:46:31]--[src_cgi/myfiles_cgi.c:504]--cmd = count
[2021-07-27 09:46:31]--[src_cgi/myfiles_cgi.c:536]--buf = {
    "token": "698947f075f642b6fd69f02d8854f14e",
    "user": "liult"
}

[2021-07-27 09:46:31]--[src_cgi/myfiles_cgi.c:175]--line = 4
[2021-07-27 09:46:31]--[src_cgi/myfiles_cgi.c:504]--cmd = normal
[2021-07-27 09:46:31]--[src_cgi/myfiles_cgi.c:536]--buf = {
    "count": 4,
    "start": 0,
    "token": "698947f075f642b6fd69f02d8854f14e",
    "user": "liult"
}

[2021-07-27 09:46:31]--[src_cgi/myfiles_cgi.c:556]--user = liult, token = 698947f075f642b6fd69f02d8854f14e, start = 0, count = 4
[2021-07-27 09:46:31]--[src_cgi/myfiles_cgi.c:305]--select user_file_list.*, file_info.url, file_info.size, file_info.type from file_info, user_file_list where user = 'liult' and file_info.md5 = user_file_list.md5 limit 0, 4 在操作
[2021-07-27 09:46:31]--[src_cgi/myfiles_cgi.c:436]--{
	"files":	[{
			"user":	"liult",
			"md5":	"d41d8cd98f00b204e9800998ecf8427e",
			"create_time":	"2021-07-26 21:30:02",
			"file_name":	"test0726.txt",
			"share_status":	0,
			"pv":	0,
			"url":	"http://172.20.248.167:80/group1/M00/00/00/rBT4p2D-uNqAc4llAAAAAAAAAAA658.txt",
			"size":	0,
			"type":	"txt"
		}, {
			"user":	"liult",
			"md5":	"432cdd8b15f44128ab9ce0dffa305fbc",
			"create_time":	"2021-07-26 21:30:35",
			"file_name":	"test0726-1.txt",
			"share_status":	0,
			"pv":	5,
			"url":	"http://172.20.248.167:80/group1/M00/00/00/rBT4p2D-uPuAZVWkAAAAM0hFvw4033.txt",
			"size":	51,
			"type":	"txt"
		}, {
			"user":	"liult",
			"md5":	"71dc5528330519165801195652e67d2c",
			"create_time":	"2021-07-26 21:35:59",
			"file_name":	"0.png",
			"share_status":	0,
			"pv":	1,
			"url":	"http://172.20.248.167:80/group1/M00/00/00/rBT4p2D-uj-AHy60AAEIYarYfbA403.png",
			"size":	67681,
			"type":	"png"
		}, {
			"user":	"liult",
			"md5":	"d64216f4a43994876e37f6ce2203501c",
			"create_time":	"2021-07-27 08:55:58",
			"file_name":	"test0727-1.txt",
			"share_status":	0,
			"pv":	1,
			"url":	"http://172.20.248.167:80/group1/M00/00/00/rBT4p2D_WZ6AKMCoAAAAEsUG-S8344.txt",
			"size":	18,
			"type":	"txt"
		}]
}
[2021-07-27 09:52:33]--[src_cgi/myfiles_cgi.c:39]--mysql:[user=root,pwd=123,database=0voice_cloud_disk][2021-07-27 09:52:46]--[src_cgi/myfiles_cgi.c:504]--cmd = count
[2021-07-27 09:52:46]--[src_cgi/myfiles_cgi.c:536]--buf = {
    "token": "4cf72ccb5fe1dd9e5d49e2600fd96045",
    "user": "liult"
}

[2021-07-27 09:52:46]--[src_cgi/myfiles_cgi.c:175]--line = 4
[2021-07-27 09:52:46]--[src_cgi/myfiles_cgi.c:504]--cmd = normal
[2021-07-27 09:52:46]--[src_cgi/myfiles_cgi.c:536]--buf = {
    "count": 4,
    "start": 0,
    "token": "4cf72ccb5fe1dd9e5d49e2600fd96045",
    "user": "liult"
}

[2021-07-27 09:52:46]--[src_cgi/myfiles_cgi.c:556]--user = liult, token = 4cf72ccb5fe1dd9e5d49e2600fd96045, start = 0, count = 4
[2021-07-27 09:52:46]--[src_cgi/myfiles_cgi.c:305]--select user_file_list.*, file_info.url, file_info.size, file_info.type from file_info, user_file_list where user = 'liult' and file_info.md5 = user_file_list.md5 limit 0, 4 在操作
[2021-07-27 09:52:46]--[src_cgi/myfiles_cgi.c:436]--{
	"files":	[{
			"user":	"liult",
			"md5":	"d41d8cd98f00b204e9800998ecf8427e",
			"create_time":	"2021-07-26 21:30:02",
			"file_name":	"test0726.txt",
			"share_status":	0,
			"pv":	0,
			"url":	"http://172.20.248.167:80/group1/M00/00/00/rBT4p2D-uNqAc4llAAAAAAAAAAA658.txt",
			"size":	0,
			"type":	"txt"
		}, {
			"user":	"liult",
			"md5":	"432cdd8b15f44128ab9ce0dffa305fbc",
			"create_time":	"2021-07-26 21:30:35",
			"file_name":	"test0726-1.txt",
			"share_status":	0,
			"pv":	5,
			"url":	"http://172.20.248.167:80/group1/M00/00/00/rBT4p2D-uPuAZVWkAAAAM0hFvw4033.txt",
			"size":	51,
			"type":	"txt"
		}, {
			"user":	"liult",
			"md5":	"71dc5528330519165801195652e67d2c",
			"create_time":	"2021-07-26 21:35:59",
			"file_name":	"0.png",
			"share_status":	0,
			"pv":	1,
			"url":	"http://172.20.248.167:80/group1/M00/00/00/rBT4p2D-uj-AHy60AAEIYarYfbA403.png",
			"size":	67681,
			"type":	"png"
		}, {
			"user":	"liult",
			"md5":	"d64216f4a43994876e37f6ce2203501c",
			"create_time":	"2021-07-27 08:55:58",
			"file_name":	"test0727-1.txt",
			"share_status":	0,
			"pv":	1,
			"url":	"http://172.20.248.167:80/group1/M00/00/00/rBT4p2D_WZ6AKMCoAAAAEsUG-S8344.txt",
			"size":	18,
			"type":	"txt"
		}]
}
[2021-07-27 09:56:43]--[src_cgi/myfiles_cgi.c:39]--mysql:[user=root,pwd=123,database=0voice_cloud_disk][2021-07-27 09:59:23]--[src_cgi/myfiles_cgi.c:39]--mysql:[user=root,pwd=123,database=0voice_cloud_disk][2021-07-27 09:59:49]--[src_cgi/myfiles_cgi.c:39]--mysql:[user=root,pwd=123,database=0voice_cloud_disk][2021-07-27 10:03:54]--[src_cgi/myfiles_cgi.c:39]--mysql:[user=root,pwd=123,database=0voice_cloud_disk][2021-07-27 10:04:04]--[src_cgi/myfiles_cgi.c:39]--mysql:[user=root,pwd=123,database=0voice_cloud_disk][2021-07-27 10:04:20]--[src_cgi/myfiles_cgi.c:39]--mysql:[user=root,pwd=123,database=0voice_cloud_disk][2021-07-27 10:06:15]--[src_cgi/myfiles_cgi.c:39]--mysql:[user=root,pwd=123,database=0voice_cloud_disk][2021-07-27 10:09:35]--[src_cgi/myfiles_cgi.c:39]--mysql:[user=root,pwd=123,database=0voice_cloud_disk][2021-07-27 10:19:32]--[src_cgi/myfiles_cgi.c:39]--mysql:[user=root,pwd=123,database=0voice_cloud_disk][2021-07-27 10:31:22]--[src_cgi/myfiles_cgi.c:39]--mysql:[user=root,pwd=123,database=0voice_cloud_disk][2021-07-27 11:05:07]--[src_cgi/myfiles_cgi.c:39]--mysql:[user=root,pwd=123,database=0voice_cloud_disk][2021-07-27 11:05:16]--[src_cgi/myfiles_cgi.c:504]--cmd = count
[2021-07-27 11:05:16]--[src_cgi/myfiles_cgi.c:536]--buf = {
    "token": "f64a1290fd44f222505ae526c5d1bca9",
    "user": "liult"
}

[2021-07-27 11:05:16]--[src_cgi/myfiles_cgi.c:175]--line = 4
[2021-07-27 11:05:16]--[src_cgi/myfiles_cgi.c:504]--cmd = normal
[2021-07-27 11:05:16]--[src_cgi/myfiles_cgi.c:536]--buf = {
    "count": 4,
    "start": 0,
    "token": "f64a1290fd44f222505ae526c5d1bca9",
    "user": "liult"
}

[2021-07-27 11:05:16]--[src_cgi/myfiles_cgi.c:556]--user = liult, token = f64a1290fd44f222505ae526c5d1bca9, start = 0, count = 4
[2021-07-27 11:05:16]--[src_cgi/myfiles_cgi.c:305]--select user_file_list.*, file_info.url, file_info.size, file_info.type from file_info, user_file_list where user = 'liult' and file_info.md5 = user_file_list.md5 limit 0, 4 在操作
[2021-07-27 11:05:16]--[src_cgi/myfiles_cgi.c:436]--{
	"files":	[{
			"user":	"liult",
			"md5":	"d41d8cd98f00b204e9800998ecf8427e",
			"create_time":	"2021-07-26 21:30:02",
			"file_name":	"test0726.txt",
			"share_status":	0,
			"pv":	0,
			"url":	"http://172.20.248.167:80/group1/M00/00/00/rBT4p2D-uNqAc4llAAAAAAAAAAA658.txt",
			"size":	0,
			"type":	"txt"
		}, {
			"user":	"liult",
			"md5":	"432cdd8b15f44128ab9ce0dffa305fbc",
			"create_time":	"2021-07-26 21:30:35",
			"file_name":	"test0726-1.txt",
			"share_status":	0,
			"pv":	6,
			"url":	"http://172.20.248.167:80/group1/M00/00/00/rBT4p2D-uPuAZVWkAAAAM0hFvw4033.txt",
			"size":	51,
			"type":	"txt"
		}, {
			"user":	"liult",
			"md5":	"71dc5528330519165801195652e67d2c",
			"create_time":	"2021-07-26 21:35:59",
			"file_name":	"0.png",
			"share_status":	0,
			"pv":	1,
			"url":	"http://172.20.248.167:80/group1/M00/00/00/rBT4p2D-uj-AHy60AAEIYarYfbA403.png",
			"size":	67681,
			"type":	"png"
		}, {
			"user":	"liult",
			"md5":	"d64216f4a43994876e37f6ce2203501c",
			"create_time":	"2021-07-27 08:55:58",
			"file_name":	"test0727-1.txt",
			"share_status":	0,
			"pv":	1,
			"url":	"http://172.20.248.167:80/group1/M00/00/00/rBT4p2D_WZ6AKMCoAAAAEsUG-S8344.txt",
			"size":	18,
			"type":	"txt"
		}]
}
[2021-07-27 11:05:40]--[src_cgi/myfiles_cgi.c:504]--cmd = count
[2021-07-27 11:05:40]--[src_cgi/myfiles_cgi.c:536]--buf = {
    "token": "f64a1290fd44f222505ae526c5d1bca9",
    "user": "liult"
}

[2021-07-27 11:05:40]--[src_cgi/myfiles_cgi.c:175]--line = 4
[2021-07-27 11:05:40]--[src_cgi/myfiles_cgi.c:504]--cmd = normal
[2021-07-27 11:05:40]--[src_cgi/myfiles_cgi.c:536]--buf = {
    "count": 4,
    "start": 0,
    "token": "f64a1290fd44f222505ae526c5d1bca9",
    "user": "liult"
}

[2021-07-27 11:05:40]--[src_cgi/myfiles_cgi.c:556]--user = liult, token = f64a1290fd44f222505ae526c5d1bca9, start = 0, count = 4
[2021-07-27 11:05:40]--[src_cgi/myfiles_cgi.c:305]--select user_file_list.*, file_info.url, file_info.size, file_info.type from file_info, user_file_list where user = 'liult' and file_info.md5 = user_file_list.md5 limit 0, 4 在操作
[2021-07-27 11:05:40]--[src_cgi/myfiles_cgi.c:436]--{
	"files":	[{
			"user":	"liult",
			"md5":	"d41d8cd98f00b204e9800998ecf8427e",
			"create_time":	"2021-07-26 21:30:02",
			"file_name":	"test0726.txt",
			"share_status":	0,
			"pv":	0,
			"url":	"http://172.20.248.167:80/group1/M00/00/00/rBT4p2D-uNqAc4llAAAAAAAAAAA658.txt",
			"size":	0,
			"type":	"txt"
		}, {
			"user":	"liult",
			"md5":	"432cdd8b15f44128ab9ce0dffa305fbc",
			"create_time":	"2021-07-26 21:30:35",
			"file_name":	"test0726-1.txt",
			"share_status":	0,
			"pv":	6,
			"url":	"http://172.20.248.167:80/group1/M00/00/00/rBT4p2D-uPuAZVWkAAAAM0hFvw4033.txt",
			"size":	51,
			"type":	"txt"
		}, {
			"user":	"liult",
			"md5":	"71dc5528330519165801195652e67d2c",
			"create_time":	"2021-07-26 21:35:59",
			"file_name":	"0.png",
			"share_status":	0,
			"pv":	1,
			"url":	"http://172.20.248.167:80/group1/M00/00/00/rBT4p2D-uj-AHy60AAEIYarYfbA403.png",
			"size":	67681,
			"type":	"png"
		}, {
			"user":	"liult",
			"md5":	"d64216f4a43994876e37f6ce2203501c",
			"create_time":	"2021-07-27 08:55:58",
			"file_name":	"test0727-1.txt",
			"share_status":	0,
			"pv":	1,
			"url":	"http://172.20.248.167:80/group1/M00/00/00/rBT4p2D_WZ6AKMCoAAAAEsUG-S8344.txt",
			"size":	18,
			"type":	"txt"
		}]
}
[2021-07-27 11:06:34]--[src_cgi/myfiles_cgi.c:39]--mysql:[user=root,pwd=123,database=0voice_cloud_disk][2021-07-27 11:07:15]--[src_cgi/myfiles_cgi.c:504]--cmd = count
[2021-07-27 11:07:15]--[src_cgi/myfiles_cgi.c:536]--buf = {
    "token": "9cd33a70cf637800462c1baa7a1567af",
    "user": "liult"
}

[2021-07-27 11:07:15]--[src_cgi/myfiles_cgi.c:175]--line = 4
[2021-07-27 11:07:15]--[src_cgi/myfiles_cgi.c:504]--cmd = normal
[2021-07-27 11:07:15]--[src_cgi/myfiles_cgi.c:536]--buf = {
    "count": 4,
    "start": 0,
    "token": "9cd33a70cf637800462c1baa7a1567af",
    "user": "liult"
}

[2021-07-27 11:07:15]--[src_cgi/myfiles_cgi.c:556]--user = liult, token = 9cd33a70cf637800462c1baa7a1567af, start = 0, count = 4
[2021-07-27 11:07:15]--[src_cgi/myfiles_cgi.c:305]--select user_file_list.*, file_info.url, file_info.size, file_info.type from file_info, user_file_list where user = 'liult' and file_info.md5 = user_file_list.md5 limit 0, 4 在操作
[2021-07-27 11:07:15]--[src_cgi/myfiles_cgi.c:436]--{
	"files":	[{
			"user":	"liult",
			"md5":	"d41d8cd98f00b204e9800998ecf8427e",
			"create_time":	"2021-07-26 21:30:02",
			"file_name":	"test0726.txt",
			"share_status":	0,
			"pv":	0,
			"url":	"http://172.20.248.167:80/group1/M00/00/00/rBT4p2D-uNqAc4llAAAAAAAAAAA658.txt",
			"size":	0,
			"type":	"txt"
		}, {
			"user":	"liult",
			"md5":	"432cdd8b15f44128ab9ce0dffa305fbc",
			"create_time":	"2021-07-26 21:30:35",
			"file_name":	"test0726-1.txt",
			"share_status":	0,
			"pv":	6,
			"url":	"http://172.20.248.167:80/group1/M00/00/00/rBT4p2D-uPuAZVWkAAAAM0hFvw4033.txt",
			"size":	51,
			"type":	"txt"
		}, {
			"user":	"liult",
			"md5":	"71dc5528330519165801195652e67d2c",
			"create_time":	"2021-07-26 21:35:59",
			"file_name":	"0.png",
			"share_status":	0,
			"pv":	1,
			"url":	"http://172.20.248.167:80/group1/M00/00/00/rBT4p2D-uj-AHy60AAEIYarYfbA403.png",
			"size":	67681,
			"type":	"png"
		}, {
			"user":	"liult",
			"md5":	"d64216f4a43994876e37f6ce2203501c",
			"create_time":	"2021-07-27 08:55:58",
			"file_name":	"test0727-1.txt",
			"share_status":	0,
			"pv":	1,
			"url":	"http://172.20.248.167:80/group1/M00/00/00/rBT4p2D_WZ6AKMCoAAAAEsUG-S8344.txt",
			"size":	18,
			"type":	"txt"
		}]
}
[2021-07-27 11:07:31]--[src_cgi/myfiles_cgi.c:504]--cmd = count
[2021-07-27 11:07:31]--[src_cgi/myfiles_cgi.c:536]--buf = {
    "token": "9cd33a70cf637800462c1baa7a1567af",
    "user": "liult"
}

[2021-07-27 11:07:31]--[src_cgi/myfiles_cgi.c:175]--line = 4
[2021-07-27 11:07:31]--[src_cgi/myfiles_cgi.c:504]--cmd = normal
[2021-07-27 11:07:31]--[src_cgi/myfiles_cgi.c:536]--buf = {
    "count": 4,
    "start": 0,
    "token": "9cd33a70cf637800462c1baa7a1567af",
    "user": "liult"
}

[2021-07-27 11:07:31]--[src_cgi/myfiles_cgi.c:556]--user = liult, token = 9cd33a70cf637800462c1baa7a1567af, start = 0, count = 4
[2021-07-27 11:07:31]--[src_cgi/myfiles_cgi.c:305]--select user_file_list.*, file_info.url, file_info.size, file_info.type from file_info, user_file_list where user = 'liult' and file_info.md5 = user_file_list.md5 limit 0, 4 在操作
[2021-07-27 11:07:31]--[src_cgi/myfiles_cgi.c:436]--{
	"files":	[{
			"user":	"liult",
			"md5":	"d41d8cd98f00b204e9800998ecf8427e",
			"create_time":	"2021-07-26 21:30:02",
			"file_name":	"test0726.txt",
			"share_status":	0,
			"pv":	0,
			"url":	"http://172.20.248.167:80/group1/M00/00/00/rBT4p2D-uNqAc4llAAAAAAAAAAA658.txt",
			"size":	0,
			"type":	"txt"
		}, {
			"user":	"liult",
			"md5":	"432cdd8b15f44128ab9ce0dffa305fbc",
			"create_time":	"2021-07-26 21:30:35",
			"file_name":	"test0726-1.txt",
			"share_status":	0,
			"pv":	6,
			"url":	"http://172.20.248.167:80/group1/M00/00/00/rBT4p2D-uPuAZVWkAAAAM0hFvw4033.txt",
			"size":	51,
			"type":	"txt"
		}, {
			"user":	"liult",
			"md5":	"71dc5528330519165801195652e67d2c",
			"create_time":	"2021-07-26 21:35:59",
			"file_name":	"0.png",
			"share_status":	0,
			"pv":	1,
			"url":	"http://172.20.248.167:80/group1/M00/00/00/rBT4p2D-uj-AHy60AAEIYarYfbA403.png",
			"size":	67681,
			"type":	"png"
		}, {
			"user":	"liult",
			"md5":	"d64216f4a43994876e37f6ce2203501c",
			"create_time":	"2021-07-27 08:55:58",
			"file_name":	"test0727-1.txt",
			"share_status":	0,
			"pv":	1,
			"url":	"http://172.20.248.167:80/group1/M00/00/00/rBT4p2D_WZ6AKMCoAAAAEsUG-S8344.txt",
			"size":	18,
			"type":	"txt"
		}]
}
[2021-07-27 11:08:40]--[src_cgi/myfiles_cgi.c:504]--cmd = count
[2021-07-27 11:08:40]--[src_cgi/myfiles_cgi.c:536]--buf = {
    "token": "9cd33a70cf637800462c1baa7a1567af",
    "user": "liult"
}

[2021-07-27 11:08:40]--[src_cgi/myfiles_cgi.c:175]--line = 4
[2021-07-27 11:08:40]--[src_cgi/myfiles_cgi.c:504]--cmd = normal
[2021-07-27 11:08:40]--[src_cgi/myfiles_cgi.c:536]--buf = {
    "count": 4,
    "start": 0,
    "token": "9cd33a70cf637800462c1baa7a1567af",
    "user": "liult"
}

[2021-07-27 11:08:40]--[src_cgi/myfiles_cgi.c:556]--user = liult, token = 9cd33a70cf637800462c1baa7a1567af, start = 0, count = 4
[2021-07-27 11:08:40]--[src_cgi/myfiles_cgi.c:305]--select user_file_list.*, file_info.url, file_info.size, file_info.type from file_info, user_file_list where user = 'liult' and file_info.md5 = user_file_list.md5 limit 0, 4 在操作
[2021-07-27 11:08:40]--[src_cgi/myfiles_cgi.c:436]--{
	"files":	[{
			"user":	"liult",
			"md5":	"d41d8cd98f00b204e9800998ecf8427e",
			"create_time":	"2021-07-26 21:30:02",
			"file_name":	"test0726.txt",
			"share_status":	0,
			"pv":	0,
			"url":	"http://172.20.248.167:80/group1/M00/00/00/rBT4p2D-uNqAc4llAAAAAAAAAAA658.txt",
			"size":	0,
			"type":	"txt"
		}, {
			"user":	"liult",
			"md5":	"432cdd8b15f44128ab9ce0dffa305fbc",
			"create_time":	"2021-07-26 21:30:35",
			"file_name":	"test0726-1.txt",
			"share_status":	0,
			"pv":	7,
			"url":	"http://172.20.248.167:80/group1/M00/00/00/rBT4p2D-uPuAZVWkAAAAM0hFvw4033.txt",
			"size":	51,
			"type":	"txt"
		}, {
			"user":	"liult",
			"md5":	"71dc5528330519165801195652e67d2c",
			"create_time":	"2021-07-26 21:35:59",
			"file_name":	"0.png",
			"share_status":	0,
			"pv":	1,
			"url":	"http://172.20.248.167:80/group1/M00/00/00/rBT4p2D-uj-AHy60AAEIYarYfbA403.png",
			"size":	67681,
			"type":	"png"
		}, {
			"user":	"liult",
			"md5":	"d64216f4a43994876e37f6ce2203501c",
			"create_time":	"2021-07-27 08:55:58",
			"file_name":	"test0727-1.txt",
			"share_status":	0,
			"pv":	1,
			"url":	"http://172.20.248.167:80/group1/M00/00/00/rBT4p2D_WZ6AKMCoAAAAEsUG-S8344.txt",
			"size":	18,
			"type":	"txt"
		}]
}
[2021-07-27 11:10:21]--[src_cgi/myfiles_cgi.c:39]--mysql:[user=root,pwd=123,database=0voice_cloud_disk][2021-07-27 11:11:47]--[src_cgi/myfiles_cgi.c:504]--cmd = count
[2021-07-27 11:11:47]--[src_cgi/myfiles_cgi.c:536]--buf = {
    "token": "e2bfdfe31a1e191d31e8a24df8203cf7",
    "user": "liult"
}

[2021-07-27 11:11:47]--[src_cgi/myfiles_cgi.c:175]--line = 4
[2021-07-27 11:11:47]--[src_cgi/myfiles_cgi.c:504]--cmd = normal
[2021-07-27 11:11:47]--[src_cgi/myfiles_cgi.c:536]--buf = {
    "count": 4,
    "start": 0,
    "token": "e2bfdfe31a1e191d31e8a24df8203cf7",
    "user": "liult"
}

[2021-07-27 11:11:47]--[src_cgi/myfiles_cgi.c:556]--user = liult, token = e2bfdfe31a1e191d31e8a24df8203cf7, start = 0, count = 4
[2021-07-27 11:11:47]--[src_cgi/myfiles_cgi.c:305]--select user_file_list.*, file_info.url, file_info.size, file_info.type from file_info, user_file_list where user = 'liult' and file_info.md5 = user_file_list.md5 limit 0, 4 在操作
[2021-07-27 11:11:47]--[src_cgi/myfiles_cgi.c:436]--{
	"files":	[{
			"user":	"liult",
			"md5":	"d41d8cd98f00b204e9800998ecf8427e",
			"create_time":	"2021-07-26 21:30:02",
			"file_name":	"test0726.txt",
			"share_status":	0,
			"pv":	0,
			"url":	"http://172.20.248.167:80/group1/M00/00/00/rBT4p2D-uNqAc4llAAAAAAAAAAA658.txt",
			"size":	0,
			"type":	"txt"
		}, {
			"user":	"liult",
			"md5":	"432cdd8b15f44128ab9ce0dffa305fbc",
			"create_time":	"2021-07-26 21:30:35",
			"file_name":	"test0726-1.txt",
			"share_status":	0,
			"pv":	7,
			"url":	"http://172.20.248.167:80/group1/M00/00/00/rBT4p2D-uPuAZVWkAAAAM0hFvw4033.txt",
			"size":	51,
			"type":	"txt"
		}, {
			"user":	"liult",
			"md5":	"71dc5528330519165801195652e67d2c",
			"create_time":	"2021-07-26 21:35:59",
			"file_name":	"0.png",
			"share_status":	0,
			"pv":	1,
			"url":	"http://172.20.248.167:80/group1/M00/00/00/rBT4p2D-uj-AHy60AAEIYarYfbA403.png",
			"size":	67681,
			"type":	"png"
		}, {
			"user":	"liult",
			"md5":	"d64216f4a43994876e37f6ce2203501c",
			"create_time":	"2021-07-27 08:55:58",
			"file_name":	"test0727-1.txt",
			"share_status":	0,
			"pv":	1,
			"url":	"http://172.20.248.167:80/group1/M00/00/00/rBT4p2D_WZ6AKMCoAAAAEsUG-S8344.txt",
			"size":	18,
			"type":	"txt"
		}]
}
[2021-07-27 12:08:52]--[src_cgi/myfiles_cgi.c:504]--cmd = count
[2021-07-27 12:08:52]--[src_cgi/myfiles_cgi.c:536]--buf = {
    "token": "1303605e9deeb6b23c8a280cf6ff4f2e",
    "user": "caokf"
}

[2021-07-27 12:08:52]--[src_cgi/myfiles_cgi.c:163]--select count from user_file_count where user='caokf' 操作失败
[2021-07-27 12:08:52]--[src_cgi/myfiles_cgi.c:175]--line = 0
[2021-07-27 12:09:07]--[src_cgi/myfiles_cgi.c:504]--cmd = count
[2021-07-27 12:09:07]--[src_cgi/myfiles_cgi.c:536]--buf = {
    "token": "1303605e9deeb6b23c8a280cf6ff4f2e",
    "user": "caokf"
}

[2021-07-27 12:09:07]--[src_cgi/myfiles_cgi.c:163]--select count from user_file_count where user='caokf' 操作失败
[2021-07-27 12:09:07]--[src_cgi/myfiles_cgi.c:175]--line = 0
[2021-07-27 12:09:12]--[src_cgi/myfiles_cgi.c:504]--cmd = count
[2021-07-27 12:09:12]--[src_cgi/myfiles_cgi.c:536]--buf = {
    "token": "1303605e9deeb6b23c8a280cf6ff4f2e",
    "user": "caokf"
}

[2021-07-27 12:09:12]--[src_cgi/myfiles_cgi.c:163]--select count from user_file_count where user='caokf' 操作失败
[2021-07-27 12:09:12]--[src_cgi/myfiles_cgi.c:175]--line = 0
[2021-07-27 12:09:14]--[src_cgi/myfiles_cgi.c:504]--cmd = count
[2021-07-27 12:09:14]--[src_cgi/myfiles_cgi.c:536]--buf = {
    "token": "e68801001551d4675e0d0a3347863a5b",
    "user": "caokf"
}

[2021-07-27 12:09:14]--[src_cgi/myfiles_cgi.c:163]--select count from user_file_count where user='caokf' 操作失败
[2021-07-27 12:09:14]--[src_cgi/myfiles_cgi.c:175]--line = 0
[2021-07-27 12:09:32]--[src_cgi/myfiles_cgi.c:504]--cmd = count
[2021-07-27 12:09:32]--[src_cgi/myfiles_cgi.c:536]--buf = {
    "token": "e68801001551d4675e0d0a3347863a5b",
    "user": "caokf"
}

[2021-07-27 12:09:32]--[src_cgi/myfiles_cgi.c:175]--line = 1
[2021-07-27 12:09:32]--[src_cgi/myfiles_cgi.c:504]--cmd = normal
[2021-07-27 12:09:32]--[src_cgi/myfiles_cgi.c:536]--buf = {
    "count": 1,
    "start": 0,
    "token": "e68801001551d4675e0d0a3347863a5b",
    "user": "caokf"
}

[2021-07-27 12:09:32]--[src_cgi/myfiles_cgi.c:556]--user = caokf, token = e68801001551d4675e0d0a3347863a5b, start = 0, count = 1
[2021-07-27 12:09:32]--[src_cgi/myfiles_cgi.c:305]--select user_file_list.*, file_info.url, file_info.size, file_info.type from file_info, user_file_list where user = 'caokf' and file_info.md5 = user_file_list.md5 limit 0, 1 在操作
[2021-07-27 12:09:32]--[src_cgi/myfiles_cgi.c:436]--{
	"files":	[{
			"user":	"caokf",
			"md5":	"d64216f4a43994876e37f6ce2203501c",
			"create_time":	"2021-07-27 12:09:25",
			"file_name":	"test0727-1.txt",
			"share_status":	0,
			"pv":	0,
			"url":	"http://172.20.248.167:80/group1/M00/00/00/rBT4p2D_WZ6AKMCoAAAAEsUG-S8344.txt",
			"size":	18,
			"type":	"txt"
		}]
}
[2021-07-27 12:36:15]--[src_cgi/myfiles_cgi.c:504]--cmd = count
[2021-07-27 12:36:15]--[src_cgi/myfiles_cgi.c:536]--buf = {
    "token": "0ca74694fe481c45350f05a0ed7ac7ee",
    "user": "liult"
}

[2021-07-27 12:36:15]--[src_cgi/myfiles_cgi.c:175]--line = 4
[2021-07-27 12:36:15]--[src_cgi/myfiles_cgi.c:504]--cmd = normal
[2021-07-27 12:36:15]--[src_cgi/myfiles_cgi.c:536]--buf = {
    "count": 4,
    "start": 0,
    "token": "0ca74694fe481c45350f05a0ed7ac7ee",
    "user": "liult"
}

[2021-07-27 12:36:15]--[src_cgi/myfiles_cgi.c:556]--user = liult, token = 0ca74694fe481c45350f05a0ed7ac7ee, start = 0, count = 4
[2021-07-27 12:36:15]--[src_cgi/myfiles_cgi.c:305]--select user_file_list.*, file_info.url, file_info.size, file_info.type from file_info, user_file_list where user = 'liult' and file_info.md5 = user_file_list.md5 limit 0, 4 在操作
[2021-07-27 12:36:15]--[src_cgi/myfiles_cgi.c:436]--{
	"files":	[{
			"user":	"liult",
			"md5":	"d41d8cd98f00b204e9800998ecf8427e",
			"create_time":	"2021-07-26 21:30:02",
			"file_name":	"test0726.txt",
			"share_status":	0,
			"pv":	0,
			"url":	"http://172.20.248.167:80/group1/M00/00/00/rBT4p2D-uNqAc4llAAAAAAAAAAA658.txt",
			"size":	0,
			"type":	"txt"
		}, {
			"user":	"liult",
			"md5":	"432cdd8b15f44128ab9ce0dffa305fbc",
			"create_time":	"2021-07-26 21:30:35",
			"file_name":	"test0726-1.txt",
			"share_status":	0,
			"pv":	7,
			"url":	"http://172.20.248.167:80/group1/M00/00/00/rBT4p2D-uPuAZVWkAAAAM0hFvw4033.txt",
			"size":	51,
			"type":	"txt"
		}, {
			"user":	"liult",
			"md5":	"71dc5528330519165801195652e67d2c",
			"create_time":	"2021-07-26 21:35:59",
			"file_name":	"0.png",
			"share_status":	0,
			"pv":	1,
			"url":	"http://172.20.248.167:80/group1/M00/00/00/rBT4p2D-uj-AHy60AAEIYarYfbA403.png",
			"size":	67681,
			"type":	"png"
		}, {
			"user":	"liult",
			"md5":	"d64216f4a43994876e37f6ce2203501c",
			"create_time":	"2021-07-27 08:55:58",
			"file_name":	"test0727-1.txt",
			"share_status":	0,
			"pv":	1,
			"url":	"http://172.20.248.167:80/group1/M00/00/00/rBT4p2D_WZ6AKMCoAAAAEsUG-S8344.txt",
			"size":	18,
			"type":	"txt"
		}]
}
[2021-07-27 14:02:26]--[src_cgi/myfiles_cgi.c:504]--cmd = count
[2021-07-27 14:02:26]--[src_cgi/myfiles_cgi.c:536]--buf = {
    "token": "86b564b3f407240e23d317a1c71c25e6",
    "user": "liult"
}

[2021-07-27 14:02:26]--[src_cgi/myfiles_cgi.c:175]--line = 4
[2021-07-27 14:02:26]--[src_cgi/myfiles_cgi.c:504]--cmd = normal
[2021-07-27 14:02:26]--[src_cgi/myfiles_cgi.c:536]--buf = {
    "count": 4,
    "start": 0,
    "token": "86b564b3f407240e23d317a1c71c25e6",
    "user": "liult"
}

[2021-07-27 14:02:26]--[src_cgi/myfiles_cgi.c:556]--user = liult, token = 86b564b3f407240e23d317a1c71c25e6, start = 0, count = 4
[2021-07-27 14:02:26]--[src_cgi/myfiles_cgi.c:305]--select user_file_list.*, file_info.url, file_info.size, file_info.type from file_info, user_file_list where user = 'liult' and file_info.md5 = user_file_list.md5 limit 0, 4 在操作
[2021-07-27 14:02:26]--[src_cgi/myfiles_cgi.c:436]--{
	"files":	[{
			"user":	"liult",
			"md5":	"d41d8cd98f00b204e9800998ecf8427e",
			"create_time":	"2021-07-26 21:30:02",
			"file_name":	"test0726.txt",
			"share_status":	0,
			"pv":	0,
			"url":	"http://172.20.248.167:80/group1/M00/00/00/rBT4p2D-uNqAc4llAAAAAAAAAAA658.txt",
			"size":	0,
			"type":	"txt"
		}, {
			"user":	"liult",
			"md5":	"432cdd8b15f44128ab9ce0dffa305fbc",
			"create_time":	"2021-07-26 21:30:35",
			"file_name":	"test0726-1.txt",
			"share_status":	0,
			"pv":	7,
			"url":	"http://172.20.248.167:80/group1/M00/00/00/rBT4p2D-uPuAZVWkAAAAM0hFvw4033.txt",
			"size":	51,
			"type":	"txt"
		}, {
			"user":	"liult",
			"md5":	"71dc5528330519165801195652e67d2c",
			"create_time":	"2021-07-26 21:35:59",
			"file_name":	"0.png",
			"share_status":	1,
			"pv":	1,
			"url":	"http://172.20.248.167:80/group1/M00/00/00/rBT4p2D-uj-AHy60AAEIYarYfbA403.png",
			"size":	67681,
			"type":	"png"
		}, {
			"user":	"liult",
			"md5":	"d64216f4a43994876e37f6ce2203501c",
			"create_time":	"2021-07-27 08:55:58",
			"file_name":	"test0727-1.txt",
			"share_status":	0,
			"pv":	1,
			"url":	"http://172.20.248.167:80/group1/M00/00/00/rBT4p2D_WZ6AKMCoAAAAEsUG-S8344.txt",
			"size":	18,
			"type":	"txt"
		}]
}
[2021-07-27 14:14:51]--[src_cgi/myfiles_cgi.c:504]--cmd = count
[2021-07-27 14:14:51]--[src_cgi/myfiles_cgi.c:536]--buf = {
    "token": "86b564b3f407240e23d317a1c71c25e6",
    "user": "liult"
}

[2021-07-27 14:14:51]--[src_cgi/myfiles_cgi.c:175]--line = 4
[2021-07-27 14:14:51]--[src_cgi/myfiles_cgi.c:504]--cmd = normal
[2021-07-27 14:14:51]--[src_cgi/myfiles_cgi.c:536]--buf = {
    "count": 4,
    "start": 0,
    "token": "86b564b3f407240e23d317a1c71c25e6",
    "user": "liult"
}

[2021-07-27 14:14:51]--[src_cgi/myfiles_cgi.c:556]--user = liult, token = 86b564b3f407240e23d317a1c71c25e6, start = 0, count = 4
[2021-07-27 14:14:51]--[src_cgi/myfiles_cgi.c:305]--select user_file_list.*, file_info.url, file_info.size, file_info.type from file_info, user_file_list where user = 'liult' and file_info.md5 = user_file_list.md5 limit 0, 4 在操作
[2021-07-27 14:14:51]--[src_cgi/myfiles_cgi.c:436]--{
	"files":	[{
			"user":	"liult",
			"md5":	"d41d8cd98f00b204e9800998ecf8427e",
			"create_time":	"2021-07-26 21:30:02",
			"file_name":	"test0726.txt",
			"share_status":	0,
			"pv":	0,
			"url":	"http://172.20.248.167:80/group1/M00/00/00/rBT4p2D-uNqAc4llAAAAAAAAAAA658.txt",
			"size":	0,
			"type":	"txt"
		}, {
			"user":	"liult",
			"md5":	"432cdd8b15f44128ab9ce0dffa305fbc",
			"create_time":	"2021-07-26 21:30:35",
			"file_name":	"test0726-1.txt",
			"share_status":	0,
			"pv":	7,
			"url":	"http://172.20.248.167:80/group1/M00/00/00/rBT4p2D-uPuAZVWkAAAAM0hFvw4033.txt",
			"size":	51,
			"type":	"txt"
		}, {
			"user":	"liult",
			"md5":	"71dc5528330519165801195652e67d2c",
			"create_time":	"2021-07-26 21:35:59",
			"file_name":	"0.png",
			"share_status":	1,
			"pv":	1,
			"url":	"http://172.20.248.167:80/group1/M00/00/00/rBT4p2D-uj-AHy60AAEIYarYfbA403.png",
			"size":	67681,
			"type":	"png"
		}, {
			"user":	"liult",
			"md5":	"d64216f4a43994876e37f6ce2203501c",
			"create_time":	"2021-07-27 08:55:58",
			"file_name":	"test0727-1.txt",
			"share_status":	0,
			"pv":	1,
			"url":	"http://172.20.248.167:80/group1/M00/00/00/rBT4p2D_WZ6AKMCoAAAAEsUG-S8344.txt",
			"size":	18,
			"type":	"txt"
		}]
}
[2021-07-27 14:15:07]--[src_cgi/myfiles_cgi.c:504]--cmd = count
[2021-07-27 14:15:07]--[src_cgi/myfiles_cgi.c:536]--buf = {
    "token": "e0069524b339501a60e561055a11f26a",
    "user": "liult"
}

[2021-07-27 14:15:07]--[src_cgi/myfiles_cgi.c:175]--line = 4
[2021-07-27 14:15:07]--[src_cgi/myfiles_cgi.c:504]--cmd = normal
[2021-07-27 14:15:07]--[src_cgi/myfiles_cgi.c:536]--buf = {
    "count": 4,
    "start": 0,
    "token": "e0069524b339501a60e561055a11f26a",
    "user": "liult"
}

[2021-07-27 14:15:07]--[src_cgi/myfiles_cgi.c:556]--user = liult, token = e0069524b339501a60e561055a11f26a, start = 0, count = 4
[2021-07-27 14:15:07]--[src_cgi/myfiles_cgi.c:305]--select user_file_list.*, file_info.url, file_info.size, file_info.type from file_info, user_file_list where user = 'liult' and file_info.md5 = user_file_list.md5 limit 0, 4 在操作
[2021-07-27 14:15:07]--[src_cgi/myfiles_cgi.c:436]--{
	"files":	[{
			"user":	"liult",
			"md5":	"d41d8cd98f00b204e9800998ecf8427e",
			"create_time":	"2021-07-26 21:30:02",
			"file_name":	"test0726.txt",
			"share_status":	0,
			"pv":	0,
			"url":	"http://172.20.248.167:80/group1/M00/00/00/rBT4p2D-uNqAc4llAAAAAAAAAAA658.txt",
			"size":	0,
			"type":	"txt"
		}, {
			"user":	"liult",
			"md5":	"432cdd8b15f44128ab9ce0dffa305fbc",
			"create_time":	"2021-07-26 21:30:35",
			"file_name":	"test0726-1.txt",
			"share_status":	1,
			"pv":	7,
			"url":	"http://172.20.248.167:80/group1/M00/00/00/rBT4p2D-uPuAZVWkAAAAM0hFvw4033.txt",
			"size":	51,
			"type":	"txt"
		}, {
			"user":	"liult",
			"md5":	"71dc5528330519165801195652e67d2c",
			"create_time":	"2021-07-26 21:35:59",
			"file_name":	"0.png",
			"share_status":	1,
			"pv":	1,
			"url":	"http://172.20.248.167:80/group1/M00/00/00/rBT4p2D-uj-AHy60AAEIYarYfbA403.png",
			"size":	67681,
			"type":	"png"
		}, {
			"user":	"liult",
			"md5":	"d64216f4a43994876e37f6ce2203501c",
			"create_time":	"2021-07-27 08:55:58",
			"file_name":	"test0727-1.txt",
			"share_status":	1,
			"pv":	1,
			"url":	"http://172.20.248.167:80/group1/M00/00/00/rBT4p2D_WZ6AKMCoAAAAEsUG-S8344.txt",
			"size":	18,
			"type":	"txt"
		}]
}
[2021-07-27 18:26:29]--[src_cgi/myfiles_cgi.c:39]--mysql:[user=root,pwd=123,database=0voice_cloud_disk][2021-07-27 18:26:42]--[src_cgi/myfiles_cgi.c:504]--cmd = count
[2021-07-27 18:26:42]--[src_cgi/myfiles_cgi.c:536]--buf = {
    "token": "df63dbd696ccf665e6ff42d3f5bd10de",
    "user": "liult"
}

[2021-07-27 18:26:42]--[src_cgi/myfiles_cgi.c:175]--line = 4
[2021-07-27 18:26:42]--[src_cgi/myfiles_cgi.c:504]--cmd = normal
[2021-07-27 18:26:42]--[src_cgi/myfiles_cgi.c:536]--buf = {
    "count": 4,
    "start": 0,
    "token": "df63dbd696ccf665e6ff42d3f5bd10de",
    "user": "liult"
}

[2021-07-27 18:26:42]--[src_cgi/myfiles_cgi.c:556]--user = liult, token = df63dbd696ccf665e6ff42d3f5bd10de, start = 0, count = 4
[2021-07-27 18:26:42]--[src_cgi/myfiles_cgi.c:305]--select user_file_list.*, file_info.url, file_info.size, file_info.type from file_info, user_file_list where user = 'liult' and file_info.md5 = user_file_list.md5 limit 0, 4 在操作
[2021-07-27 18:26:42]--[src_cgi/myfiles_cgi.c:436]--{
	"files":	[{
			"user":	"liult",
			"md5":	"d41d8cd98f00b204e9800998ecf8427e",
			"create_time":	"2021-07-26 21:30:02",
			"file_name":	"test0726.txt",
			"share_status":	0,
			"pv":	0,
			"url":	"http://172.20.248.167:80/group1/M00/00/00/rBT4p2D-uNqAc4llAAAAAAAAAAA658.txt",
			"size":	0,
			"type":	"txt"
		}, {
			"user":	"liult",
			"md5":	"432cdd8b15f44128ab9ce0dffa305fbc",
			"create_time":	"2021-07-26 21:30:35",
			"file_name":	"test0726-1.txt",
			"share_status":	1,
			"pv":	7,
			"url":	"http://172.20.248.167:80/group1/M00/00/00/rBT4p2D-uPuAZVWkAAAAM0hFvw4033.txt",
			"size":	51,
			"type":	"txt"
		}, {
			"user":	"liult",
			"md5":	"71dc5528330519165801195652e67d2c",
			"create_time":	"2021-07-26 21:35:59",
			"file_name":	"0.png",
			"share_status":	1,
			"pv":	1,
			"url":	"http://172.20.248.167:80/group1/M00/00/00/rBT4p2D-uj-AHy60AAEIYarYfbA403.png",
			"size":	67681,
			"type":	"png"
		}, {
			"user":	"liult",
			"md5":	"d64216f4a43994876e37f6ce2203501c",
			"create_time":	"2021-07-27 08:55:58",
			"file_name":	"test0727-1.txt",
			"share_status":	1,
			"pv":	1,
			"url":	"http://172.20.248.167:80/group1/M00/00/00/rBT4p2D_WZ6AKMCoAAAAEsUG-S8344.txt",
			"size":	18,
			"type":	"txt"
		}]
}
[2021-07-27 18:28:50]--[src_cgi/myfiles_cgi.c:39]--mysql:[user=root,pwd=123,database=0voice_cloud_disk][2021-07-27 18:29:10]--[src_cgi/myfiles_cgi.c:504]--cmd = count
[2021-07-27 18:29:10]--[src_cgi/myfiles_cgi.c:536]--buf = {
    "token": "010582faad3a1c140f5cdcbfa28ab462",
    "user": "liult"
}

[2021-07-27 18:29:10]--[src_cgi/myfiles_cgi.c:175]--line = 4
[2021-07-27 18:29:11]--[src_cgi/myfiles_cgi.c:504]--cmd = normal
[2021-07-27 18:29:11]--[src_cgi/myfiles_cgi.c:536]--buf = {
    "count": 4,
    "start": 0,
    "token": "010582faad3a1c140f5cdcbfa28ab462",
    "user": "liult"
}

[2021-07-27 18:29:11]--[src_cgi/myfiles_cgi.c:556]--user = liult, token = 010582faad3a1c140f5cdcbfa28ab462, start = 0, count = 4
[2021-07-27 18:29:11]--[src_cgi/myfiles_cgi.c:305]--select user_file_list.*, file_info.url, file_info.size, file_info.type from file_info, user_file_list where user = 'liult' and file_info.md5 = user_file_list.md5 limit 0, 4 在操作
[2021-07-27 18:29:11]--[src_cgi/myfiles_cgi.c:436]--{
	"files":	[{
			"user":	"liult",
			"md5":	"d41d8cd98f00b204e9800998ecf8427e",
			"create_time":	"2021-07-26 21:30:02",
			"file_name":	"test0726.txt",
			"share_status":	0,
			"pv":	0,
			"url":	"http://172.20.248.167:80/group1/M00/00/00/rBT4p2D-uNqAc4llAAAAAAAAAAA658.txt",
			"size":	0,
			"type":	"txt"
		}, {
			"user":	"liult",
			"md5":	"432cdd8b15f44128ab9ce0dffa305fbc",
			"create_time":	"2021-07-26 21:30:35",
			"file_name":	"test0726-1.txt",
			"share_status":	1,
			"pv":	7,
			"url":	"http://172.20.248.167:80/group1/M00/00/00/rBT4p2D-uPuAZVWkAAAAM0hFvw4033.txt",
			"size":	51,
			"type":	"txt"
		}, {
			"user":	"liult",
			"md5":	"71dc5528330519165801195652e67d2c",
			"create_time":	"2021-07-26 21:35:59",
			"file_name":	"0.png",
			"share_status":	1,
			"pv":	2,
			"url":	"http://172.20.248.167:80/group1/M00/00/00/rBT4p2D-uj-AHy60AAEIYarYfbA403.png",
			"size":	67681,
			"type":	"png"
		}, {
			"user":	"liult",
			"md5":	"d64216f4a43994876e37f6ce2203501c",
			"create_time":	"2021-07-27 08:55:58",
			"file_name":	"test0727-1.txt",
			"share_status":	1,
			"pv":	1,
			"url":	"http://172.20.248.167:80/group1/M00/00/00/rBT4p2D_WZ6AKMCoAAAAEsUG-S8344.txt",
			"size":	18,
			"type":	"txt"
		}]
}
[2021-07-27 18:29:28]--[src_cgi/myfiles_cgi.c:504]--cmd = count
[2021-07-27 18:29:28]--[src_cgi/myfiles_cgi.c:536]--buf = {
    "token": "010582faad3a1c140f5cdcbfa28ab462",
    "user": "liult"
}

[2021-07-27 18:29:28]--[src_cgi/myfiles_cgi.c:175]--line = 4
[2021-07-27 18:29:28]--[src_cgi/myfiles_cgi.c:504]--cmd = normal
[2021-07-27 18:29:28]--[src_cgi/myfiles_cgi.c:536]--buf = {
    "count": 4,
    "start": 0,
    "token": "010582faad3a1c140f5cdcbfa28ab462",
    "user": "liult"
}

[2021-07-27 18:29:28]--[src_cgi/myfiles_cgi.c:556]--user = liult, token = 010582faad3a1c140f5cdcbfa28ab462, start = 0, count = 4
[2021-07-27 18:29:28]--[src_cgi/myfiles_cgi.c:305]--select user_file_list.*, file_info.url, file_info.size, file_info.type from file_info, user_file_list where user = 'liult' and file_info.md5 = user_file_list.md5 limit 0, 4 在操作
[2021-07-27 18:29:28]--[src_cgi/myfiles_cgi.c:436]--{
	"files":	[{
			"user":	"liult",
			"md5":	"d41d8cd98f00b204e9800998ecf8427e",
			"create_time":	"2021-07-26 21:30:02",
			"file_name":	"test0726.txt",
			"share_status":	0,
			"pv":	0,
			"url":	"http://172.20.248.167:80/group1/M00/00/00/rBT4p2D-uNqAc4llAAAAAAAAAAA658.txt",
			"size":	0,
			"type":	"txt"
		}, {
			"user":	"liult",
			"md5":	"432cdd8b15f44128ab9ce0dffa305fbc",
			"create_time":	"2021-07-26 21:30:35",
			"file_name":	"test0726-1.txt",
			"share_status":	1,
			"pv":	7,
			"url":	"http://172.20.248.167:80/group1/M00/00/00/rBT4p2D-uPuAZVWkAAAAM0hFvw4033.txt",
			"size":	51,
			"type":	"txt"
		}, {
			"user":	"liult",
			"md5":	"71dc5528330519165801195652e67d2c",
			"create_time":	"2021-07-26 21:35:59",
			"file_name":	"0.png",
			"share_status":	1,
			"pv":	2,
			"url":	"http://172.20.248.167:80/group1/M00/00/00/rBT4p2D-uj-AHy60AAEIYarYfbA403.png",
			"size":	67681,
			"type":	"png"
		}, {
			"user":	"liult",
			"md5":	"d64216f4a43994876e37f6ce2203501c",
			"create_time":	"2021-07-27 08:55:58",
			"file_name":	"test0727-1.txt",
			"share_status":	1,
			"pv":	1,
			"url":	"http://172.20.248.167:80/group1/M00/00/00/rBT4p2D_WZ6AKMCoAAAAEsUG-S8344.txt",
			"size":	18,
			"type":	"txt"
		}]
}
[2021-07-27 18:29:58]--[src_cgi/myfiles_cgi.c:504]--cmd = count
[2021-07-27 18:29:58]--[src_cgi/myfiles_cgi.c:536]--buf = {
    "token": "010582faad3a1c140f5cdcbfa28ab462",
    "user": "liult"
}

[2021-07-27 18:29:58]--[src_cgi/myfiles_cgi.c:175]--line = 4
[2021-07-27 18:29:58]--[src_cgi/myfiles_cgi.c:504]--cmd = normal
[2021-07-27 18:29:58]--[src_cgi/myfiles_cgi.c:536]--buf = {
    "count": 4,
    "start": 0,
    "token": "010582faad3a1c140f5cdcbfa28ab462",
    "user": "liult"
}

[2021-07-27 18:29:58]--[src_cgi/myfiles_cgi.c:556]--user = liult, token = 010582faad3a1c140f5cdcbfa28ab462, start = 0, count = 4
[2021-07-27 18:29:58]--[src_cgi/myfiles_cgi.c:305]--select user_file_list.*, file_info.url, file_info.size, file_info.type from file_info, user_file_list where user = 'liult' and file_info.md5 = user_file_list.md5 limit 0, 4 在操作
[2021-07-27 18:29:58]--[src_cgi/myfiles_cgi.c:436]--{
	"files":	[{
			"user":	"liult",
			"md5":	"d41d8cd98f00b204e9800998ecf8427e",
			"create_time":	"2021-07-26 21:30:02",
			"file_name":	"test0726.txt",
			"share_status":	0,
			"pv":	0,
			"url":	"http://172.20.248.167:80/group1/M00/00/00/rBT4p2D-uNqAc4llAAAAAAAAAAA658.txt",
			"size":	0,
			"type":	"txt"
		}, {
			"user":	"liult",
			"md5":	"432cdd8b15f44128ab9ce0dffa305fbc",
			"create_time":	"2021-07-26 21:30:35",
			"file_name":	"test0726-1.txt",
			"share_status":	1,
			"pv":	7,
			"url":	"http://172.20.248.167:80/group1/M00/00/00/rBT4p2D-uPuAZVWkAAAAM0hFvw4033.txt",
			"size":	51,
			"type":	"txt"
		}, {
			"user":	"liult",
			"md5":	"71dc5528330519165801195652e67d2c",
			"create_time":	"2021-07-26 21:35:59",
			"file_name":	"0.png",
			"share_status":	1,
			"pv":	2,
			"url":	"http://172.20.248.167:80/group1/M00/00/00/rBT4p2D-uj-AHy60AAEIYarYfbA403.png",
			"size":	67681,
			"type":	"png"
		}, {
			"user":	"liult",
			"md5":	"d64216f4a43994876e37f6ce2203501c",
			"create_time":	"2021-07-27 08:55:58",
			"file_name":	"test0727-1.txt",
			"share_status":	1,
			"pv":	1,
			"url":	"http://172.20.248.167:80/group1/M00/00/00/rBT4p2D_WZ6AKMCoAAAAEsUG-S8344.txt",
			"size":	18,
			"type":	"txt"
		}]
}
[2021-07-27 18:30:08]--[src_cgi/myfiles_cgi.c:504]--cmd = count
[2021-07-27 18:30:08]--[src_cgi/myfiles_cgi.c:536]--buf = {
    "token": "010582faad3a1c140f5cdcbfa28ab462",
    "user": "liult"
}

[2021-07-27 18:30:08]--[src_cgi/myfiles_cgi.c:175]--line = 5
[2021-07-27 18:30:08]--[src_cgi/myfiles_cgi.c:504]--cmd = normal
[2021-07-27 18:30:08]--[src_cgi/myfiles_cgi.c:536]--buf = {
    "count": 5,
    "start": 0,
    "token": "010582faad3a1c140f5cdcbfa28ab462",
    "user": "liult"
}

[2021-07-27 18:30:08]--[src_cgi/myfiles_cgi.c:556]--user = liult, token = 010582faad3a1c140f5cdcbfa28ab462, start = 0, count = 5
[2021-07-27 18:30:08]--[src_cgi/myfiles_cgi.c:305]--select user_file_list.*, file_info.url, file_info.size, file_info.type from file_info, user_file_list where user = 'liult' and file_info.md5 = user_file_list.md5 limit 0, 5 在操作
[2021-07-27 18:30:08]--[src_cgi/myfiles_cgi.c:436]--{
	"files":	[{
			"user":	"liult",
			"md5":	"d41d8cd98f00b204e9800998ecf8427e",
			"create_time":	"2021-07-26 21:30:02",
			"file_name":	"test0726.txt",
			"share_status":	0,
			"pv":	0,
			"url":	"http://172.20.248.167:80/group1/M00/00/00/rBT4p2D-uNqAc4llAAAAAAAAAAA658.txt",
			"size":	0,
			"type":	"txt"
		}, {
			"user":	"liult",
			"md5":	"432cdd8b15f44128ab9ce0dffa305fbc",
			"create_time":	"2021-07-26 21:30:35",
			"file_name":	"test0726-1.txt",
			"share_status":	1,
			"pv":	7,
			"url":	"http://172.20.248.167:80/group1/M00/00/00/rBT4p2D-uPuAZVWkAAAAM0hFvw4033.txt",
			"size":	51,
			"type":	"txt"
		}, {
			"user":	"liult",
			"md5":	"71dc5528330519165801195652e67d2c",
			"create_time":	"2021-07-26 21:35:59",
			"file_name":	"0.png",
			"share_status":	1,
			"pv":	3,
			"url":	"http://172.20.248.167:80/group1/M00/00/00/rBT4p2D-uj-AHy60AAEIYarYfbA403.png",
			"size":	67681,
			"type":	"png"
		}, {
			"user":	"liult",
			"md5":	"d64216f4a43994876e37f6ce2203501c",
			"create_time":	"2021-07-27 08:55:58",
			"file_name":	"test0727-1.txt",
			"share_status":	1,
			"pv":	1,
			"url":	"http://172.20.248.167:80/group1/M00/00/00/rBT4p2D_WZ6AKMCoAAAAEsUG-S8344.txt",
			"size":	18,
			"type":	"txt"
		}, {
			"user":	"liult",
			"md5":	"17669b63cad4793b285b61ccb1df7f46",
			"create_time":	"2021-07-27 18:30:05",
			"file_name":	"bazel1.png",
			"share_status":	0,
			"pv":	0,
			"url":	"http://47.108.75.171:80/group1/M00/00/00/rBT4p2D_4C2ActHRAACPRAVTRKk238.png",
			"size":	36676,
			"type":	"png"
		}]
}
[2021-07-27 18:30:42]--[src_cgi/myfiles_cgi.c:504]--cmd = count
[2021-07-27 18:30:42]--[src_cgi/myfiles_cgi.c:536]--buf = {
    "token": "010582faad3a1c140f5cdcbfa28ab462",
    "user": "liult"
}

[2021-07-27 18:30:42]--[src_cgi/myfiles_cgi.c:175]--line = 5
[2021-07-27 18:30:42]--[src_cgi/myfiles_cgi.c:504]--cmd = normal
[2021-07-27 18:30:42]--[src_cgi/myfiles_cgi.c:536]--buf = {
    "count": 5,
    "start": 0,
    "token": "010582faad3a1c140f5cdcbfa28ab462",
    "user": "liult"
}

[2021-07-27 18:30:42]--[src_cgi/myfiles_cgi.c:556]--user = liult, token = 010582faad3a1c140f5cdcbfa28ab462, start = 0, count = 5
[2021-07-27 18:30:42]--[src_cgi/myfiles_cgi.c:305]--select user_file_list.*, file_info.url, file_info.size, file_info.type from file_info, user_file_list where user = 'liult' and file_info.md5 = user_file_list.md5 limit 0, 5 在操作
[2021-07-27 18:30:42]--[src_cgi/myfiles_cgi.c:436]--{
	"files":	[{
			"user":	"liult",
			"md5":	"d41d8cd98f00b204e9800998ecf8427e",
			"create_time":	"2021-07-26 21:30:02",
			"file_name":	"test0726.txt",
			"share_status":	0,
			"pv":	0,
			"url":	"http://172.20.248.167:80/group1/M00/00/00/rBT4p2D-uNqAc4llAAAAAAAAAAA658.txt",
			"size":	0,
			"type":	"txt"
		}, {
			"user":	"liult",
			"md5":	"432cdd8b15f44128ab9ce0dffa305fbc",
			"create_time":	"2021-07-26 21:30:35",
			"file_name":	"test0726-1.txt",
			"share_status":	1,
			"pv":	7,
			"url":	"http://172.20.248.167:80/group1/M00/00/00/rBT4p2D-uPuAZVWkAAAAM0hFvw4033.txt",
			"size":	51,
			"type":	"txt"
		}, {
			"user":	"liult",
			"md5":	"71dc5528330519165801195652e67d2c",
			"create_time":	"2021-07-26 21:35:59",
			"file_name":	"0.png",
			"share_status":	1,
			"pv":	3,
			"url":	"http://172.20.248.167:80/group1/M00/00/00/rBT4p2D-uj-AHy60AAEIYarYfbA403.png",
			"size":	67681,
			"type":	"png"
		}, {
			"user":	"liult",
			"md5":	"d64216f4a43994876e37f6ce2203501c",
			"create_time":	"2021-07-27 08:55:58",
			"file_name":	"test0727-1.txt",
			"share_status":	1,
			"pv":	1,
			"url":	"http://172.20.248.167:80/group1/M00/00/00/rBT4p2D_WZ6AKMCoAAAAEsUG-S8344.txt",
			"size":	18,
			"type":	"txt"
		}, {
			"user":	"liult",
			"md5":	"17669b63cad4793b285b61ccb1df7f46",
			"create_time":	"2021-07-27 18:30:05",
			"file_name":	"bazel1.png",
			"share_status":	0,
			"pv":	1,
			"url":	"http://47.108.75.171:80/group1/M00/00/00/rBT4p2D_4C2ActHRAACPRAVTRKk238.png",
			"size":	36676,
			"type":	"png"
		}]
}
[2021-07-27 18:33:52]--[src_cgi/myfiles_cgi.c:39]--mysql:[user=root,pwd=123,database=0voice_cloud_disk][2021-07-27 18:42:46]--[src_cgi/myfiles_cgi.c:39]--mysql:[user=root,pwd=123,database=0voice_cloud_disk][2021-07-27 18:42:57]--[src_cgi/myfiles_cgi.c:504]--cmd = count
[2021-07-27 18:42:57]--[src_cgi/myfiles_cgi.c:536]--buf = {
    "token": "8b0023938632ae3d76311094b335a776",
    "user": "liult"
}

[2021-07-27 18:42:57]--[src_cgi/myfiles_cgi.c:175]--line = 5
[2021-07-27 18:42:57]--[src_cgi/myfiles_cgi.c:504]--cmd = normal
[2021-07-27 18:42:57]--[src_cgi/myfiles_cgi.c:536]--buf = {
    "count": 5,
    "start": 0,
    "token": "8b0023938632ae3d76311094b335a776",
    "user": "liult"
}

[2021-07-27 18:42:57]--[src_cgi/myfiles_cgi.c:556]--user = liult, token = 8b0023938632ae3d76311094b335a776, start = 0, count = 5
[2021-07-27 18:42:57]--[src_cgi/myfiles_cgi.c:305]--select user_file_list.*, file_info.url, file_info.size, file_info.type from file_info, user_file_list where user = 'liult' and file_info.md5 = user_file_list.md5 limit 0, 5 在操作
[2021-07-27 18:42:57]--[src_cgi/myfiles_cgi.c:436]--{
	"files":	[{
			"user":	"liult",
			"md5":	"d41d8cd98f00b204e9800998ecf8427e",
			"create_time":	"2021-07-26 21:30:02",
			"file_name":	"test0726.txt",
			"share_status":	0,
			"pv":	0,
			"url":	"http://172.20.248.167:80/group1/M00/00/00/rBT4p2D-uNqAc4llAAAAAAAAAAA658.txt",
			"size":	0,
			"type":	"txt"
		}, {
			"user":	"liult",
			"md5":	"432cdd8b15f44128ab9ce0dffa305fbc",
			"create_time":	"2021-07-26 21:30:35",
			"file_name":	"test0726-1.txt",
			"share_status":	1,
			"pv":	7,
			"url":	"http://172.20.248.167:80/group1/M00/00/00/rBT4p2D-uPuAZVWkAAAAM0hFvw4033.txt",
			"size":	51,
			"type":	"txt"
		}, {
			"user":	"liult",
			"md5":	"71dc5528330519165801195652e67d2c",
			"create_time":	"2021-07-26 21:35:59",
			"file_name":	"0.png",
			"share_status":	1,
			"pv":	3,
			"url":	"http://172.20.248.167:80/group1/M00/00/00/rBT4p2D-uj-AHy60AAEIYarYfbA403.png",
			"size":	67681,
			"type":	"png"
		}, {
			"user":	"liult",
			"md5":	"d64216f4a43994876e37f6ce2203501c",
			"create_time":	"2021-07-27 08:55:58",
			"file_name":	"test0727-1.txt",
			"share_status":	1,
			"pv":	1,
			"url":	"http://172.20.248.167:80/group1/M00/00/00/rBT4p2D_WZ6AKMCoAAAAEsUG-S8344.txt",
			"size":	18,
			"type":	"txt"
		}, {
			"user":	"liult",
			"md5":	"17669b63cad4793b285b61ccb1df7f46",
			"create_time":	"2021-07-27 18:30:05",
			"file_name":	"bazel1.png",
			"share_status":	0,
			"pv":	1,
			"url":	"http://47.108.75.171:80/group1/M00/00/00/rBT4p2D_4C2ActHRAACPRAVTRKk238.png",
			"size":	36676,
			"type":	"png"
		}]
}
[2021-07-27 18:43:09]--[src_cgi/myfiles_cgi.c:504]--cmd = count
[2021-07-27 18:43:09]--[src_cgi/myfiles_cgi.c:536]--buf = {
    "token": "8b0023938632ae3d76311094b335a776",
    "user": "liult"
}

[2021-07-27 18:43:09]--[src_cgi/myfiles_cgi.c:175]--line = 6
[2021-07-27 18:43:09]--[src_cgi/myfiles_cgi.c:504]--cmd = normal
[2021-07-27 18:43:09]--[src_cgi/myfiles_cgi.c:536]--buf = {
    "count": 6,
    "start": 0,
    "token": "8b0023938632ae3d76311094b335a776",
    "user": "liult"
}

[2021-07-27 18:43:09]--[src_cgi/myfiles_cgi.c:556]--user = liult, token = 8b0023938632ae3d76311094b335a776, start = 0, count = 6
[2021-07-27 18:43:09]--[src_cgi/myfiles_cgi.c:305]--select user_file_list.*, file_info.url, file_info.size, file_info.type from file_info, user_file_list where user = 'liult' and file_info.md5 = user_file_list.md5 limit 0, 6 在操作
[2021-07-27 18:43:09]--[src_cgi/myfiles_cgi.c:436]--{
	"files":	[{
			"user":	"liult",
			"md5":	"d41d8cd98f00b204e9800998ecf8427e",
			"create_time":	"2021-07-26 21:30:02",
			"file_name":	"test0726.txt",
			"share_status":	0,
			"pv":	0,
			"url":	"http://172.20.248.167:80/group1/M00/00/00/rBT4p2D-uNqAc4llAAAAAAAAAAA658.txt",
			"size":	0,
			"type":	"txt"
		}, {
			"user":	"liult",
			"md5":	"432cdd8b15f44128ab9ce0dffa305fbc",
			"create_time":	"2021-07-26 21:30:35",
			"file_name":	"test0726-1.txt",
			"share_status":	1,
			"pv":	7,
			"url":	"http://172.20.248.167:80/group1/M00/00/00/rBT4p2D-uPuAZVWkAAAAM0hFvw4033.txt",
			"size":	51,
			"type":	"txt"
		}, {
			"user":	"liult",
			"md5":	"71dc5528330519165801195652e67d2c",
			"create_time":	"2021-07-26 21:35:59",
			"file_name":	"0.png",
			"share_status":	1,
			"pv":	3,
			"url":	"http://172.20.248.167:80/group1/M00/00/00/rBT4p2D-uj-AHy60AAEIYarYfbA403.png",
			"size":	67681,
			"type":	"png"
		}, {
			"user":	"liult",
			"md5":	"d64216f4a43994876e37f6ce2203501c",
			"create_time":	"2021-07-27 08:55:58",
			"file_name":	"test0727-1.txt",
			"share_status":	1,
			"pv":	1,
			"url":	"http://172.20.248.167:80/group1/M00/00/00/rBT4p2D_WZ6AKMCoAAAAEsUG-S8344.txt",
			"size":	18,
			"type":	"txt"
		}, {
			"user":	"liult",
			"md5":	"17669b63cad4793b285b61ccb1df7f46",
			"create_time":	"2021-07-27 18:30:05",
			"file_name":	"bazel1.png",
			"share_status":	0,
			"pv":	1,
			"url":	"http://47.108.75.171:80/group1/M00/00/00/rBT4p2D_4C2ActHRAACPRAVTRKk238.png",
			"size":	36676,
			"type":	"png"
		}, {
			"user":	"liult",
			"md5":	"79ae4d9361d0b859e367006d6bbe6203",
			"create_time":	"2021-07-27 18:43:06",
			"file_name":	"bazel2.png",
			"share_status":	0,
			"pv":	0,
			"url":	"http://47.108.75.171:80/group1/M00/00/00/rBT4p2D_4zqAaPjRAACXKrLG1Nc031.png",
			"size":	38698,
			"type":	"png"
		}]
}
[2021-07-27 18:43:20]--[src_cgi/myfiles_cgi.c:504]--cmd = count
[2021-07-27 18:43:20]--[src_cgi/myfiles_cgi.c:536]--buf = {
    "token": "8b0023938632ae3d76311094b335a776",
    "user": "liult"
}

[2021-07-27 18:43:20]--[src_cgi/myfiles_cgi.c:175]--line = 6
[2021-07-27 18:43:20]--[src_cgi/myfiles_cgi.c:504]--cmd = normal
[2021-07-27 18:43:20]--[src_cgi/myfiles_cgi.c:536]--buf = {
    "count": 6,
    "start": 0,
    "token": "8b0023938632ae3d76311094b335a776",
    "user": "liult"
}

[2021-07-27 18:43:20]--[src_cgi/myfiles_cgi.c:556]--user = liult, token = 8b0023938632ae3d76311094b335a776, start = 0, count = 6
[2021-07-27 18:43:20]--[src_cgi/myfiles_cgi.c:305]--select user_file_list.*, file_info.url, file_info.size, file_info.type from file_info, user_file_list where user = 'liult' and file_info.md5 = user_file_list.md5 limit 0, 6 在操作
[2021-07-27 18:43:20]--[src_cgi/myfiles_cgi.c:436]--{
	"files":	[{
			"user":	"liult",
			"md5":	"d41d8cd98f00b204e9800998ecf8427e",
			"create_time":	"2021-07-26 21:30:02",
			"file_name":	"test0726.txt",
			"share_status":	0,
			"pv":	0,
			"url":	"http://172.20.248.167:80/group1/M00/00/00/rBT4p2D-uNqAc4llAAAAAAAAAAA658.txt",
			"size":	0,
			"type":	"txt"
		}, {
			"user":	"liult",
			"md5":	"432cdd8b15f44128ab9ce0dffa305fbc",
			"create_time":	"2021-07-26 21:30:35",
			"file_name":	"test0726-1.txt",
			"share_status":	1,
			"pv":	7,
			"url":	"http://172.20.248.167:80/group1/M00/00/00/rBT4p2D-uPuAZVWkAAAAM0hFvw4033.txt",
			"size":	51,
			"type":	"txt"
		}, {
			"user":	"liult",
			"md5":	"71dc5528330519165801195652e67d2c",
			"create_time":	"2021-07-26 21:35:59",
			"file_name":	"0.png",
			"share_status":	1,
			"pv":	3,
			"url":	"http://172.20.248.167:80/group1/M00/00/00/rBT4p2D-uj-AHy60AAEIYarYfbA403.png",
			"size":	67681,
			"type":	"png"
		}, {
			"user":	"liult",
			"md5":	"d64216f4a43994876e37f6ce2203501c",
			"create_time":	"2021-07-27 08:55:58",
			"file_name":	"test0727-1.txt",
			"share_status":	1,
			"pv":	1,
			"url":	"http://172.20.248.167:80/group1/M00/00/00/rBT4p2D_WZ6AKMCoAAAAEsUG-S8344.txt",
			"size":	18,
			"type":	"txt"
		}, {
			"user":	"liult",
			"md5":	"17669b63cad4793b285b61ccb1df7f46",
			"create_time":	"2021-07-27 18:30:05",
			"file_name":	"bazel1.png",
			"share_status":	0,
			"pv":	1,
			"url":	"http://47.108.75.171:80/group1/M00/00/00/rBT4p2D_4C2ActHRAACPRAVTRKk238.png",
			"size":	36676,
			"type":	"png"
		}, {
			"user":	"liult",
			"md5":	"79ae4d9361d0b859e367006d6bbe6203",
			"create_time":	"2021-07-27 18:43:06",
			"file_name":	"bazel2.png",
			"share_status":	0,
			"pv":	1,
			"url":	"http://47.108.75.171:80/group1/M00/00/00/rBT4p2D_4zqAaPjRAACXKrLG1Nc031.png",
			"size":	38698,
			"type":	"png"
		}]
}
