[2021-07-26 09:15:20]--[src_cgi/reg_cgi.c:235]--buf = {
    "email": "1140078441@qq.com",
    "firstPwd": "e10adc3949ba59abbe56e057f20f883e",
    "nickName": "liutl",
    "phone": "18297335299",
    "userName": "ltl"
}

[2021-07-26 09:15:20]--[src_cgi/reg_cgi.c:127]--mysql_user = root, mysql_pwd = 123, mysql_db = 0voice_cloud_disk
[2021-07-26 09:15:20]--[src_cgi/reg_cgi.c:140]--user_name = ltl, nick_name = liutl, pwd = e10adc3949ba59abbe56e057f20f883e, tel = 18297335299, email = 1140078441@qq.com
[2021-07-26 09:15:20]--[src_cgi/reg_cgi.c:146]--msql_conn err
[2021-07-26 09:15:52]--[src_cgi/reg_cgi.c:235]--buf = {
    "email": "472251823@qq.com",
    "firstPwd": "e10adc3949ba59abbe56e057f20f883e",
    "nickName": "milo",
    "phone": "18620823143",
    "userName": "milo"
}

[2021-07-26 09:15:52]--[src_cgi/reg_cgi.c:127]--mysql_user = root, mysql_pwd = 123, mysql_db = 0voice_cloud_disk
[2021-07-26 09:15:52]--[src_cgi/reg_cgi.c:140]--user_name = milo, nick_name = milo, pwd = e10adc3949ba59abbe56e057f20f883e, tel = 18620823143, email = 472251823@qq.com
[2021-07-26 09:15:52]--[src_cgi/reg_cgi.c:146]--msql_conn err
[2021-07-26 21:29:05]--[src_cgi/reg_cgi.c:235]--buf = {
    "email": "1140078441@qq.com",
    "firstPwd": "e10adc3949ba59abbe56e057f20f883e",
    "nickName": "ltl",
    "phone": "18297335299",
    "userName": "liult"
}

[2021-07-26 21:29:05]--[src_cgi/reg_cgi.c:127]--mysql_user = root, mysql_pwd = 123, mysql_db = 0voice_cloud_disk
[2021-07-26 21:29:05]--[src_cgi/reg_cgi.c:140]--user_name = liult, nick_name = ltl, pwd = e10adc3949ba59abbe56e057f20f883e, tel = 18297335299, email = 1140078441@qq.com
