11761:C 20 May 2021 14:50:23.265 # oO0OoO0OoO0Oo Redis is starting oO0OoO0OoO0Oo
11761:C 20 May 2021 14:50:23.265 # Redis version=6.2.3, bits=64, commit=00000000, modified=0, pid=11761, just started
11761:C 20 May 2021 14:50:23.265 # Configuration loaded
11761:M 20 May 2021 14:50:23.266 * monotonic clock: POSIX clock_gettime
11761:M 20 May 2021 14:50:23.266 # Warning: Could not create server TCP listening socket ::1:6379: bind: Cannot assign requested address
11761:M 20 May 2021 14:50:23.266 * Running mode=standalone, port=6379.
11761:M 20 May 2021 14:50:23.266 # WARNING: The TCP backlog setting of 511 cannot be enforced because /proc/sys/net/core/somaxconn is set to the lower value of 128.
11761:M 20 May 2021 14:50:23.266 # Server initialized
11761:M 20 May 2021 14:50:23.266 # WARNING overcommit_memory is set to 0! Background save may fail under low memory condition. To fix this issue add 'vm.overcommit_memory = 1' to /etc/sysctl.conf and then reboot or run the command 'sysctl vm.overcommit_memory=1' for this to take effect.
11761:M 20 May 2021 14:50:23.267 * Ready to accept connections
11890:C 20 May 2021 14:50:48.804 # oO0OoO0OoO0Oo Redis is starting oO0OoO0OoO0Oo
11890:C 20 May 2021 14:50:48.804 # Redis version=6.2.3, bits=64, commit=00000000, modified=0, pid=11890, just started
11890:C 20 May 2021 14:50:48.804 # Configuration loaded
11890:M 20 May 2021 14:50:48.805 * monotonic clock: POSIX clock_gettime
11890:M 20 May 2021 14:50:48.805 # Warning: Could not create server TCP listening socket ::1:6379: bind: Cannot assign requested address
11890:M 20 May 2021 14:50:48.805 * Running mode=standalone, port=6379.
11890:M 20 May 2021 14:50:48.805 # WARNING: The TCP backlog setting of 511 cannot be enforced because /proc/sys/net/core/somaxconn is set to the lower value of 128.
11890:M 20 May 2021 14:50:48.805 # Server initialized
11890:M 20 May 2021 14:50:48.805 # WARNING overcommit_memory is set to 0! Background save may fail under low memory condition. To fix this issue add 'vm.overcommit_memory = 1' to /etc/sysctl.conf and then reboot or run the command 'sysctl vm.overcommit_memory=1' for this to take effect.
11890:M 20 May 2021 14:50:48.806 * Ready to accept connections
11890:M 20 May 2021 15:50:49.032 * 1 changes in 3600 seconds. Saving...
11890:M 20 May 2021 15:50:49.033 * Background saving started by pid 12160
12160:C 20 May 2021 15:50:49.038 * DB saved on disk
12160:C 20 May 2021 15:50:49.039 * RDB: 0 MB of memory used by copy-on-write
11890:M 20 May 2021 15:50:49.133 * Background saving terminated with success
10739:C 27 Jul 2021 08:46:11.411 # oO0OoO0OoO0Oo Redis is starting oO0OoO0OoO0Oo
10739:C 27 Jul 2021 08:46:11.411 # Redis version=6.2.3, bits=64, commit=00000000, modified=0, pid=10739, just started
10739:C 27 Jul 2021 08:46:11.411 # Configuration loaded
10739:M 27 Jul 2021 08:46:11.412 * monotonic clock: POSIX clock_gettime
10739:M 27 Jul 2021 08:46:11.412 * Running mode=standalone, port=6379.
10739:M 27 Jul 2021 08:46:11.412 # WARNING: The TCP backlog setting of 511 cannot be enforced because /proc/sys/net/core/somaxconn is set to the lower value of 128.
10739:M 27 Jul 2021 08:46:11.412 # Server initialized
10739:M 27 Jul 2021 08:46:11.412 # WARNING overcommit_memory is set to 0! Background save may fail under low memory condition. To fix this issue add 'vm.overcommit_memory = 1' to /etc/sysctl.conf and then reboot or run the command 'sysctl vm.overcommit_memory=1' for this to take effect.
10739:M 27 Jul 2021 08:46:11.413 * Loading RDB produced by version 6.2.3
10739:M 27 Jul 2021 08:46:11.413 * RDB age 5849722 seconds
10739:M 27 Jul 2021 08:46:11.413 * RDB memory usage when created 0.77 Mb
10739:M 27 Jul 2021 08:46:11.413 * DB loaded from disk: 0.000 seconds
10739:M 27 Jul 2021 08:46:11.413 * Ready to accept connections
10876:C 27 Jul 2021 08:54:20.860 # oO0OoO0OoO0Oo Redis is starting oO0OoO0OoO0Oo
10876:C 27 Jul 2021 08:54:20.860 # Redis version=6.2.3, bits=64, commit=00000000, modified=0, pid=10876, just started
10876:C 27 Jul 2021 08:54:20.860 # Configuration loaded
10876:M 27 Jul 2021 08:54:20.861 * monotonic clock: POSIX clock_gettime
10876:M 27 Jul 2021 08:54:20.861 * Running mode=standalone, port=6379.
10876:M 27 Jul 2021 08:54:20.861 # WARNING: The TCP backlog setting of 511 cannot be enforced because /proc/sys/net/core/somaxconn is set to the lower value of 128.
10876:M 27 Jul 2021 08:54:20.861 # Server initialized
10876:M 27 Jul 2021 08:54:20.861 # WARNING overcommit_memory is set to 0! Background save may fail under low memory condition. To fix this issue add 'vm.overcommit_memory = 1' to /etc/sysctl.conf and then reboot or run the command 'sysctl vm.overcommit_memory=1' for this to take effect.
10876:M 27 Jul 2021 08:54:20.861 * Loading RDB produced by version 6.2.3
10876:M 27 Jul 2021 08:54:20.861 * RDB age 5850211 seconds
10876:M 27 Jul 2021 08:54:20.861 * RDB memory usage when created 0.77 Mb
10876:M 27 Jul 2021 08:54:20.861 * DB loaded from disk: 0.000 seconds
10876:M 27 Jul 2021 08:54:20.861 * Ready to accept connections
11242:C 27 Jul 2021 09:06:58.768 # oO0OoO0OoO0Oo Redis is starting oO0OoO0OoO0Oo
11242:C 27 Jul 2021 09:06:58.768 # Redis version=6.2.3, bits=64, commit=00000000, modified=0, pid=11242, just started
11242:C 27 Jul 2021 09:06:58.768 # Configuration loaded
11242:M 27 Jul 2021 09:06:58.769 * monotonic clock: POSIX clock_gettime
11242:M 27 Jul 2021 09:06:58.770 * Running mode=standalone, port=6379.
11242:M 27 Jul 2021 09:06:58.770 # WARNING: The TCP backlog setting of 511 cannot be enforced because /proc/sys/net/core/somaxconn is set to the lower value of 128.
11242:M 27 Jul 2021 09:06:58.770 # Server initialized
11242:M 27 Jul 2021 09:06:58.770 # WARNING overcommit_memory is set to 0! Background save may fail under low memory condition. To fix this issue add 'vm.overcommit_memory = 1' to /etc/sysctl.conf and then reboot or run the command 'sysctl vm.overcommit_memory=1' for this to take effect.
11242:M 27 Jul 2021 09:06:58.770 * Loading RDB produced by version 6.2.3
11242:M 27 Jul 2021 09:06:58.770 * RDB age 5850969 seconds
11242:M 27 Jul 2021 09:06:58.770 * RDB memory usage when created 0.77 Mb
11242:M 27 Jul 2021 09:06:58.770 * DB loaded from disk: 0.000 seconds
11242:M 27 Jul 2021 09:06:58.770 * Ready to accept connections
11367:C 27 Jul 2021 09:07:32.092 # oO0OoO0OoO0Oo Redis is starting oO0OoO0OoO0Oo
11367:C 27 Jul 2021 09:07:32.092 # Redis version=6.2.3, bits=64, commit=00000000, modified=0, pid=11367, just started
11367:C 27 Jul 2021 09:07:32.092 # Configuration loaded
11367:M 27 Jul 2021 09:07:32.093 * monotonic clock: POSIX clock_gettime
11367:M 27 Jul 2021 09:07:32.093 * Running mode=standalone, port=6379.
11367:M 27 Jul 2021 09:07:32.093 # WARNING: The TCP backlog setting of 511 cannot be enforced because /proc/sys/net/core/somaxconn is set to the lower value of 128.
11367:M 27 Jul 2021 09:07:32.093 # Server initialized
11367:M 27 Jul 2021 09:07:32.093 # WARNING overcommit_memory is set to 0! Background save may fail under low memory condition. To fix this issue add 'vm.overcommit_memory = 1' to /etc/sysctl.conf and then reboot or run the command 'sysctl vm.overcommit_memory=1' for this to take effect.
11367:M 27 Jul 2021 09:07:32.094 * Loading RDB produced by version 6.2.3
11367:M 27 Jul 2021 09:07:32.094 * RDB age 5851003 seconds
11367:M 27 Jul 2021 09:07:32.094 * RDB memory usage when created 0.77 Mb
11367:M 27 Jul 2021 09:07:32.094 * DB loaded from disk: 0.000 seconds
11367:M 27 Jul 2021 09:07:32.094 * Ready to accept connections
11492:C 27 Jul 2021 09:08:50.991 # oO0OoO0OoO0Oo Redis is starting oO0OoO0OoO0Oo
11492:C 27 Jul 2021 09:08:50.991 # Redis version=6.2.3, bits=64, commit=00000000, modified=0, pid=11492, just started
11492:C 27 Jul 2021 09:08:50.991 # Configuration loaded
11492:M 27 Jul 2021 09:08:50.992 * monotonic clock: POSIX clock_gettime
11492:M 27 Jul 2021 09:08:50.993 * Running mode=standalone, port=6379.
11492:M 27 Jul 2021 09:08:50.993 # WARNING: The TCP backlog setting of 511 cannot be enforced because /proc/sys/net/core/somaxconn is set to the lower value of 128.
11492:M 27 Jul 2021 09:08:50.993 # Server initialized
11492:M 27 Jul 2021 09:08:50.993 # WARNING overcommit_memory is set to 0! Background save may fail under low memory condition. To fix this issue add 'vm.overcommit_memory = 1' to /etc/sysctl.conf and then reboot or run the command 'sysctl vm.overcommit_memory=1' for this to take effect.
11492:M 27 Jul 2021 09:08:50.993 * Loading RDB produced by version 6.2.3
11492:M 27 Jul 2021 09:08:50.993 * RDB age 5851081 seconds
11492:M 27 Jul 2021 09:08:50.993 * RDB memory usage when created 0.77 Mb
11492:M 27 Jul 2021 09:08:50.993 * DB loaded from disk: 0.000 seconds
11492:M 27 Jul 2021 09:08:50.993 * Ready to accept connections
11731:C 27 Jul 2021 09:10:16.693 # oO0OoO0OoO0Oo Redis is starting oO0OoO0OoO0Oo
11731:C 27 Jul 2021 09:10:16.693 # Redis version=6.2.3, bits=64, commit=00000000, modified=0, pid=11731, just started
11731:C 27 Jul 2021 09:10:16.693 # Configuration loaded
11731:M 27 Jul 2021 09:10:16.694 * monotonic clock: POSIX clock_gettime
11731:M 27 Jul 2021 09:10:16.694 * Running mode=standalone, port=6379.
11731:M 27 Jul 2021 09:10:16.694 # WARNING: The TCP backlog setting of 511 cannot be enforced because /proc/sys/net/core/somaxconn is set to the lower value of 128.
11731:M 27 Jul 2021 09:10:16.694 # Server initialized
11731:M 27 Jul 2021 09:10:16.694 # WARNING overcommit_memory is set to 0! Background save may fail under low memory condition. To fix this issue add 'vm.overcommit_memory = 1' to /etc/sysctl.conf and then reboot or run the command 'sysctl vm.overcommit_memory=1' for this to take effect.
11731:M 27 Jul 2021 09:10:16.695 * Loading RDB produced by version 6.2.3
11731:M 27 Jul 2021 09:10:16.695 * RDB age 5851167 seconds
11731:M 27 Jul 2021 09:10:16.695 * RDB memory usage when created 0.77 Mb
11731:M 27 Jul 2021 09:10:16.695 * DB loaded from disk: 0.000 seconds
11731:M 27 Jul 2021 09:10:16.695 * Ready to accept connections
11856:C 27 Jul 2021 09:10:57.070 # oO0OoO0OoO0Oo Redis is starting oO0OoO0OoO0Oo
11856:C 27 Jul 2021 09:10:57.070 # Redis version=6.2.3, bits=64, commit=00000000, modified=0, pid=11856, just started
11856:C 27 Jul 2021 09:10:57.070 # Configuration loaded
11856:M 27 Jul 2021 09:10:57.071 * monotonic clock: POSIX clock_gettime
11856:M 27 Jul 2021 09:10:57.072 * Running mode=standalone, port=6379.
11856:M 27 Jul 2021 09:10:57.072 # WARNING: The TCP backlog setting of 511 cannot be enforced because /proc/sys/net/core/somaxconn is set to the lower value of 128.
11856:M 27 Jul 2021 09:10:57.072 # Server initialized
11856:M 27 Jul 2021 09:10:57.072 # WARNING overcommit_memory is set to 0! Background save may fail under low memory condition. To fix this issue add 'vm.overcommit_memory = 1' to /etc/sysctl.conf and then reboot or run the command 'sysctl vm.overcommit_memory=1' for this to take effect.
11856:M 27 Jul 2021 09:10:57.072 * Loading RDB produced by version 6.2.3
11856:M 27 Jul 2021 09:10:57.072 * RDB age 5851208 seconds
11856:M 27 Jul 2021 09:10:57.072 * RDB memory usage when created 0.77 Mb
11856:M 27 Jul 2021 09:10:57.072 * DB loaded from disk: 0.000 seconds
11856:M 27 Jul 2021 09:10:57.072 * Ready to accept connections
11975:C 27 Jul 2021 09:11:18.471 # oO0OoO0OoO0Oo Redis is starting oO0OoO0OoO0Oo
11975:C 27 Jul 2021 09:11:18.471 # Redis version=6.2.3, bits=64, commit=00000000, modified=0, pid=11975, just started
11975:C 27 Jul 2021 09:11:18.471 # Configuration loaded
11975:M 27 Jul 2021 09:11:18.472 * monotonic clock: POSIX clock_gettime
11975:M 27 Jul 2021 09:11:18.472 * Running mode=standalone, port=6379.
11975:M 27 Jul 2021 09:11:18.472 # WARNING: The TCP backlog setting of 511 cannot be enforced because /proc/sys/net/core/somaxconn is set to the lower value of 128.
11975:M 27 Jul 2021 09:11:18.472 # Server initialized
11975:M 27 Jul 2021 09:11:18.472 # WARNING overcommit_memory is set to 0! Background save may fail under low memory condition. To fix this issue add 'vm.overcommit_memory = 1' to /etc/sysctl.conf and then reboot or run the command 'sysctl vm.overcommit_memory=1' for this to take effect.
11975:M 27 Jul 2021 09:11:18.473 * Loading RDB produced by version 6.2.3
11975:M 27 Jul 2021 09:11:18.473 * RDB age 5851229 seconds
11975:M 27 Jul 2021 09:11:18.473 * RDB memory usage when created 0.77 Mb
11975:M 27 Jul 2021 09:11:18.473 * DB loaded from disk: 0.000 seconds
11975:M 27 Jul 2021 09:11:18.473 * Ready to accept connections
12177:C 27 Jul 2021 09:52:33.828 # oO0OoO0OoO0Oo Redis is starting oO0OoO0OoO0Oo
12177:C 27 Jul 2021 09:52:33.828 # Redis version=6.2.3, bits=64, commit=00000000, modified=0, pid=12177, just started
12177:C 27 Jul 2021 09:52:33.828 # Configuration loaded
12177:M 27 Jul 2021 09:52:33.828 * monotonic clock: POSIX clock_gettime
12177:M 27 Jul 2021 09:52:33.829 * Running mode=standalone, port=6379.
12177:M 27 Jul 2021 09:52:33.829 # WARNING: The TCP backlog setting of 511 cannot be enforced because /proc/sys/net/core/somaxconn is set to the lower value of 128.
12177:M 27 Jul 2021 09:52:33.829 # Server initialized
12177:M 27 Jul 2021 09:52:33.829 # WARNING overcommit_memory is set to 0! Background save may fail under low memory condition. To fix this issue add 'vm.overcommit_memory = 1' to /etc/sysctl.conf and then reboot or run the command 'sysctl vm.overcommit_memory=1' for this to take effect.
12177:M 27 Jul 2021 09:52:33.829 * Loading RDB produced by version 6.2.3
12177:M 27 Jul 2021 09:52:33.829 * RDB age 5853704 seconds
12177:M 27 Jul 2021 09:52:33.829 * RDB memory usage when created 0.77 Mb
12177:M 27 Jul 2021 09:52:33.829 * DB loaded from disk: 0.000 seconds
12177:M 27 Jul 2021 09:52:33.829 * Ready to accept connections
12305:C 27 Jul 2021 09:56:44.277 # oO0OoO0OoO0Oo Redis is starting oO0OoO0OoO0Oo
12305:C 27 Jul 2021 09:56:44.277 # Redis version=6.2.3, bits=64, commit=00000000, modified=0, pid=12305, just started
12305:C 27 Jul 2021 09:56:44.277 # Configuration loaded
12305:M 27 Jul 2021 09:56:44.278 * monotonic clock: POSIX clock_gettime
12305:M 27 Jul 2021 09:56:44.279 * Running mode=standalone, port=6379.
12305:M 27 Jul 2021 09:56:44.279 # WARNING: The TCP backlog setting of 511 cannot be enforced because /proc/sys/net/core/somaxconn is set to the lower value of 128.
12305:M 27 Jul 2021 09:56:44.279 # Server initialized
12305:M 27 Jul 2021 09:56:44.279 # WARNING overcommit_memory is set to 0! Background save may fail under low memory condition. To fix this issue add 'vm.overcommit_memory = 1' to /etc/sysctl.conf and then reboot or run the command 'sysctl vm.overcommit_memory=1' for this to take effect.
12305:M 27 Jul 2021 09:56:44.279 * Loading RDB produced by version 6.2.3
12305:M 27 Jul 2021 09:56:44.279 * RDB age 5853955 seconds
12305:M 27 Jul 2021 09:56:44.279 * RDB memory usage when created 0.77 Mb
12305:M 27 Jul 2021 09:56:44.279 * DB loaded from disk: 0.000 seconds
12305:M 27 Jul 2021 09:56:44.279 * Ready to accept connections
12447:C 27 Jul 2021 09:59:26.252 # oO0OoO0OoO0Oo Redis is starting oO0OoO0OoO0Oo
12447:C 27 Jul 2021 09:59:26.252 # Redis version=6.2.3, bits=64, commit=00000000, modified=0, pid=12447, just started
12447:C 27 Jul 2021 09:59:26.252 # Configuration loaded
12447:M 27 Jul 2021 09:59:26.252 * monotonic clock: POSIX clock_gettime
12447:M 27 Jul 2021 09:59:26.253 * Running mode=standalone, port=6379.
12447:M 27 Jul 2021 09:59:26.253 # WARNING: The TCP backlog setting of 511 cannot be enforced because /proc/sys/net/core/somaxconn is set to the lower value of 128.
12447:M 27 Jul 2021 09:59:26.253 # Server initialized
12447:M 27 Jul 2021 09:59:26.253 # WARNING overcommit_memory is set to 0! Background save may fail under low memory condition. To fix this issue add 'vm.overcommit_memory = 1' to /etc/sysctl.conf and then reboot or run the command 'sysctl vm.overcommit_memory=1' for this to take effect.
12447:M 27 Jul 2021 09:59:26.253 * Loading RDB produced by version 6.2.3
12447:M 27 Jul 2021 09:59:26.253 * RDB age 5854117 seconds
12447:M 27 Jul 2021 09:59:26.253 * RDB memory usage when created 0.77 Mb
12447:M 27 Jul 2021 09:59:26.253 * DB loaded from disk: 0.000 seconds
12447:M 27 Jul 2021 09:59:26.253 * Ready to accept connections
12558:C 27 Jul 2021 09:59:50.365 # oO0OoO0OoO0Oo Redis is starting oO0OoO0OoO0Oo
12558:C 27 Jul 2021 09:59:50.365 # Redis version=6.2.3, bits=64, commit=00000000, modified=0, pid=12558, just started
12558:C 27 Jul 2021 09:59:50.365 # Configuration loaded
12558:M 27 Jul 2021 09:59:50.365 * monotonic clock: POSIX clock_gettime
12558:M 27 Jul 2021 09:59:50.366 * Running mode=standalone, port=6379.
12558:M 27 Jul 2021 09:59:50.366 # WARNING: The TCP backlog setting of 511 cannot be enforced because /proc/sys/net/core/somaxconn is set to the lower value of 128.
12558:M 27 Jul 2021 09:59:50.366 # Server initialized
12558:M 27 Jul 2021 09:59:50.366 # WARNING overcommit_memory is set to 0! Background save may fail under low memory condition. To fix this issue add 'vm.overcommit_memory = 1' to /etc/sysctl.conf and then reboot or run the command 'sysctl vm.overcommit_memory=1' for this to take effect.
12558:M 27 Jul 2021 09:59:50.366 * Loading RDB produced by version 6.2.3
12558:M 27 Jul 2021 09:59:50.366 * RDB age 5854141 seconds
12558:M 27 Jul 2021 09:59:50.366 * RDB memory usage when created 0.77 Mb
12558:M 27 Jul 2021 09:59:50.366 * DB loaded from disk: 0.000 seconds
12558:M 27 Jul 2021 09:59:50.366 * Ready to accept connections
12718:C 27 Jul 2021 10:03:57.051 # oO0OoO0OoO0Oo Redis is starting oO0OoO0OoO0Oo
12718:C 27 Jul 2021 10:03:57.051 # Redis version=6.2.3, bits=64, commit=00000000, modified=0, pid=12718, just started
12718:C 27 Jul 2021 10:03:57.051 # Configuration loaded
12718:M 27 Jul 2021 10:03:57.052 * monotonic clock: POSIX clock_gettime
12718:M 27 Jul 2021 10:03:57.052 * Running mode=standalone, port=6379.
12718:M 27 Jul 2021 10:03:57.052 # WARNING: The TCP backlog setting of 511 cannot be enforced because /proc/sys/net/core/somaxconn is set to the lower value of 128.
12718:M 27 Jul 2021 10:03:57.052 # Server initialized
12718:M 27 Jul 2021 10:03:57.052 # WARNING overcommit_memory is set to 0! Background save may fail under low memory condition. To fix this issue add 'vm.overcommit_memory = 1' to /etc/sysctl.conf and then reboot or run the command 'sysctl vm.overcommit_memory=1' for this to take effect.
12718:M 27 Jul 2021 10:03:57.053 * Loading RDB produced by version 6.2.3
12718:M 27 Jul 2021 10:03:57.053 * RDB age 5854388 seconds
12718:M 27 Jul 2021 10:03:57.053 * RDB memory usage when created 0.77 Mb
12718:M 27 Jul 2021 10:03:57.053 * DB loaded from disk: 0.000 seconds
12718:M 27 Jul 2021 10:03:57.053 * Ready to accept connections
12829:C 27 Jul 2021 10:04:04.599 # oO0OoO0OoO0Oo Redis is starting oO0OoO0OoO0Oo
12829:C 27 Jul 2021 10:04:04.599 # Redis version=6.2.3, bits=64, commit=00000000, modified=0, pid=12829, just started
12829:C 27 Jul 2021 10:04:04.599 # Configuration loaded
12829:M 27 Jul 2021 10:04:04.600 * monotonic clock: POSIX clock_gettime
12829:M 27 Jul 2021 10:04:04.601 * Running mode=standalone, port=6379.
12829:M 27 Jul 2021 10:04:04.601 # WARNING: The TCP backlog setting of 511 cannot be enforced because /proc/sys/net/core/somaxconn is set to the lower value of 128.
12829:M 27 Jul 2021 10:04:04.601 # Server initialized
12829:M 27 Jul 2021 10:04:04.601 # WARNING overcommit_memory is set to 0! Background save may fail under low memory condition. To fix this issue add 'vm.overcommit_memory = 1' to /etc/sysctl.conf and then reboot or run the command 'sysctl vm.overcommit_memory=1' for this to take effect.
12829:M 27 Jul 2021 10:04:04.601 * Loading RDB produced by version 6.2.3
12829:M 27 Jul 2021 10:04:04.601 * RDB age 5854395 seconds
12829:M 27 Jul 2021 10:04:04.601 * RDB memory usage when created 0.77 Mb
12829:M 27 Jul 2021 10:04:04.601 * DB loaded from disk: 0.000 seconds
12829:M 27 Jul 2021 10:04:04.601 * Ready to accept connections
12941:C 27 Jul 2021 10:04:22.783 # oO0OoO0OoO0Oo Redis is starting oO0OoO0OoO0Oo
12941:C 27 Jul 2021 10:04:22.783 # Redis version=6.2.3, bits=64, commit=00000000, modified=0, pid=12941, just started
12941:C 27 Jul 2021 10:04:22.783 # Configuration loaded
12941:M 27 Jul 2021 10:04:22.784 * monotonic clock: POSIX clock_gettime
12941:M 27 Jul 2021 10:04:22.785 * Running mode=standalone, port=6379.
12941:M 27 Jul 2021 10:04:22.785 # WARNING: The TCP backlog setting of 511 cannot be enforced because /proc/sys/net/core/somaxconn is set to the lower value of 128.
12941:M 27 Jul 2021 10:04:22.785 # Server initialized
12941:M 27 Jul 2021 10:04:22.785 # WARNING overcommit_memory is set to 0! Background save may fail under low memory condition. To fix this issue add 'vm.overcommit_memory = 1' to /etc/sysctl.conf and then reboot or run the command 'sysctl vm.overcommit_memory=1' for this to take effect.
12941:M 27 Jul 2021 10:04:22.785 * Loading RDB produced by version 6.2.3
12941:M 27 Jul 2021 10:04:22.785 * RDB age 5854413 seconds
12941:M 27 Jul 2021 10:04:22.785 * RDB memory usage when created 0.77 Mb
12941:M 27 Jul 2021 10:04:22.785 * DB loaded from disk: 0.000 seconds
12941:M 27 Jul 2021 10:04:22.785 * Ready to accept connections
13073:C 27 Jul 2021 10:06:18.789 # oO0OoO0OoO0Oo Redis is starting oO0OoO0OoO0Oo
13073:C 27 Jul 2021 10:06:18.789 # Redis version=6.2.3, bits=64, commit=00000000, modified=0, pid=13073, just started
13073:C 27 Jul 2021 10:06:18.790 # Configuration loaded
13073:M 27 Jul 2021 10:06:18.790 * monotonic clock: POSIX clock_gettime
13073:M 27 Jul 2021 10:06:18.791 * Running mode=standalone, port=6379.
13073:M 27 Jul 2021 10:06:18.791 # WARNING: The TCP backlog setting of 511 cannot be enforced because /proc/sys/net/core/somaxconn is set to the lower value of 128.
13073:M 27 Jul 2021 10:06:18.791 # Server initialized
13073:M 27 Jul 2021 10:06:18.791 # WARNING overcommit_memory is set to 0! Background save may fail under low memory condition. To fix this issue add 'vm.overcommit_memory = 1' to /etc/sysctl.conf and then reboot or run the command 'sysctl vm.overcommit_memory=1' for this to take effect.
13073:M 27 Jul 2021 10:06:18.791 * Loading RDB produced by version 6.2.3
13073:M 27 Jul 2021 10:06:18.791 * RDB age 5854529 seconds
13073:M 27 Jul 2021 10:06:18.791 * RDB memory usage when created 0.77 Mb
13073:M 27 Jul 2021 10:06:18.791 * DB loaded from disk: 0.000 seconds
13073:M 27 Jul 2021 10:06:18.791 * Ready to accept connections
13197:C 27 Jul 2021 10:09:35.695 # oO0OoO0OoO0Oo Redis is starting oO0OoO0OoO0Oo
13197:C 27 Jul 2021 10:09:35.695 # Redis version=6.2.3, bits=64, commit=00000000, modified=0, pid=13197, just started
13197:C 27 Jul 2021 10:09:35.695 # Configuration loaded
13197:M 27 Jul 2021 10:09:35.695 * monotonic clock: POSIX clock_gettime
13197:M 27 Jul 2021 10:09:35.696 * Running mode=standalone, port=6379.
13197:M 27 Jul 2021 10:09:35.696 # WARNING: The TCP backlog setting of 511 cannot be enforced because /proc/sys/net/core/somaxconn is set to the lower value of 128.
13197:M 27 Jul 2021 10:09:35.696 # Server initialized
13197:M 27 Jul 2021 10:09:35.696 # WARNING overcommit_memory is set to 0! Background save may fail under low memory condition. To fix this issue add 'vm.overcommit_memory = 1' to /etc/sysctl.conf and then reboot or run the command 'sysctl vm.overcommit_memory=1' for this to take effect.
13197:M 27 Jul 2021 10:09:35.697 * Loading RDB produced by version 6.2.3
13197:M 27 Jul 2021 10:09:35.697 * RDB age 5854726 seconds
13197:M 27 Jul 2021 10:09:35.697 * RDB memory usage when created 0.77 Mb
13197:M 27 Jul 2021 10:09:35.697 * DB loaded from disk: 0.000 seconds
13197:M 27 Jul 2021 10:09:35.697 * Ready to accept connections
13393:C 27 Jul 2021 10:19:35.322 # oO0OoO0OoO0Oo Redis is starting oO0OoO0OoO0Oo
13393:C 27 Jul 2021 10:19:35.322 # Redis version=6.2.3, bits=64, commit=00000000, modified=0, pid=13393, just started
13393:C 27 Jul 2021 10:19:35.322 # Configuration loaded
13393:M 27 Jul 2021 10:19:35.323 * monotonic clock: POSIX clock_gettime
13393:M 27 Jul 2021 10:19:35.323 * Running mode=standalone, port=6379.
13393:M 27 Jul 2021 10:19:35.323 # WARNING: The TCP backlog setting of 511 cannot be enforced because /proc/sys/net/core/somaxconn is set to the lower value of 128.
13393:M 27 Jul 2021 10:19:35.323 # Server initialized
13393:M 27 Jul 2021 10:19:35.323 # WARNING overcommit_memory is set to 0! Background save may fail under low memory condition. To fix this issue add 'vm.overcommit_memory = 1' to /etc/sysctl.conf and then reboot or run the command 'sysctl vm.overcommit_memory=1' for this to take effect.
13393:M 27 Jul 2021 10:19:35.324 * Loading RDB produced by version 6.2.3
13393:M 27 Jul 2021 10:19:35.324 * RDB age 5855326 seconds
13393:M 27 Jul 2021 10:19:35.324 * RDB memory usage when created 0.77 Mb
13393:M 27 Jul 2021 10:19:35.324 * DB loaded from disk: 0.000 seconds
13393:M 27 Jul 2021 10:19:35.324 * Ready to accept connections
13538:C 27 Jul 2021 10:31:23.294 # oO0OoO0OoO0Oo Redis is starting oO0OoO0OoO0Oo
13538:C 27 Jul 2021 10:31:23.294 # Redis version=6.2.3, bits=64, commit=00000000, modified=0, pid=13538, just started
13538:C 27 Jul 2021 10:31:23.294 # Configuration loaded
13538:M 27 Jul 2021 10:31:23.295 * monotonic clock: POSIX clock_gettime
13538:M 27 Jul 2021 10:31:23.295 * Running mode=standalone, port=6379.
13538:M 27 Jul 2021 10:31:23.295 # WARNING: The TCP backlog setting of 511 cannot be enforced because /proc/sys/net/core/somaxconn is set to the lower value of 128.
13538:M 27 Jul 2021 10:31:23.295 # Server initialized
13538:M 27 Jul 2021 10:31:23.295 # WARNING overcommit_memory is set to 0! Background save may fail under low memory condition. To fix this issue add 'vm.overcommit_memory = 1' to /etc/sysctl.conf and then reboot or run the command 'sysctl vm.overcommit_memory=1' for this to take effect.
13538:M 27 Jul 2021 10:31:23.295 * Loading RDB produced by version 6.2.3
13538:M 27 Jul 2021 10:31:23.295 * RDB age 5856034 seconds
13538:M 27 Jul 2021 10:31:23.296 * RDB memory usage when created 0.77 Mb
13538:M 27 Jul 2021 10:31:23.296 * DB loaded from disk: 0.000 seconds
13538:M 27 Jul 2021 10:31:23.296 * Ready to accept connections
13538:signal-handler (1627353966) Received SIGTERM scheduling shutdown...
13538:M 27 Jul 2021 10:46:06.782 # User requested shutdown...
13538:M 27 Jul 2021 10:46:06.782 * Saving the final RDB snapshot before exiting.
13538:M 27 Jul 2021 10:46:06.784 * DB saved on disk
13538:M 27 Jul 2021 10:46:06.784 * Removing the pid file.
13538:M 27 Jul 2021 10:46:06.784 # Redis is now ready to exit, bye bye...
1826:C 27 Jul 2021 11:05:08.279 # oO0OoO0OoO0Oo Redis is starting oO0OoO0OoO0Oo
1826:C 27 Jul 2021 11:05:08.280 # Redis version=6.2.3, bits=64, commit=00000000, modified=0, pid=1826, just started
1826:C 27 Jul 2021 11:05:08.280 # Configuration loaded
1826:M 27 Jul 2021 11:05:08.281 * monotonic clock: POSIX clock_gettime
1826:M 27 Jul 2021 11:05:08.282 * Running mode=standalone, port=6379.
1826:M 27 Jul 2021 11:05:08.282 # WARNING: The TCP backlog setting of 511 cannot be enforced because /proc/sys/net/core/somaxconn is set to the lower value of 128.
1826:M 27 Jul 2021 11:05:08.282 # Server initialized
1826:M 27 Jul 2021 11:05:08.282 # WARNING overcommit_memory is set to 0! Background save may fail under low memory condition. To fix this issue add 'vm.overcommit_memory = 1' to /etc/sysctl.conf and then reboot or run the command 'sysctl vm.overcommit_memory=1' for this to take effect.
1826:M 27 Jul 2021 11:05:08.283 * Loading RDB produced by version 6.2.3
1826:M 27 Jul 2021 11:05:08.283 * RDB age 1142 seconds
1826:M 27 Jul 2021 11:05:08.283 * RDB memory usage when created 0.77 Mb
1826:M 27 Jul 2021 11:05:08.283 * DB loaded from disk: 0.001 seconds
1826:M 27 Jul 2021 11:05:08.283 * Ready to accept connections
1952:C 27 Jul 2021 11:06:35.408 # oO0OoO0OoO0Oo Redis is starting oO0OoO0OoO0Oo
1952:C 27 Jul 2021 11:06:35.408 # Redis version=6.2.3, bits=64, commit=00000000, modified=0, pid=1952, just started
1952:C 27 Jul 2021 11:06:35.408 # Configuration loaded
1952:M 27 Jul 2021 11:06:35.409 * monotonic clock: POSIX clock_gettime
1952:M 27 Jul 2021 11:06:35.410 * Running mode=standalone, port=6379.
1952:M 27 Jul 2021 11:06:35.410 # WARNING: The TCP backlog setting of 511 cannot be enforced because /proc/sys/net/core/somaxconn is set to the lower value of 128.
1952:M 27 Jul 2021 11:06:35.410 # Server initialized
1952:M 27 Jul 2021 11:06:35.410 # WARNING overcommit_memory is set to 0! Background save may fail under low memory condition. To fix this issue add 'vm.overcommit_memory = 1' to /etc/sysctl.conf and then reboot or run the command 'sysctl vm.overcommit_memory=1' for this to take effect.
1952:M 27 Jul 2021 11:06:35.410 * Loading RDB produced by version 6.2.3
1952:M 27 Jul 2021 11:06:35.410 * RDB age 1229 seconds
1952:M 27 Jul 2021 11:06:35.410 * RDB memory usage when created 0.77 Mb
1952:M 27 Jul 2021 11:06:35.410 * DB loaded from disk: 0.000 seconds
1952:M 27 Jul 2021 11:06:35.410 * Ready to accept connections
2084:C 27 Jul 2021 11:10:21.939 # oO0OoO0OoO0Oo Redis is starting oO0OoO0OoO0Oo
2084:C 27 Jul 2021 11:10:21.939 # Redis version=6.2.3, bits=64, commit=00000000, modified=0, pid=2084, just started
2084:C 27 Jul 2021 11:10:21.939 # Configuration loaded
2084:M 27 Jul 2021 11:10:21.940 * monotonic clock: POSIX clock_gettime
2084:M 27 Jul 2021 11:10:21.940 * Running mode=standalone, port=6379.
2084:M 27 Jul 2021 11:10:21.940 # WARNING: The TCP backlog setting of 511 cannot be enforced because /proc/sys/net/core/somaxconn is set to the lower value of 128.
2084:M 27 Jul 2021 11:10:21.940 # Server initialized
2084:M 27 Jul 2021 11:10:21.940 # WARNING overcommit_memory is set to 0! Background save may fail under low memory condition. To fix this issue add 'vm.overcommit_memory = 1' to /etc/sysctl.conf and then reboot or run the command 'sysctl vm.overcommit_memory=1' for this to take effect.
2084:M 27 Jul 2021 11:10:21.941 * Loading RDB produced by version 6.2.3
2084:M 27 Jul 2021 11:10:21.941 * RDB age 1455 seconds
2084:M 27 Jul 2021 11:10:21.941 * RDB memory usage when created 0.77 Mb
2084:M 27 Jul 2021 11:10:21.941 * DB loaded from disk: 0.000 seconds
2084:M 27 Jul 2021 11:10:21.941 * Ready to accept connections
2084:M 27 Jul 2021 12:10:22.045 * 1 changes in 3600 seconds. Saving...
2084:M 27 Jul 2021 12:10:22.045 * Background saving started by pid 2229
2229:C 27 Jul 2021 12:10:22.047 * DB saved on disk
2229:C 27 Jul 2021 12:10:22.047 * RDB: 0 MB of memory used by copy-on-write
2084:M 27 Jul 2021 12:10:22.145 * Background saving terminated with success
2084:M 27 Jul 2021 13:10:23.099 * 1 changes in 3600 seconds. Saving...
2084:M 27 Jul 2021 13:10:23.099 * Background saving started by pid 2395
2395:C 27 Jul 2021 13:10:23.101 * DB saved on disk
2395:C 27 Jul 2021 13:10:23.102 * RDB: 0 MB of memory used by copy-on-write
2084:M 27 Jul 2021 13:10:23.199 * Background saving terminated with success
2084:M 27 Jul 2021 14:10:24.062 * 1 changes in 3600 seconds. Saving...
2084:M 27 Jul 2021 14:10:24.062 * Background saving started by pid 2469
2469:C 27 Jul 2021 14:10:24.064 * DB saved on disk
2469:C 27 Jul 2021 14:10:24.065 * RDB: 0 MB of memory used by copy-on-write
2084:M 27 Jul 2021 14:10:24.162 * Background saving terminated with success
2084:M 27 Jul 2021 15:10:25.081 * 1 changes in 3600 seconds. Saving...
2084:M 27 Jul 2021 15:10:25.081 * Background saving started by pid 2592
2592:C 27 Jul 2021 15:10:25.084 * DB saved on disk
2592:C 27 Jul 2021 15:10:25.084 * RDB: 0 MB of memory used by copy-on-write
2084:M 27 Jul 2021 15:10:25.181 * Background saving terminated with success
3147:C 27 Jul 2021 18:26:30.059 # oO0OoO0OoO0Oo Redis is starting oO0OoO0OoO0Oo
3147:C 27 Jul 2021 18:26:30.059 # Redis version=6.2.3, bits=64, commit=00000000, modified=0, pid=3147, just started
3147:C 27 Jul 2021 18:26:30.059 # Configuration loaded
3147:M 27 Jul 2021 18:26:30.060 * monotonic clock: POSIX clock_gettime
3147:M 27 Jul 2021 18:26:30.060 * Running mode=standalone, port=6379.
3147:M 27 Jul 2021 18:26:30.060 # WARNING: The TCP backlog setting of 511 cannot be enforced because /proc/sys/net/core/somaxconn is set to the lower value of 128.
3147:M 27 Jul 2021 18:26:30.060 # Server initialized
3147:M 27 Jul 2021 18:26:30.060 # WARNING overcommit_memory is set to 0! Background save may fail under low memory condition. To fix this issue add 'vm.overcommit_memory = 1' to /etc/sysctl.conf and then reboot or run the command 'sysctl vm.overcommit_memory=1' for this to take effect.
3147:M 27 Jul 2021 18:26:30.061 * Loading RDB produced by version 6.2.3
3147:M 27 Jul 2021 18:26:30.061 * RDB age 11765 seconds
3147:M 27 Jul 2021 18:26:30.061 * RDB memory usage when created 0.79 Mb
3147:M 27 Jul 2021 18:26:30.061 * DB loaded from disk: 0.000 seconds
3147:M 27 Jul 2021 18:26:30.061 * Ready to accept connections
3287:C 27 Jul 2021 18:28:50.448 # oO0OoO0OoO0Oo Redis is starting oO0OoO0OoO0Oo
3287:C 27 Jul 2021 18:28:50.448 # Redis version=6.2.3, bits=64, commit=00000000, modified=0, pid=3287, just started
3287:C 27 Jul 2021 18:28:50.448 # Configuration loaded
3287:M 27 Jul 2021 18:28:50.449 * monotonic clock: POSIX clock_gettime
3287:M 27 Jul 2021 18:28:50.449 * Running mode=standalone, port=6379.
3287:M 27 Jul 2021 18:28:50.449 # WARNING: The TCP backlog setting of 511 cannot be enforced because /proc/sys/net/core/somaxconn is set to the lower value of 128.
3287:M 27 Jul 2021 18:28:50.449 # Server initialized
3287:M 27 Jul 2021 18:28:50.449 # WARNING overcommit_memory is set to 0! Background save may fail under low memory condition. To fix this issue add 'vm.overcommit_memory = 1' to /etc/sysctl.conf and then reboot or run the command 'sysctl vm.overcommit_memory=1' for this to take effect.
3287:M 27 Jul 2021 18:28:50.450 * Loading RDB produced by version 6.2.3
3287:M 27 Jul 2021 18:28:50.450 * RDB age 11905 seconds
3287:M 27 Jul 2021 18:28:50.450 * RDB memory usage when created 0.79 Mb
3287:M 27 Jul 2021 18:28:50.450 * DB loaded from disk: 0.000 seconds
3287:M 27 Jul 2021 18:28:50.450 * Ready to accept connections
3419:C 27 Jul 2021 18:33:52.854 # oO0OoO0OoO0Oo Redis is starting oO0OoO0OoO0Oo
3419:C 27 Jul 2021 18:33:52.854 # Redis version=6.2.3, bits=64, commit=00000000, modified=0, pid=3419, just started
3419:C 27 Jul 2021 18:33:52.854 # Configuration loaded
3419:M 27 Jul 2021 18:33:52.855 * monotonic clock: POSIX clock_gettime
3419:M 27 Jul 2021 18:33:52.856 * Running mode=standalone, port=6379.
3419:M 27 Jul 2021 18:33:52.856 # WARNING: The TCP backlog setting of 511 cannot be enforced because /proc/sys/net/core/somaxconn is set to the lower value of 128.
3419:M 27 Jul 2021 18:33:52.856 # Server initialized
3419:M 27 Jul 2021 18:33:52.856 # WARNING overcommit_memory is set to 0! Background save may fail under low memory condition. To fix this issue add 'vm.overcommit_memory = 1' to /etc/sysctl.conf and then reboot or run the command 'sysctl vm.overcommit_memory=1' for this to take effect.
3419:M 27 Jul 2021 18:33:52.856 * Loading RDB produced by version 6.2.3
3419:M 27 Jul 2021 18:33:52.856 * RDB age 12207 seconds
3419:M 27 Jul 2021 18:33:52.856 * RDB memory usage when created 0.79 Mb
3419:M 27 Jul 2021 18:33:52.856 * DB loaded from disk: 0.000 seconds
3419:M 27 Jul 2021 18:33:52.856 * Ready to accept connections
3607:C 27 Jul 2021 18:42:46.749 # oO0OoO0OoO0Oo Redis is starting oO0OoO0OoO0Oo
3607:C 27 Jul 2021 18:42:46.749 # Redis version=6.2.3, bits=64, commit=00000000, modified=0, pid=3607, just started
3607:C 27 Jul 2021 18:42:46.749 # Configuration loaded
3607:M 27 Jul 2021 18:42:46.750 * monotonic clock: POSIX clock_gettime
3607:M 27 Jul 2021 18:42:46.751 * Running mode=standalone, port=6379.
3607:M 27 Jul 2021 18:42:46.751 # WARNING: The TCP backlog setting of 511 cannot be enforced because /proc/sys/net/core/somaxconn is set to the lower value of 128.
3607:M 27 Jul 2021 18:42:46.751 # Server initialized
3607:M 27 Jul 2021 18:42:46.751 # WARNING overcommit_memory is set to 0! Background save may fail under low memory condition. To fix this issue add 'vm.overcommit_memory = 1' to /etc/sysctl.conf and then reboot or run the command 'sysctl vm.overcommit_memory=1' for this to take effect.
3607:M 27 Jul 2021 18:42:46.751 * Loading RDB produced by version 6.2.3
3607:M 27 Jul 2021 18:42:46.751 * RDB age 12741 seconds
3607:M 27 Jul 2021 18:42:46.751 * RDB memory usage when created 0.79 Mb
3607:M 27 Jul 2021 18:42:46.751 * DB loaded from disk: 0.000 seconds
3607:M 27 Jul 2021 18:42:46.751 * Ready to accept connections
3607:M 27 Jul 2021 19:42:47.044 * 1 changes in 3600 seconds. Saving...
3607:M 27 Jul 2021 19:42:47.044 * Background saving started by pid 3752
3752:C 27 Jul 2021 19:42:47.046 * DB saved on disk
3752:C 27 Jul 2021 19:42:47.046 * RDB: 0 MB of memory used by copy-on-write
3607:M 27 Jul 2021 19:42:47.144 * Background saving terminated with success
3607:M 20 Aug 2021 17:10:25.367 * 1 changes in 3600 seconds. Saving...
3607:M 20 Aug 2021 17:10:25.367 * Background saving started by pid 24933
24933:C 20 Aug 2021 17:10:25.369 * DB saved on disk
24933:C 20 Aug 2021 17:10:25.370 * RDB: 0 MB of memory used by copy-on-write
3607:M 20 Aug 2021 17:10:25.467 * Background saving terminated with success
3607:M 23 Aug 2021 20:07:34.694 * 1 changes in 3600 seconds. Saving...
3607:M 23 Aug 2021 20:07:34.694 * Background saving started by pid 31098
31098:C 23 Aug 2021 20:07:34.697 * DB saved on disk
31098:C 23 Aug 2021 20:07:34.697 * RDB: 0 MB of memory used by copy-on-write
3607:M 23 Aug 2021 20:07:34.794 * Background saving terminated with success
3607:M 23 Aug 2021 21:57:14.718 * 1 changes in 3600 seconds. Saving...
3607:M 23 Aug 2021 21:57:14.718 * Background saving started by pid 31246
31246:C 23 Aug 2021 21:57:14.721 * DB saved on disk
31246:C 23 Aug 2021 21:57:14.721 * RDB: 0 MB of memory used by copy-on-write
3607:M 23 Aug 2021 21:57:14.819 * Background saving terminated with success
3607:M 24 Aug 2021 16:59:45.856 * 1 changes in 3600 seconds. Saving...
3607:M 24 Aug 2021 16:59:45.856 * Background saving started by pid 1132
1132:C 24 Aug 2021 16:59:45.859 * DB saved on disk
1132:C 24 Aug 2021 16:59:45.859 * RDB: 0 MB of memory used by copy-on-write
3607:M 24 Aug 2021 16:59:45.957 * Background saving terminated with success
3607:M 24 Aug 2021 17:59:46.079 * 1 changes in 3600 seconds. Saving...
3607:M 24 Aug 2021 17:59:46.080 * Background saving started by pid 1377
1377:C 24 Aug 2021 17:59:46.082 * DB saved on disk
1377:C 24 Aug 2021 17:59:46.082 * RDB: 0 MB of memory used by copy-on-write
3607:M 24 Aug 2021 17:59:46.180 * Background saving terminated with success
3607:M 24 Aug 2021 19:08:00.920 * 1 changes in 3600 seconds. Saving...
3607:M 24 Aug 2021 19:08:00.921 * Background saving started by pid 1622
1622:C 24 Aug 2021 19:08:00.923 * DB saved on disk
1622:C 24 Aug 2021 19:08:00.923 * RDB: 0 MB of memory used by copy-on-write
3607:M 24 Aug 2021 19:08:01.021 * Background saving terminated with success
3607:M 25 Aug 2021 07:13:39.181 * 1 changes in 3600 seconds. Saving...
3607:M 25 Aug 2021 07:13:39.182 * Background saving started by pid 4440
4440:C 25 Aug 2021 07:13:39.188 * DB saved on disk
4440:C 25 Aug 2021 07:13:39.188 * RDB: 0 MB of memory used by copy-on-write
3607:M 25 Aug 2021 07:13:39.282 * Background saving terminated with success
3607:M 25 Aug 2021 09:11:08.703 * 1 changes in 3600 seconds. Saving...
3607:M 25 Aug 2021 09:11:08.703 * Background saving started by pid 5064
5064:C 25 Aug 2021 09:11:08.710 * DB saved on disk
5064:C 25 Aug 2021 09:11:08.710 * RDB: 0 MB of memory used by copy-on-write
3607:M 25 Aug 2021 09:11:08.804 * Background saving terminated with success
3607:M 25 Aug 2021 10:11:09.099 * 1 changes in 3600 seconds. Saving...
3607:M 25 Aug 2021 10:11:09.100 * Background saving started by pid 5259
5259:C 25 Aug 2021 10:11:09.102 * DB saved on disk
5259:C 25 Aug 2021 10:11:09.102 * RDB: 0 MB of memory used by copy-on-write
3607:M 25 Aug 2021 10:11:09.200 * Background saving terminated with success
3607:M 25 Aug 2021 11:35:42.927 * 1 changes in 3600 seconds. Saving...
3607:M 25 Aug 2021 11:35:42.927 * Background saving started by pid 5469
5469:C 25 Aug 2021 11:35:42.930 * DB saved on disk
5469:C 25 Aug 2021 11:35:42.930 * RDB: 0 MB of memory used by copy-on-write
3607:M 25 Aug 2021 11:35:43.027 * Background saving terminated with success
3607:M 03 Sep 2021 08:11:53.360 * 1 changes in 3600 seconds. Saving...
3607:M 03 Sep 2021 08:11:53.360 * Background saving started by pid 17453
17453:C 03 Sep 2021 08:11:53.363 * DB saved on disk
17453:C 03 Sep 2021 08:11:53.363 * RDB: 0 MB of memory used by copy-on-write
3607:M 03 Sep 2021 08:11:53.461 * Background saving terminated with success
3607:M 03 Sep 2021 09:11:54.099 * 1 changes in 3600 seconds. Saving...
3607:M 03 Sep 2021 09:11:54.100 * Background saving started by pid 17624
17624:C 03 Sep 2021 09:11:54.102 * DB saved on disk
17624:C 03 Sep 2021 09:11:54.102 * RDB: 0 MB of memory used by copy-on-write
3607:M 03 Sep 2021 09:11:54.200 * Background saving terminated with success
19579:C 03 Sep 2021 19:09:01.724 # oO0OoO0OoO0Oo Redis is starting oO0OoO0OoO0Oo
19579:C 03 Sep 2021 19:09:01.724 # Redis version=6.2.3, bits=64, commit=00000000, modified=0, pid=19579, just started
19579:C 03 Sep 2021 19:09:01.724 # Configuration loaded
19579:M 03 Sep 2021 19:09:01.725 * monotonic clock: POSIX clock_gettime
19579:M 03 Sep 2021 19:09:01.726 * Running mode=standalone, port=6379.
19579:M 03 Sep 2021 19:09:01.726 # WARNING: The TCP backlog setting of 511 cannot be enforced because /proc/sys/net/core/somaxconn is set to the lower value of 128.
19579:M 03 Sep 2021 19:09:01.726 # Server initialized
19579:M 03 Sep 2021 19:09:01.726 # WARNING overcommit_memory is set to 0! Background save may fail under low memory condition. To fix this issue add 'vm.overcommit_memory = 1' to /etc/sysctl.conf and then reboot or run the command 'sysctl vm.overcommit_memory=1' for this to take effect.
19579:M 03 Sep 2021 19:09:01.727 * Loading RDB produced by version 6.2.3
19579:M 03 Sep 2021 19:09:01.727 * RDB age 35827 seconds
19579:M 03 Sep 2021 19:09:01.727 * RDB memory usage when created 0.77 Mb
19579:M 03 Sep 2021 19:09:01.727 * DB loaded from disk: 0.000 seconds
19579:M 03 Sep 2021 19:09:01.727 * Ready to accept connections
18552:C 04 Sep 2021 20:10:17.260 # oO0OoO0OoO0Oo Redis is starting oO0OoO0OoO0Oo
18552:C 04 Sep 2021 20:10:17.261 # Redis version=6.2.3, bits=64, commit=00000000, modified=0, pid=18552, just started
18552:C 04 Sep 2021 20:10:17.261 # Configuration loaded
18552:M 04 Sep 2021 20:10:17.262 * monotonic clock: POSIX clock_gettime
18552:M 04 Sep 2021 20:10:17.262 * Running mode=standalone, port=6379.
18552:M 04 Sep 2021 20:10:17.262 # WARNING: The TCP backlog setting of 511 cannot be enforced because /proc/sys/net/core/somaxconn is set to the lower value of 128.
18552:M 04 Sep 2021 20:10:17.262 # Server initialized
18552:M 04 Sep 2021 20:10:17.262 # WARNING overcommit_memory is set to 0! Background save may fail under low memory condition. To fix this issue add 'vm.overcommit_memory = 1' to /etc/sysctl.conf and then reboot or run the command 'sysctl vm.overcommit_memory=1' for this to take effect.
18552:M 04 Sep 2021 20:10:17.262 * Loading RDB produced by version 6.2.3
18552:M 04 Sep 2021 20:10:17.262 * RDB age 125903 seconds
18552:M 04 Sep 2021 20:10:17.262 * RDB memory usage when created 0.77 Mb
18552:M 04 Sep 2021 20:10:17.262 * DB loaded from disk: 0.000 seconds
18552:M 04 Sep 2021 20:10:17.262 * Ready to accept connections
18552:signal-handler (1631701521) Received SIGTERM scheduling shutdown...
18552:M 15 Sep 2021 18:25:21.749 # User requested shutdown...
18552:M 15 Sep 2021 18:25:21.749 * Saving the final RDB snapshot before exiting.
18552:M 15 Sep 2021 18:25:21.752 * DB saved on disk
18552:M 15 Sep 2021 18:25:21.752 * Removing the pid file.
18552:M 15 Sep 2021 18:25:21.752 # Redis is now ready to exit, bye bye...
5903:C 03 Oct 2021 14:09:44.851 # oO0OoO0OoO0Oo Redis is starting oO0OoO0OoO0Oo
5903:C 03 Oct 2021 14:09:44.851 # Redis version=6.2.3, bits=64, commit=00000000, modified=0, pid=5903, just started
5903:C 03 Oct 2021 14:09:44.851 # Configuration loaded
5903:M 03 Oct 2021 14:09:44.851 * monotonic clock: POSIX clock_gettime
5903:M 03 Oct 2021 14:09:44.852 * Running mode=standalone, port=6379.
5903:M 03 Oct 2021 14:09:44.852 # WARNING: The TCP backlog setting of 511 cannot be enforced because /proc/sys/net/core/somaxconn is set to the lower value of 128.
5903:M 03 Oct 2021 14:09:44.852 # Server initialized
5903:M 03 Oct 2021 14:09:44.852 # WARNING overcommit_memory is set to 0! Background save may fail under low memory condition. To fix this issue add 'vm.overcommit_memory = 1' to /etc/sysctl.conf and then reboot or run the command 'sysctl vm.overcommit_memory=1' for this to take effect.
5903:M 03 Oct 2021 14:09:44.852 * Loading RDB produced by version 6.2.3
5903:M 03 Oct 2021 14:09:44.852 * RDB age 1539863 seconds
5903:M 03 Oct 2021 14:09:44.852 * RDB memory usage when created 0.77 Mb
5903:M 03 Oct 2021 14:09:44.853 * DB loaded from disk: 0.000 seconds
5903:M 03 Oct 2021 14:09:44.853 * Ready to accept connections
6029:C 03 Oct 2021 14:10:41.497 # oO0OoO0OoO0Oo Redis is starting oO0OoO0OoO0Oo
6029:C 03 Oct 2021 14:10:41.497 # Redis version=6.2.3, bits=64, commit=00000000, modified=0, pid=6029, just started
6029:C 03 Oct 2021 14:10:41.497 # Configuration loaded
6029:M 03 Oct 2021 14:10:41.498 * monotonic clock: POSIX clock_gettime
6029:M 03 Oct 2021 14:10:41.498 * Running mode=standalone, port=6379.
6029:M 03 Oct 2021 14:10:41.499 # WARNING: The TCP backlog setting of 511 cannot be enforced because /proc/sys/net/core/somaxconn is set to the lower value of 128.
6029:M 03 Oct 2021 14:10:41.499 # Server initialized
6029:M 03 Oct 2021 14:10:41.499 # WARNING overcommit_memory is set to 0! Background save may fail under low memory condition. To fix this issue add 'vm.overcommit_memory = 1' to /etc/sysctl.conf and then reboot or run the command 'sysctl vm.overcommit_memory=1' for this to take effect.
6029:M 03 Oct 2021 14:10:41.499 * Loading RDB produced by version 6.2.3
6029:M 03 Oct 2021 14:10:41.499 * RDB age 1539920 seconds
6029:M 03 Oct 2021 14:10:41.499 * RDB memory usage when created 0.77 Mb
6029:M 03 Oct 2021 14:10:41.499 * DB loaded from disk: 0.000 seconds
6029:M 03 Oct 2021 14:10:41.499 * Ready to accept connections
6168:C 03 Oct 2021 14:12:49.858 # oO0OoO0OoO0Oo Redis is starting oO0OoO0OoO0Oo
6168:C 03 Oct 2021 14:12:49.859 # Redis version=6.2.3, bits=64, commit=00000000, modified=0, pid=6168, just started
6168:C 03 Oct 2021 14:12:49.859 # Configuration loaded
6168:M 03 Oct 2021 14:12:49.860 * monotonic clock: POSIX clock_gettime
6168:M 03 Oct 2021 14:12:49.860 * Running mode=standalone, port=6379.
6168:M 03 Oct 2021 14:12:49.860 # WARNING: The TCP backlog setting of 511 cannot be enforced because /proc/sys/net/core/somaxconn is set to the lower value of 128.
6168:M 03 Oct 2021 14:12:49.860 # Server initialized
6168:M 03 Oct 2021 14:12:49.860 # WARNING overcommit_memory is set to 0! Background save may fail under low memory condition. To fix this issue add 'vm.overcommit_memory = 1' to /etc/sysctl.conf and then reboot or run the command 'sysctl vm.overcommit_memory=1' for this to take effect.
6168:M 03 Oct 2021 14:12:49.860 * Loading RDB produced by version 6.2.3
6168:M 03 Oct 2021 14:12:49.860 * RDB age 1540048 seconds
6168:M 03 Oct 2021 14:12:49.860 * RDB memory usage when created 0.77 Mb
6168:M 03 Oct 2021 14:12:49.860 * DB loaded from disk: 0.000 seconds
6168:M 03 Oct 2021 14:12:49.860 * Ready to accept connections
7138:C 03 Oct 2021 14:34:59.537 # oO0OoO0OoO0Oo Redis is starting oO0OoO0OoO0Oo
7138:C 03 Oct 2021 14:34:59.537 # Redis version=6.2.3, bits=64, commit=00000000, modified=0, pid=7138, just started
7138:C 03 Oct 2021 14:34:59.537 # Configuration loaded
7138:M 03 Oct 2021 14:34:59.537 * monotonic clock: POSIX clock_gettime
7138:M 03 Oct 2021 14:34:59.538 * Running mode=standalone, port=6379.
7138:M 03 Oct 2021 14:34:59.538 # WARNING: The TCP backlog setting of 511 cannot be enforced because /proc/sys/net/core/somaxconn is set to the lower value of 128.
7138:M 03 Oct 2021 14:34:59.538 # Server initialized
7138:M 03 Oct 2021 14:34:59.538 # WARNING overcommit_memory is set to 0! Background save may fail under low memory condition. To fix this issue add 'vm.overcommit_memory = 1' to /etc/sysctl.conf and then reboot or run the command 'sysctl vm.overcommit_memory=1' for this to take effect.
7138:M 03 Oct 2021 14:34:59.538 * Loading RDB produced by version 6.2.3
7138:M 03 Oct 2021 14:34:59.538 * RDB age 1541378 seconds
7138:M 03 Oct 2021 14:34:59.538 * RDB memory usage when created 0.77 Mb
7138:M 03 Oct 2021 14:34:59.538 * DB loaded from disk: 0.000 seconds
7138:M 03 Oct 2021 14:34:59.538 * Ready to accept connections
